<?xml version="1.0" encoding="UTF-8"?>
<coverage generated="1679679796259" clover="3.2.0">
  <project timestamp="1679679796259" name="All files">
    <metrics statements="1225" coveredstatements="925" conditionals="1049" coveredconditionals="663" methods="266" coveredmethods="173" elements="2540" coveredelements="1761" complexity="0" loc="1225" ncloc="1225" packages="3" files="24" classes="24"/>
    <package name="src">
      <metrics statements="615" coveredstatements="536" conditionals="509" coveredconditionals="380" methods="133" coveredmethods="107"/>
      <file name="context.ts" path="/Users/vedmalex/work/new_grainjs/grainjs/monorepo/utilities/pipeline.js/src/context.ts">
        <metrics statements="96" coveredstatements="91" conditionals="69" coveredconditionals="58" methods="24" coveredmethods="23"/>
        <line num="4" count="12" type="stmt"/>
        <line num="7" count="12" type="stmt"/>
        <line num="8" count="12" type="stmt"/>
        <line num="9" count="12" type="stmt"/>
        <line num="16" count="12" type="cond" truecount="2" falsecount="0"/>
        <line num="17" count="12" type="stmt"/>
        <line num="18" count="12" type="stmt"/>
        <line num="19" count="12" type="stmt"/>
        <line num="21" count="12" type="stmt"/>
        <line num="66" count="12" type="stmt"/>
        <line num="67" count="12" type="stmt"/>
        <line num="72" count="12" type="stmt"/>
        <line num="74" count="304" type="cond" truecount="2" falsecount="0"/>
        <line num="75" count="106" type="stmt"/>
        <line num="77" count="198" type="cond" truecount="4" falsecount="0"/>
        <line num="78" count="174" type="stmt"/>
        <line num="80" count="24" type="stmt"/>
        <line num="86" count="198" type="cond" truecount="4" falsecount="0"/>
        <line num="90" count="759" type="cond" truecount="4" falsecount="0"/>
        <line num="101" count="127" type="stmt"/>
        <line num="105" count="199" type="stmt"/>
        <line num="106" count="199" type="stmt"/>
        <line num="107" count="199" type="stmt"/>
        <line num="108" count="199" type="stmt"/>
        <line num="110" count="1052" type="cond" truecount="1" falsecount="0"/>
        <line num="111" count="625" type="cond" truecount="0" falsecount="1"/>
        <line num="112" count="625" type="cond" truecount="0" falsecount="1"/>
        <line num="114" count="625" type="cond" truecount="2" falsecount="0"/>
        <line num="115" count="335" type="cond" truecount="2" falsecount="0"/>
        <line num="116" count="249" type="stmt"/>
        <line num="118" count="86" type="cond" truecount="4" falsecount="0"/>
        <line num="121" count="290" type="cond" truecount="1" falsecount="0"/>
        <line num="122" count="62" type="stmt"/>
        <line num="124" count="228" type="cond" truecount="2" falsecount="0"/>
        <line num="125" count="36" type="stmt"/>
        <line num="126" count="192" type="stmt"/>
        <line num="130" count="342" type="cond" truecount="2" falsecount="0"/>
        <line num="131" count="339" type="stmt"/>
        <line num="132" count="339" type="stmt"/>
        <line num="133" count="3" type="cond" truecount="2" falsecount="0"/>
        <line num="138" count="1" type="stmt"/>
        <line num="140" count="2" type="stmt"/>
        <line num="141" count="2" type="stmt"/>
        <line num="145" count="6" type="cond" truecount="2" falsecount="0"/>
        <line num="146" count="4" type="stmt"/>
        <line num="148" count="2" type="stmt"/>
        <line num="152" count="3" type="cond" truecount="2" falsecount="0"/>
        <line num="153" count="2" type="cond" truecount="1" falsecount="1"/>
        <line num="154" count="0" type="cond" truecount="0" falsecount="2"/>
        <line num="156" count="2" type="stmt"/>
        <line num="159" count="1" type="stmt"/>
        <line num="163" count="9" type="cond" truecount="2" falsecount="0"/>
        <line num="164" count="4" type="stmt"/>
        <line num="166" count="5" type="stmt"/>
        <line num="171" count="199" type="stmt"/>
        <line num="173" count="199" type="stmt"/>
        <line num="183" count="33" type="stmt"/>
        <line num="184" count="33" type="stmt"/>
        <line num="185" count="33" type="stmt"/>
        <line num="189" count="33" type="cond" truecount="1" falsecount="1"/>
        <line num="190" count="33" type="cond" truecount="1" falsecount="0"/>
        <line num="191" count="33" type="stmt"/>
        <line num="193" count="33" type="stmt"/>
        <line num="194" count="0" type="stmt"/>
        <line num="203" count="3" type="stmt"/>
        <line num="204" count="3" type="cond" truecount="2" falsecount="0"/>
        <line num="205" count="2" type="stmt"/>
        <line num="206" count="2" type="cond" truecount="1" falsecount="0"/>
        <line num="207" count="2" type="stmt"/>
        <line num="208" count="2" type="stmt"/>
        <line num="209" count="2" type="stmt"/>
        <line num="210" count="2" type="stmt"/>
        <line num="212" count="2" type="stmt"/>
        <line num="214" count="1" type="stmt"/>
        <line num="219" count="2" type="cond" truecount="1" falsecount="1"/>
        <line num="220" count="2" type="cond" truecount="1" falsecount="0"/>
        <line num="221" count="2" type="stmt"/>
        <line num="223" count="2" type="stmt"/>
        <line num="225" count="0" type="stmt"/>
        <line num="235" count="3" type="stmt"/>
        <line num="238" count="0" type="stmt"/>
        <line num="241" count="33" type="stmt"/>
        <line num="244" count="2" type="stmt"/>
        <line num="253" count="36" type="cond" truecount="4" falsecount="0"/>
        <line num="254" count="2" type="cond" truecount="1" falsecount="1"/>
        <line num="256" count="34" type="stmt"/>
        <line num="260" count="2" type="cond" truecount="3" falsecount="1"/>
        <line num="261" count="0" type="cond" truecount="0" falsecount="2"/>
        <line num="263" count="2" type="stmt"/>
        <line num="274" count="9" type="stmt"/>
        <line num="275" count="9" type="stmt"/>
        <line num="276" count="9" type="cond" truecount="1" falsecount="0"/>
        <line num="278" count="2" type="stmt"/>
        <line num="280" count="9" type="stmt"/>
        <line num="290" count="5" type="stmt"/>
        <line num="297" count="2" type="stmt"/>
      </file>
      <file name="dowhile.ts" path="/Users/vedmalex/work/new_grainjs/grainjs/monorepo/utilities/pipeline.js/src/dowhile.ts">
        <metrics statements="28" coveredstatements="25" conditionals="12" coveredconditionals="9" methods="8" coveredmethods="6"/>
        <line num="1" count="2" type="stmt"/>
        <line num="2" count="2" type="stmt"/>
        <line num="3" count="2" type="stmt"/>
        <line num="6" count="2" type="stmt"/>
        <line num="12" count="10" type="stmt"/>
        <line num="13" count="10" type="cond" truecount="1" falsecount="0"/>
        <line num="14" count="8" type="stmt"/>
        <line num="19" count="0" type="cond" truecount="0" falsecount="2"/>
        <line num="23" count="0" type="stmt"/>
        <line num="26" count="57" type="cond" truecount="2" falsecount="0"/>
        <line num="27" count="53" type="stmt"/>
        <line num="28" count="53" type="cond" truecount="1" falsecount="1"/>
        <line num="29" count="53" type="stmt"/>
        <line num="31" count="0" type="stmt"/>
        <line num="33" count="4" type="stmt"/>
        <line num="37" count="47" type="cond" truecount="2" falsecount="0"/>
        <line num="38" count="30" type="stmt"/>
        <line num="39" count="17" type="stmt"/>
        <line num="43" count="10" type="stmt"/>
        <line num="44" count="10" type="stmt"/>
        <line num="45" count="10" type="stmt"/>
        <line num="46" count="57" type="stmt"/>
        <line num="47" count="57" type="cond" truecount="2" falsecount="0"/>
        <line num="48" count="10" type="stmt"/>
        <line num="50" count="47" type="stmt"/>
        <line num="53" count="10" type="stmt"/>
        <line num="56" count="10" type="stmt"/>
        <line num="58" count="10" type="stmt"/>
      </file>
      <file name="ifelse.ts" path="/Users/vedmalex/work/new_grainjs/grainjs/monorepo/utilities/pipeline.js/src/ifelse.ts">
        <metrics statements="31" coveredstatements="22" conditionals="20" coveredconditionals="11" methods="6" coveredmethods="4"/>
        <line num="1" count="1" type="stmt"/>
        <line num="2" count="1" type="stmt"/>
        <line num="3" count="1" type="stmt"/>
        <line num="4" count="1" type="stmt"/>
        <line num="7" count="1" type="stmt"/>
        <line num="9" count="5" type="stmt"/>
        <line num="10" count="5" type="cond" truecount="1" falsecount="0"/>
        <line num="11" count="4" type="stmt"/>
        <line num="16" count="0" type="cond" truecount="0" falsecount="2"/>
        <line num="20" count="0" type="stmt"/>
        <line num="24" count="5" type="stmt"/>
        <line num="25" count="5" type="cond" truecount="2" falsecount="0"/>
        <line num="26" count="4" type="stmt"/>
        <line num="27" count="4" type="cond" truecount="2" falsecount="0"/>
        <line num="28" count="2" type="cond" truecount="1" falsecount="0"/>
        <line num="29" count="2" type="stmt"/>
        <line num="32" count="2" type="cond" truecount="1" falsecount="0"/>
        <line num="33" count="2" type="stmt"/>
        <line num="37" count="1" type="cond" truecount="1" falsecount="1"/>
        <line num="38" count="0" type="cond" truecount="0" falsecount="2"/>
        <line num="39" count="0" type="cond" truecount="0" falsecount="1"/>
        <line num="40" count="0" type="stmt"/>
        <line num="43" count="0" type="cond" truecount="0" falsecount="1"/>
        <line num="44" count="0" type="stmt"/>
        <line num="48" count="1" type="cond" truecount="1" falsecount="1"/>
        <line num="49" count="0" type="stmt"/>
        <line num="50" count="1" type="cond" truecount="1" falsecount="1"/>
        <line num="51" count="0" type="stmt"/>
        <line num="53" count="1" type="stmt"/>
        <line num="58" count="5" type="stmt"/>
        <line num="60" count="5" type="stmt"/>
      </file>
      <file name="multiwayswitch.ts" path="/Users/vedmalex/work/new_grainjs/grainjs/monorepo/utilities/pipeline.js/src/multiwayswitch.ts">
        <metrics statements="107" coveredstatements="91" conditionals="85" coveredconditionals="60" methods="14" coveredmethods="11"/>
        <line num="1" count="1" type="stmt"/>
        <line num="2" count="1" type="stmt"/>
        <line num="3" count="1" type="stmt"/>
        <line num="4" count="1" type="stmt"/>
        <line num="5" count="1" type="stmt"/>
        <line num="31" count="1" type="stmt"/>
        <line num="32" count="0" type="stmt"/>
        <line num="48" count="1" type="stmt"/>
        <line num="49" count="14" type="cond" truecount="2" falsecount="0"/>
        <line num="50" count="1" type="stmt"/>
        <line num="53" count="3" type="cond" truecount="1" falsecount="1"/>
        <line num="54" count="0" type="stmt"/>
        <line num="55" count="3" type="cond" truecount="1" falsecount="1"/>
        <line num="56" count="3" type="stmt"/>
        <line num="60" count="0" type="cond" truecount="0" falsecount="2"/>
        <line num="61" count="0" type="stmt"/>
        <line num="63" count="0" type="stmt"/>
        <line num="65" count="3" type="stmt"/>
        <line num="69" count="13" type="stmt"/>
        <line num="70" count="13" type="cond" truecount="1" falsecount="1"/>
        <line num="71" count="0" type="stmt"/>
        <line num="72" count="13" type="cond" truecount="3" falsecount="1"/>
        <line num="73" count="13" type="cond" truecount="4" falsecount="4"/>
        <line num="74" count="0" type="stmt"/>
        <line num="76" count="13" type="cond" truecount="0" falsecount="1"/>
        <line num="77" count="0" type="stmt"/>
        <line num="79" count="13" type="cond" truecount="1" falsecount="0"/>
        <line num="80" count="13" type="stmt"/>
        <line num="82" count="13" type="cond" truecount="1" falsecount="0"/>
        <line num="83" count="9" type="stmt"/>
        <line num="85" count="13" type="cond" truecount="1" falsecount="0"/>
        <line num="86" count="9" type="stmt"/>
        <line num="88" count="0" type="cond" truecount="0" falsecount="3"/>
        <line num="89" count="0" type="stmt"/>
        <line num="90" count="0" type="stmt"/>
        <line num="92" count="13" type="cond" truecount="0" falsecount="1"/>
        <line num="93" count="13" type="stmt"/>
        <line num="97" count="1" type="stmt"/>
        <line num="99" count="15" type="stmt"/>
        <line num="100" count="15" type="cond" truecount="1" falsecount="0"/>
        <line num="101" count="14" type="stmt"/>
        <line num="106" count="0" type="cond" truecount="0" falsecount="2"/>
        <line num="110" count="0" type="stmt"/>
        <line num="114" count="8" type="cond" truecount="1" falsecount="1"/>
        <line num="115" count="0" type="stmt"/>
        <line num="117" count="8" type="stmt"/>
        <line num="122" count="21" type="cond" truecount="2" falsecount="0"/>
        <line num="123" count="13" type="stmt"/>
        <line num="125" count="8" type="stmt"/>
        <line num="130" count="6" type="cond" truecount="1" falsecount="1"/>
        <line num="131" count="0" type="stmt"/>
        <line num="133" count="6" type="stmt"/>
        <line num="138" count="24" type="cond" truecount="6" falsecount="0"/>
        <line num="139" count="18" type="stmt"/>
        <line num="141" count="6" type="stmt"/>
        <line num="147" count="15" type="stmt"/>
        <line num="148" count="15" type="stmt"/>
        <line num="151" count="15" type="cond" truecount="7" falsecount="1"/>
        <line num="153" count="28" type="stmt"/>
        <line num="155" count="28" type="cond" truecount="0" falsecount="1"/>
        <line num="156" count="0" type="stmt"/>
        <line num="162" count="28" type="cond" truecount="1" falsecount="0"/>
        <line num="163" count="14" type="stmt"/>
        <line num="169" count="28" type="cond" truecount="1" falsecount="0"/>
        <line num="170" count="28" type="cond" truecount="1" falsecount="0"/>
        <line num="171" count="3" type="stmt"/>
        <line num="173" count="28" type="cond" truecount="3" falsecount="0"/>
        <line num="174" count="2" type="stmt"/>
        <line num="177" count="28" type="cond" truecount="1" falsecount="0"/>
        <line num="178" count="26" type="stmt"/>
        <line num="180" count="28" type="cond" truecount="1" falsecount="0"/>
        <line num="181" count="28" type="stmt"/>
        <line num="184" count="28" type="cond" truecount="1" falsecount="0"/>
        <line num="186" count="1" type="stmt"/>
        <line num="188" count="28" type="cond" truecount="2" falsecount="0"/>
        <line num="189" count="4" type="stmt"/>
        <line num="190" count="4" type="stmt"/>
        <line num="191" count="24" type="cond" truecount="3" falsecount="0"/>
        <line num="192" count="20" type="stmt"/>
        <line num="197" count="15" type="stmt"/>
        <line num="198" count="15" type="stmt"/>
        <line num="199" count="15" type="stmt"/>
        <line num="201" count="15" type="stmt"/>
        <line num="202" count="4" type="cond" truecount="1" falsecount="0"/>
        <line num="203" count="4" type="stmt"/>
        <line num="207" count="15" type="stmt"/>
        <line num="209" count="15" type="stmt"/>
        <line num="210" count="15" type="stmt"/>
        <line num="212" count="15" type="stmt"/>
        <line num="213" count="24" type="stmt"/>
        <line num="214" count="24" type="stmt"/>
        <line num="215" count="24" type="stmt"/>
        <line num="216" count="24" type="stmt"/>
        <line num="217" count="24" type="cond" truecount="2" falsecount="0"/>
        <line num="218" count="3" type="cond" truecount="1" falsecount="0"/>
        <line num="219" count="3" type="stmt"/>
        <line num="221" count="21" type="stmt"/>
        <line num="224" count="24" type="cond" truecount="1" falsecount="0"/>
        <line num="225" count="13" type="cond" truecount="6" falsecount="0"/>
        <line num="231" count="15" type="stmt"/>
        <line num="232" count="24" type="stmt"/>
        <line num="233" count="24" type="stmt"/>
        <line num="235" count="24" type="stmt"/>
        <line num="239" count="15" type="cond" truecount="1" falsecount="0"/>
        <line num="240" count="2" type="stmt"/>
        <line num="244" count="15" type="stmt"/>
        <line num="246" count="15" type="stmt"/>
      </file>
      <file name="parallel.ts" path="/Users/vedmalex/work/new_grainjs/grainjs/monorepo/utilities/pipeline.js/src/parallel.ts">
        <metrics statements="54" coveredstatements="51" conditionals="41" coveredconditionals="32" methods="12" coveredmethods="9"/>
        <line num="1" count="1" type="stmt"/>
        <line num="2" count="1" type="stmt"/>
        <line num="3" count="1" type="stmt"/>
        <line num="4" count="1" type="stmt"/>
        <line num="5" count="1" type="stmt"/>
        <line num="24" count="1" type="stmt"/>
        <line num="26" count="10" type="stmt"/>
        <line num="27" count="10" type="cond" truecount="1" falsecount="0"/>
        <line num="28" count="9" type="stmt"/>
        <line num="33" count="0" type="cond" truecount="0" falsecount="2"/>
        <line num="36" count="0" type="stmt"/>
        <line num="40" count="2" type="cond" truecount="6" falsecount="6"/>
        <line num="44" count="8" type="cond" truecount="2" falsecount="0"/>
        <line num="45" count="7" type="stmt"/>
        <line num="46" count="7" type="stmt"/>
        <line num="47" count="7" type="stmt"/>
        <line num="48" count="7" type="cond" truecount="2" falsecount="0"/>
        <line num="50" count="7" type="stmt"/>
        <line num="52" count="7" type="stmt"/>
        <line num="53" count="27" type="stmt"/>
        <line num="54" count="27" type="cond" truecount="2" falsecount="0"/>
        <line num="55" count="25" type="cond" truecount="3" falsecount="1"/>
        <line num="57" count="2" type="cond" truecount="1" falsecount="0"/>
        <line num="58" count="1" type="stmt"/>
        <line num="59" count="1" type="stmt"/>
        <line num="61" count="2" type="stmt"/>
        <line num="67" count="2" type="cond" truecount="1" falsecount="0"/>
        <line num="70" count="27" type="stmt"/>
        <line num="71" count="27" type="cond" truecount="1" falsecount="0"/>
        <line num="72" count="5" type="cond" truecount="2" falsecount="0"/>
        <line num="73" count="4" type="stmt"/>
        <line num="74" count="4" type="stmt"/>
        <line num="76" count="1" type="stmt"/>
        <line num="82" count="7" type="cond" truecount="2" falsecount="0"/>
        <line num="83" count="2" type="stmt"/>
        <line num="85" count="5" type="stmt"/>
        <line num="86" count="27" type="stmt"/>
        <line num="90" count="7" type="stmt"/>
        <line num="92" count="1" type="stmt"/>
        <line num="95" count="8" type="stmt"/>
        <line num="99" count="7" type="cond" truecount="2" falsecount="0"/>
        <line num="104" count="4" type="cond" truecount="2" falsecount="0"/>
        <line num="105" count="3" type="stmt"/>
        <line num="106" count="3" type="cond" truecount="4" falsecount="0"/>
        <line num="108" count="1" type="stmt"/>
        <line num="110" count="4" type="stmt"/>
        <line num="121" count="1" type="stmt"/>
        <line num="128" count="2" type="stmt"/>
        <line num="129" count="2" type="stmt"/>
        <line num="130" count="2" type="stmt"/>
        <line num="131" count="2" type="stmt"/>
        <line num="132" count="2" type="stmt"/>
        <line num="133" count="2" type="stmt"/>
        <line num="136" count="0" type="stmt"/>
      </file>
      <file name="pipeline.ts" path="/Users/vedmalex/work/new_grainjs/grainjs/monorepo/utilities/pipeline.js/src/pipeline.ts">
        <metrics statements="35" coveredstatements="33" conditionals="30" coveredconditionals="26" methods="7" coveredmethods="5"/>
        <line num="1" count="2" type="stmt"/>
        <line num="2" count="2" type="stmt"/>
        <line num="3" count="2" type="stmt"/>
        <line num="4" count="2" type="stmt"/>
        <line num="5" count="2" type="stmt"/>
        <line num="21" count="2" type="stmt"/>
        <line num="23" count="39" type="stmt"/>
        <line num="24" count="39" type="cond" truecount="2" falsecount="0"/>
        <line num="25" count="24" type="stmt"/>
        <line num="27" count="15" type="stmt"/>
        <line num="32" count="0" type="cond" truecount="0" falsecount="2"/>
        <line num="37" count="30" type="cond" truecount="2" falsecount="0"/>
        <line num="38" count="7" type="stmt"/>
        <line num="40" count="23" type="cond" truecount="3" falsecount="0"/>
        <line num="41" count="22" type="cond" truecount="2" falsecount="0"/>
        <line num="42" count="21" type="stmt"/>
        <line num="44" count="1" type="stmt"/>
        <line num="48" count="30" type="cond" truecount="1" falsecount="0"/>
        <line num="49" count="29" type="stmt"/>
        <line num="50" count="29" type="stmt"/>
        <line num="55" count="0" type="stmt"/>
        <line num="59" count="30" type="stmt"/>
        <line num="60" count="37" type="stmt"/>
        <line num="62" count="37" type="stmt"/>
        <line num="63" count="114" type="stmt"/>
        <line num="64" count="114" type="cond" truecount="4" falsecount="0"/>
        <line num="65" count="77" type="stmt"/>
        <line num="66" count="77" type="cond" truecount="3" falsecount="1"/>
        <line num="67" count="37" type="cond" truecount="3" falsecount="0"/>
        <line num="68" count="37" type="cond" truecount="3" falsecount="1"/>
        <line num="71" count="37" type="stmt"/>
        <line num="74" count="30" type="cond" truecount="2" falsecount="0"/>
        <line num="75" count="29" type="stmt"/>
        <line num="77" count="1" type="stmt"/>
        <line num="80" count="30" type="stmt"/>
      </file>
      <file name="retryonerror.ts" path="/Users/vedmalex/work/new_grainjs/grainjs/monorepo/utilities/pipeline.js/src/retryonerror.ts">
        <metrics statements="40" coveredstatements="35" conditionals="33" coveredconditionals="27" methods="9" coveredmethods="7"/>
        <line num="1" count="1" type="stmt"/>
        <line num="2" count="1" type="stmt"/>
        <line num="3" count="1" type="stmt"/>
        <line num="4" count="1" type="stmt"/>
        <line num="6" count="1" type="stmt"/>
        <line num="8" count="7" type="stmt"/>
        <line num="9" count="7" type="cond" truecount="1" falsecount="0"/>
        <line num="10" count="7" type="stmt"/>
        <line num="15" count="0" type="cond" truecount="0" falsecount="2"/>
        <line num="19" count="0" type="stmt"/>
        <line num="23" count="7" type="cond" truecount="2" falsecount="0"/>
        <line num="24" count="1" type="stmt"/>
        <line num="26" count="6" type="cond" truecount="1" falsecount="1"/>
        <line num="27" count="6" type="stmt"/>
        <line num="29" count="0" type="stmt"/>
        <line num="35" count="8" type="cond" truecount="2" falsecount="0"/>
        <line num="36" count="4" type="stmt"/>
        <line num="38" count="4" type="cond" truecount="4" falsecount="1"/>
        <line num="39" count="4" type="stmt"/>
        <line num="40" count="0" type="stmt"/>
        <line num="42" count="4" type="stmt"/>
        <line num="44" count="0" type="stmt"/>
        <line num="50" count="7" type="stmt"/>
        <line num="53" count="7" type="stmt"/>
        <line num="55" count="7" type="stmt"/>
        <line num="56" count="15" type="cond" truecount="2" falsecount="0"/>
        <line num="57" count="10" type="cond" truecount="2" falsecount="0"/>
        <line num="58" count="1" type="stmt"/>
        <line num="61" count="9" type="stmt"/>
        <line num="64" count="5" type="stmt"/>
        <line num="67" count="7" type="stmt"/>
        <line num="69" count="7" type="stmt"/>
        <line num="70" count="15" type="stmt"/>
        <line num="71" count="15" type="cond" truecount="2" falsecount="0"/>
        <line num="72" count="7" type="cond" truecount="3" falsecount="1"/>
        <line num="76" count="8" type="cond" truecount="3" falsecount="1"/>
        <line num="77" count="8" type="cond" truecount="4" falsecount="0"/>
        <line num="80" count="7" type="stmt"/>
        <line num="83" count="7" type="stmt"/>
        <line num="85" count="7" type="stmt"/>
      </file>
      <file name="sequential.ts" path="/Users/vedmalex/work/new_grainjs/grainjs/monorepo/utilities/pipeline.js/src/sequential.ts">
        <metrics statements="38" coveredstatements="34" conditionals="36" coveredconditionals="18" methods="9" coveredmethods="6"/>
        <line num="1" count="1" type="stmt"/>
        <line num="2" count="1" type="stmt"/>
        <line num="3" count="1" type="stmt"/>
        <line num="4" count="1" type="stmt"/>
        <line num="23" count="1" type="stmt"/>
        <line num="25" count="6" type="stmt"/>
        <line num="26" count="6" type="cond" truecount="1" falsecount="0"/>
        <line num="27" count="5" type="stmt"/>
        <line num="32" count="0" type="cond" truecount="0" falsecount="2"/>
        <line num="35" count="0" type="stmt"/>
        <line num="39" count="0" type="cond" truecount="0" falsecount="12"/>
        <line num="43" count="6" type="cond" truecount="2" falsecount="0"/>
        <line num="44" count="5" type="stmt"/>
        <line num="45" count="5" type="stmt"/>
        <line num="46" count="5" type="cond" truecount="1" falsecount="1"/>
        <line num="47" count="5" type="cond" truecount="1" falsecount="1"/>
        <line num="49" count="5" type="stmt"/>
        <line num="50" count="16" type="cond" truecount="0" falsecount="1"/>
        <line num="51" count="0" type="stmt"/>
        <line num="54" count="16" type="cond" truecount="1" falsecount="0"/>
        <line num="55" count="12" type="stmt"/>
        <line num="58" count="16" type="stmt"/>
        <line num="59" count="16" type="cond" truecount="2" falsecount="0"/>
        <line num="60" count="4" type="stmt"/>
        <line num="61" count="4" type="stmt"/>
        <line num="63" count="12" type="stmt"/>
        <line num="67" count="5" type="cond" truecount="2" falsecount="0"/>
        <line num="68" count="1" type="stmt"/>
        <line num="70" count="4" type="stmt"/>
        <line num="74" count="5" type="stmt"/>
        <line num="76" count="1" type="stmt"/>
        <line num="79" count="6" type="stmt"/>
        <line num="82" count="5" type="cond" truecount="2" falsecount="0"/>
        <line num="87" count="4" type="cond" truecount="2" falsecount="0"/>
        <line num="88" count="2" type="stmt"/>
        <line num="89" count="2" type="cond" truecount="3" falsecount="1"/>
        <line num="91" count="2" type="stmt"/>
        <line num="93" count="4" type="stmt"/>
      </file>
      <file name="stage.ts" path="/Users/vedmalex/work/new_grainjs/grainjs/monorepo/utilities/pipeline.js/src/stage.ts">
        <metrics statements="132" coveredstatements="107" conditionals="147" coveredconditionals="112" methods="29" coveredmethods="25"/>
        <line num="1" count="11" type="stmt"/>
        <line num="2" count="11" type="stmt"/>
        <line num="16" count="11" type="stmt"/>
        <line num="17" count="11" type="stmt"/>
        <line num="18" count="11" type="stmt"/>
        <line num="19" count="11" type="stmt"/>
        <line num="20" count="11" type="stmt"/>
        <line num="21" count="11" type="stmt"/>
        <line num="22" count="11" type="stmt"/>
        <line num="23" count="11" type="stmt"/>
        <line num="25" count="11" type="stmt"/>
        <line num="27" count="11" type="stmt"/>
        <line num="28" count="616" type="cond" truecount="3" falsecount="0"/>
        <line num="31" count="11" type="stmt"/>
        <line num="33" count="1489" type="stmt"/>
        <line num="43" count="200" type="stmt"/>
        <line num="44" count="200" type="cond" truecount="2" falsecount="0"/>
        <line num="45" count="72" type="stmt"/>
        <line num="46" count="71" type="cond" truecount="1" falsecount="1"/>
        <line num="47" count="0" type="stmt"/>
        <line num="49" count="71" type="stmt"/>
        <line num="52" count="128" type="stmt"/>
        <line num="57" count="7" type="cond" truecount="2" falsecount="0"/>
        <line num="61" count="7" type="cond" truecount="3" falsecount="1"/>
        <line num="73" count="234" type="cond" truecount="1" falsecount="1"/>
        <line num="74" count="0" type="stmt"/>
        <line num="76" count="234" type="cond" truecount="2" falsecount="0"/>
        <line num="77" count="109" type="cond" truecount="1" falsecount="1"/>
        <line num="79" count="109" type="stmt"/>
        <line num="80" count="109" type="stmt"/>
        <line num="81" count="109" type="stmt"/>
        <line num="84" count="0" type="stmt"/>
        <line num="85" count="0" type="stmt"/>
        <line num="89" count="125" type="stmt"/>
        <line num="90" count="125" type="stmt"/>
        <line num="91" count="125" type="stmt"/>
        <line num="94" count="234" type="cond" truecount="2" falsecount="0"/>
        <line num="95" count="144" type="stmt"/>
        <line num="96" count="90" type="cond" truecount="4" falsecount="1"/>
        <line num="98" count="10" type="cond" truecount="0" falsecount="1"/>
        <line num="99" count="0" type="stmt"/>
        <line num="100" count="0" type="stmt"/>
        <line num="104" count="234" type="cond" truecount="3" falsecount="1"/>
        <line num="106" count="234" type="stmt"/>
        <line num="107" count="234" type="stmt"/>
        <line num="108" count="234" type="cond" truecount="1" falsecount="0"/>
        <line num="109" count="105" type="stmt"/>
        <line num="111" count="234" type="cond" truecount="1" falsecount="1"/>
        <line num="112" count="0" type="stmt"/>
        <line num="113" count="0" type="stmt"/>
        <line num="114" count="0" type="cond" truecount="0" falsecount="2"/>
        <line num="116" count="0" type="cond" truecount="0" falsecount="2"/>
        <line num="117" count="0" type="stmt"/>
        <line num="119" count="0" type="cond" truecount="0" falsecount="2"/>
        <line num="120" count="0" type="stmt"/>
        <line num="122" count="0" type="stmt"/>
        <line num="129" count="234" type="stmt"/>
        <line num="130" count="235" type="cond" truecount="2" falsecount="0"/>
        <line num="131" count="106" type="cond" truecount="3" falsecount="1"/>
        <line num="133" count="129" type="cond" truecount="2" falsecount="0"/>
        <line num="134" count="127" type="cond" truecount="3" falsecount="1"/>
        <line num="136" count="2" type="cond" truecount="3" falsecount="1"/>
        <line num="140" count="234" type="stmt"/>
        <line num="141" count="233" type="cond" truecount="3" falsecount="1"/>
        <line num="142" count="233" type="stmt"/>
        <line num="143" count="233" type="stmt"/>
        <line num="144" count="233" type="cond" truecount="2" falsecount="0"/>
        <line num="145" count="39" type="stmt"/>
        <line num="147" count="194" type="stmt"/>
        <line num="151" count="233" type="cond" truecount="4" falsecount="1"/>
        <line num="152" count="0" type="stmt"/>
        <line num="154" count="233" type="cond" truecount="2" falsecount="0"/>
        <line num="155" count="2" type="stmt"/>
        <line num="156" count="2" type="stmt"/>
        <line num="158" count="231" type="cond" truecount="2" falsecount="0"/>
        <line num="159" count="7" type="stmt"/>
        <line num="160" count="7" type="stmt"/>
        <line num="163" count="224" type="cond" truecount="3" falsecount="1"/>
        <line num="178" count="9" type="cond" truecount="4" falsecount="0"/>
        <line num="179" count="4" type="cond" truecount="4" falsecount="0"/>
        <line num="180" count="2" type="cond" truecount="3" falsecount="1"/>
        <line num="182" count="0" type="stmt"/>
        <line num="186" count="2" type="cond" truecount="3" falsecount="1"/>
        <line num="189" count="5" type="cond" truecount="3" falsecount="1"/>
        <line num="194" count="131" type="stmt"/>
        <line num="195" count="131" type="cond" truecount="3" falsecount="1"/>
        <line num="196" count="131" type="stmt"/>
        <line num="197" count="131" type="cond" truecount="2" falsecount="0"/>
        <line num="198" count="125" type="cond" truecount="1" falsecount="1"/>
        <line num="199" count="125" type="stmt"/>
        <line num="200" count="125" type="cond" truecount="2" falsecount="0"/>
        <line num="201" count="14" type="cond" truecount="3" falsecount="1"/>
        <line num="203" count="111" type="cond" truecount="3" falsecount="1"/>
        <line num="208" count="0" type="stmt"/>
        <line num="211" count="6" type="stmt"/>
        <line num="212" count="6" type="cond" truecount="1" falsecount="0"/>
        <line num="213" count="6" type="stmt"/>
        <line num="224" count="146" type="cond" truecount="1" falsecount="0"/>
        <line num="225" count="1" type="stmt"/>
        <line num="227" count="146" type="cond" truecount="1" falsecount="1"/>
        <line num="228" count="0" type="stmt"/>
        <line num="229" count="146" type="cond" truecount="4" falsecount="0"/>
        <line num="230" count="54" type="stmt"/>
        <line num="232" count="92" type="cond" truecount="1" falsecount="1"/>
        <line num="233" count="92" type="stmt"/>
        <line num="235" count="0" type="stmt"/>
        <line num="238" count="146" type="stmt"/>
        <line num="250" count="61" type="cond" truecount="1" falsecount="1"/>
        <line num="251" count="61" type="cond" truecount="2" falsecount="0"/>
        <line num="252" count="2" type="stmt"/>
        <line num="254" count="59" type="stmt"/>
        <line num="257" count="0" type="stmt"/>
        <line num="260" count="61" type="cond" truecount="4" falsecount="0"/>
        <line num="261" count="13" type="stmt"/>
        <line num="263" count="15" type="cond" truecount="2" falsecount="0"/>
        <line num="264" count="6" type="stmt"/>
        <line num="266" count="9" type="stmt"/>
        <line num="272" count="48" type="cond" truecount="1" falsecount="1"/>
        <line num="273" count="48" type="stmt"/>
        <line num="275" count="0" type="stmt"/>
        <line num="281" count="0" type="stmt"/>
        <line num="285" count="7" type="stmt"/>
        <line num="286" count="7" type="cond" truecount="2" falsecount="0"/>
        <line num="287" count="2" type="stmt"/>
        <line num="289" count="5" type="cond" truecount="1" falsecount="1"/>
        <line num="290" count="5" type="cond" truecount="1" falsecount="1"/>
        <line num="291" count="5" type="stmt"/>
        <line num="292" count="0" type="cond" truecount="0" falsecount="1"/>
        <line num="293" count="0" type="stmt"/>
        <line num="296" count="0" type="stmt"/>
        <line num="302" count="2" type="stmt"/>
        <line num="303" count="2" type="cond" truecount="3" falsecount="1"/>
      </file>
      <file name="timeout.ts" path="/Users/vedmalex/work/new_grainjs/grainjs/monorepo/utilities/pipeline.js/src/timeout.ts">
        <metrics statements="29" coveredstatements="27" conditionals="13" coveredconditionals="11" methods="7" coveredmethods="5"/>
        <line num="1" count="1" type="stmt"/>
        <line num="2" count="1" type="stmt"/>
        <line num="3" count="1" type="stmt"/>
        <line num="6" count="1" type="stmt"/>
        <line num="8" count="8" type="stmt"/>
        <line num="9" count="8" type="cond" truecount="1" falsecount="0"/>
        <line num="10" count="6" type="stmt"/>
        <line num="15" count="0" type="cond" truecount="0" falsecount="2"/>
        <line num="19" count="0" type="stmt"/>
        <line num="23" count="6" type="stmt"/>
        <line num="25" count="6" type="stmt"/>
        <line num="26" count="3" type="cond" truecount="1" falsecount="0"/>
        <line num="27" count="3" type="stmt"/>
        <line num="28" count="3" type="stmt"/>
        <line num="29" count="3" type="stmt"/>
        <line num="34" count="6" type="cond" truecount="2" falsecount="0"/>
        <line num="35" count="1" type="stmt"/>
        <line num="37" count="5" type="stmt"/>
        <line num="39" count="6" type="cond" truecount="2" falsecount="0"/>
        <line num="40" count="3" type="stmt"/>
        <line num="41" count="3" type="cond" truecount="1" falsecount="0"/>
        <line num="42" count="3" type="cond" truecount="1" falsecount="0"/>
        <line num="43" count="1" type="stmt"/>
        <line num="50" count="3" type="cond" truecount="1" falsecount="0"/>
        <line num="51" count="3" type="stmt"/>
        <line num="54" count="3" type="cond" truecount="1" falsecount="0"/>
        <line num="55" count="3" type="stmt"/>
        <line num="60" count="6" type="stmt"/>
        <line num="62" count="6" type="stmt"/>
      </file>
      <file name="wrap.ts" path="/Users/vedmalex/work/new_grainjs/grainjs/monorepo/utilities/pipeline.js/src/wrap.ts">
        <metrics statements="25" coveredstatements="20" conditionals="23" coveredconditionals="16" methods="8" coveredmethods="6"/>
        <line num="1" count="3" type="stmt"/>
        <line num="2" count="3" type="stmt"/>
        <line num="3" count="3" type="stmt"/>
        <line num="5" count="3" type="stmt"/>
        <line num="7" count="5" type="stmt"/>
        <line num="8" count="5" type="cond" truecount="1" falsecount="0"/>
        <line num="9" count="5" type="stmt"/>
        <line num="14" count="0" type="cond" truecount="0" falsecount="2"/>
        <line num="18" count="0" type="stmt"/>
        <line num="22" count="5" type="stmt"/>
        <line num="23" count="5" type="stmt"/>
        <line num="24" count="5" type="cond" truecount="1" falsecount="0"/>
        <line num="25" count="5" type="stmt"/>
        <line num="26" count="5" type="cond" truecount="1" falsecount="1"/>
        <line num="27" count="5" type="cond" truecount="3" falsecount="1"/>
        <line num="28" count="5" type="cond" truecount="4" falsecount="0"/>
        <line num="30" count="0" type="stmt"/>
        <line num="36" count="5" type="stmt"/>
        <line num="38" count="5" type="stmt"/>
        <line num="41" count="5" type="cond" truecount="1" falsecount="1"/>
        <line num="42" count="5" type="cond" truecount="3" falsecount="1"/>
        <line num="44" count="0" type="stmt"/>
        <line num="49" count="5" type="cond" truecount="1" falsecount="1"/>
        <line num="50" count="5" type="stmt"/>
        <line num="53" count="0" type="stmt"/>
      </file>
    </package>
    <package name="src.utils">
      <metrics statements="302" coveredstatements="143" conditionals="179" coveredconditionals="71" methods="72" coveredmethods="16"/>
      <file name="ErrorList.ts" path="/Users/vedmalex/work/new_grainjs/grainjs/monorepo/utilities/pipeline.js/src/utils/ErrorList.ts">
        <metrics statements="29" coveredstatements="28" conditionals="22" coveredconditionals="21" methods="5" coveredmethods="5"/>
        <line num="3" count="11" type="stmt"/>
        <line num="4" count="101" type="cond" truecount="1" falsecount="0"/>
        <line num="5" count="14" type="stmt"/>
        <line num="7" count="87" type="cond" truecount="3" falsecount="0"/>
        <line num="8" count="87" type="cond" truecount="2" falsecount="0"/>
        <line num="9" count="16" type="stmt"/>
        <line num="10" count="16" type="stmt"/>
        <line num="11" count="24" type="stmt"/>
        <line num="13" count="18" type="stmt"/>
        <line num="14" count="18" type="cond" truecount="1" falsecount="0"/>
        <line num="15" count="18" type="cond" truecount="1" falsecount="1"/>
        <line num="16" count="18" type="stmt"/>
        <line num="18" count="0" type="stmt"/>
        <line num="22" count="16" type="cond" truecount="1" falsecount="0"/>
        <line num="23" count="2" type="stmt"/>
        <line num="25" count="14" type="cond" truecount="1" falsecount="0"/>
        <line num="26" count="14" type="stmt"/>
        <line num="28" count="71" type="cond" truecount="1" falsecount="0"/>
        <line num="29" count="71" type="cond" truecount="2" falsecount="0"/>
        <line num="30" count="41" type="stmt"/>
        <line num="32" count="30" type="stmt"/>
        <line num="39" count="11" type="stmt"/>
        <line num="40" count="98" type="cond" truecount="2" falsecount="0"/>
        <line num="48" count="41" type="stmt"/>
        <line num="50" count="57" type="stmt"/>
        <line num="53" count="11" type="stmt"/>
        <line num="58" count="73" type="stmt"/>
        <line num="59" count="73" type="stmt"/>
        <line num="60" count="73" type="stmt"/>
      </file>
      <file name="can_fix_error.ts" path="/Users/vedmalex/work/new_grainjs/grainjs/monorepo/utilities/pipeline.js/src/utils/can_fix_error.ts">
        <metrics statements="3" coveredstatements="3" conditionals="3" coveredconditionals="3" methods="1" coveredmethods="1"/>
        <line num="1" count="11" type="stmt"/>
        <line num="3" count="11" type="stmt"/>
        <line num="4" count="4" type="cond" truecount="3" falsecount="0"/>
      </file>
      <file name="empty_run.ts" path="/Users/vedmalex/work/new_grainjs/grainjs/monorepo/utilities/pipeline.js/src/utils/empty_run.ts">
        <metrics statements="2" coveredstatements="2" conditionals="0" coveredconditionals="0" methods="1" coveredmethods="1"/>
        <line num="3" count="11" type="stmt"/>
        <line num="4" count="3" type="stmt"/>
      </file>
      <file name="errors.ts" path="/Users/vedmalex/work/new_grainjs/grainjs/monorepo/utilities/pipeline.js/src/utils/errors.ts">
        <metrics statements="1" coveredstatements="1" conditionals="0" coveredconditionals="0" methods="0" coveredmethods="0"/>
        <line num="1" count="11" type="stmt"/>
      </file>
      <file name="execute_callback.ts" path="/Users/vedmalex/work/new_grainjs/grainjs/monorepo/utilities/pipeline.js/src/utils/execute_callback.ts">
        <metrics statements="60" coveredstatements="29" conditionals="51" coveredconditionals="11" methods="15" coveredmethods="1"/>
        <line num="1" count="11" type="stmt"/>
        <line num="2" count="11" type="stmt"/>
        <line num="3" count="11" type="stmt"/>
        <line num="4" count="11" type="stmt"/>
        <line num="5" count="11" type="stmt"/>
        <line num="19" count="11" type="stmt"/>
        <line num="20" count="218" type="stmt"/>
        <line num="21" count="218" type="cond" truecount="1" falsecount="0"/>
        <line num="22" count="218" type="cond" truecount="3" falsecount="2"/>
        <line num="25" count="0" type="cond" truecount="0" falsecount="2"/>
        <line num="26" count="0" type="stmt"/>
        <line num="27" count="0" type="stmt"/>
        <line num="28" count="0" type="cond" truecount="0" falsecount="4"/>
        <line num="30" count="0" type="stmt"/>
        <line num="32" count="0" type="cond" truecount="0" falsecount="1"/>
        <line num="33" count="0" type="stmt"/>
        <line num="34" count="0" type="stmt"/>
        <line num="35" count="0" type="cond" truecount="0" falsecount="2"/>
        <line num="36" count="0" type="cond" truecount="0" falsecount="4"/>
        <line num="37" count="0" type="cond" truecount="0" falsecount="2"/>
        <line num="38" count="0" type="cond" truecount="0" falsecount="4"/>
        <line num="40" count="0" type="cond" truecount="0" falsecount="4"/>
        <line num="43" count="0" type="stmt"/>
        <line num="46" count="0" type="stmt"/>
        <line num="48" count="69" type="cond" truecount="1" falsecount="1"/>
        <line num="49" count="0" type="stmt"/>
        <line num="50" count="0" type="stmt"/>
        <line num="51" count="0" type="stmt"/>
        <line num="52" count="0" type="stmt"/>
        <line num="54" count="0" type="stmt"/>
        <line num="56" count="69" type="cond" truecount="1" falsecount="1"/>
        <line num="57" count="69" type="stmt"/>
        <line num="58" count="69" type="stmt"/>
        <line num="59" count="56" type="cond" truecount="1" falsecount="1"/>
        <line num="60" count="0" type="cond" truecount="0" falsecount="4"/>
        <line num="61" count="56" type="cond" truecount="1" falsecount="1"/>
        <line num="62" count="0" type="cond" truecount="0" falsecount="4"/>
        <line num="64" count="56" type="stmt"/>
        <line num="67" count="14" type="stmt"/>
        <line num="70" count="0" type="stmt"/>
        <line num="72" count="62" type="stmt"/>
        <line num="74" count="46" type="cond" truecount="1" falsecount="1"/>
        <line num="75" count="0" type="stmt"/>
        <line num="76" count="0" type="stmt"/>
        <line num="77" count="0" type="stmt"/>
        <line num="78" count="0" type="stmt"/>
        <line num="80" count="0" type="stmt"/>
        <line num="82" count="46" type="cond" truecount="1" falsecount="1"/>
        <line num="83" count="46" type="stmt"/>
        <line num="85" count="46" type="stmt"/>
        <line num="87" count="2" type="stmt"/>
        <line num="90" count="0" type="stmt"/>
        <line num="92" count="45" type="stmt"/>
        <line num="94" count="103" type="cond" truecount="1" falsecount="1"/>
        <line num="95" count="103" type="stmt"/>
        <line num="96" count="103" type="stmt"/>
        <line num="98" count="5" type="stmt"/>
        <line num="101" count="0" type="stmt"/>
        <line num="103" count="101" type="stmt"/>
        <line num="105" count="0" type="stmt"/>
      </file>
      <file name="execute_custom_run.ts" path="/Users/vedmalex/work/new_grainjs/grainjs/monorepo/utilities/pipeline.js/src/utils/execute_custom_run.ts">
        <metrics statements="61" coveredstatements="6" conditionals="26" coveredconditionals="0" methods="16" coveredmethods="0"/>
        <line num="1" count="11" type="stmt"/>
        <line num="2" count="11" type="stmt"/>
        <line num="3" count="11" type="stmt"/>
        <line num="4" count="11" type="stmt"/>
        <line num="5" count="11" type="stmt"/>
        <line num="20" count="11" type="stmt"/>
        <line num="21" count="0" type="stmt"/>
        <line num="22" count="0" type="stmt"/>
        <line num="23" count="0" type="cond" truecount="0" falsecount="5"/>
        <line num="26" count="0" type="cond" truecount="0" falsecount="2"/>
        <line num="27" count="0" type="stmt"/>
        <line num="28" count="0" type="stmt"/>
        <line num="30" count="0" type="stmt"/>
        <line num="31" count="0" type="stmt"/>
        <line num="33" count="0" type="stmt"/>
        <line num="35" count="0" type="cond" truecount="0" falsecount="1"/>
        <line num="36" count="0" type="stmt"/>
        <line num="37" count="0" type="stmt"/>
        <line num="38" count="0" type="cond" truecount="0" falsecount="2"/>
        <line num="39" count="0" type="stmt"/>
        <line num="40" count="0" type="cond" truecount="0" falsecount="2"/>
        <line num="41" count="0" type="stmt"/>
        <line num="43" count="0" type="stmt"/>
        <line num="46" count="0" type="stmt"/>
        <line num="49" count="0" type="stmt"/>
        <line num="51" count="0" type="cond" truecount="0" falsecount="2"/>
        <line num="52" count="0" type="stmt"/>
        <line num="53" count="0" type="stmt"/>
        <line num="55" count="0" type="stmt"/>
        <line num="56" count="0" type="stmt"/>
        <line num="58" count="0" type="stmt"/>
        <line num="60" count="0" type="cond" truecount="0" falsecount="2"/>
        <line num="61" count="0" type="stmt"/>
        <line num="62" count="0" type="stmt"/>
        <line num="63" count="0" type="cond" truecount="0" falsecount="2"/>
        <line num="64" count="0" type="stmt"/>
        <line num="65" count="0" type="cond" truecount="0" falsecount="2"/>
        <line num="66" count="0" type="stmt"/>
        <line num="68" count="0" type="stmt"/>
        <line num="71" count="0" type="stmt"/>
        <line num="74" count="0" type="stmt"/>
        <line num="76" count="0" type="stmt"/>
        <line num="78" count="0" type="cond" truecount="0" falsecount="2"/>
        <line num="79" count="0" type="stmt"/>
        <line num="80" count="0" type="stmt"/>
        <line num="82" count="0" type="stmt"/>
        <line num="83" count="0" type="stmt"/>
        <line num="85" count="0" type="stmt"/>
        <line num="87" count="0" type="cond" truecount="0" falsecount="2"/>
        <line num="88" count="0" type="stmt"/>
        <line num="90" count="0" type="stmt"/>
        <line num="92" count="0" type="stmt"/>
        <line num="95" count="0" type="stmt"/>
        <line num="97" count="0" type="stmt"/>
        <line num="99" count="0" type="cond" truecount="0" falsecount="2"/>
        <line num="100" count="0" type="stmt"/>
        <line num="102" count="0" type="stmt"/>
        <line num="104" count="0" type="stmt"/>
        <line num="107" count="0" type="stmt"/>
        <line num="109" count="0" type="stmt"/>
        <line num="111" count="0" type="stmt"/>
      </file>
      <file name="execute_ensure.ts" path="/Users/vedmalex/work/new_grainjs/grainjs/monorepo/utilities/pipeline.js/src/utils/execute_ensure.ts">
        <metrics statements="31" coveredstatements="8" conditionals="13" coveredconditionals="2" methods="8" coveredmethods="1"/>
        <line num="1" count="11" type="stmt"/>
        <line num="2" count="11" type="stmt"/>
        <line num="3" count="11" type="stmt"/>
        <line num="4" count="11" type="stmt"/>
        <line num="13" count="11" type="stmt"/>
        <line num="14" count="2" type="cond" truecount="1" falsecount="2"/>
        <line num="16" count="0" type="cond" truecount="0" falsecount="2"/>
        <line num="17" count="0" type="stmt"/>
        <line num="18" count="0" type="stmt"/>
        <line num="19" count="0" type="stmt"/>
        <line num="20" count="0" type="stmt"/>
        <line num="22" count="0" type="stmt"/>
        <line num="24" count="0" type="cond" truecount="0" falsecount="2"/>
        <line num="25" count="0" type="stmt"/>
        <line num="26" count="0" type="stmt"/>
        <line num="27" count="0" type="cond" truecount="0" falsecount="2"/>
        <line num="28" count="0" type="stmt"/>
        <line num="29" count="0" type="cond" truecount="0" falsecount="2"/>
        <line num="30" count="0" type="stmt"/>
        <line num="32" count="0" type="stmt"/>
        <line num="35" count="0" type="stmt"/>
        <line num="38" count="0" type="stmt"/>
        <line num="40" count="0" type="stmt"/>
        <line num="42" count="2" type="cond" truecount="1" falsecount="1"/>
        <line num="43" count="0" type="stmt"/>
        <line num="44" count="0" type="stmt"/>
        <line num="45" count="0" type="stmt"/>
        <line num="48" count="0" type="stmt"/>
        <line num="51" count="2" type="stmt"/>
        <line num="53" count="0" type="stmt"/>
        <line num="55" count="0" type="stmt"/>
      </file>
      <file name="execute_rescue.ts" path="/Users/vedmalex/work/new_grainjs/grainjs/monorepo/utilities/pipeline.js/src/utils/execute_rescue.ts">
        <metrics statements="47" coveredstatements="24" conditionals="22" coveredconditionals="10" methods="13" coveredmethods="1"/>
        <line num="1" count="11" type="stmt"/>
        <line num="2" count="11" type="stmt"/>
        <line num="3" count="11" type="stmt"/>
        <line num="4" count="11" type="stmt"/>
        <line num="14" count="11" type="stmt"/>
        <line num="15" count="13" type="cond" truecount="2" falsecount="2"/>
        <line num="17" count="5" type="cond" truecount="1" falsecount="1"/>
        <line num="18" count="0" type="stmt"/>
        <line num="19" count="0" type="stmt"/>
        <line num="20" count="0" type="stmt"/>
        <line num="21" count="0" type="stmt"/>
        <line num="23" count="0" type="stmt"/>
        <line num="25" count="5" type="cond" truecount="1" falsecount="1"/>
        <line num="26" count="5" type="stmt"/>
        <line num="27" count="5" type="stmt"/>
        <line num="28" count="3" type="cond" truecount="1" falsecount="1"/>
        <line num="29" count="0" type="stmt"/>
        <line num="30" count="3" type="cond" truecount="1" falsecount="1"/>
        <line num="31" count="0" type="stmt"/>
        <line num="33" count="3" type="stmt"/>
        <line num="36" count="2" type="stmt"/>
        <line num="39" count="0" type="stmt"/>
        <line num="41" count="3" type="stmt"/>
        <line num="43" count="8" type="cond" truecount="1" falsecount="1"/>
        <line num="44" count="0" type="stmt"/>
        <line num="45" count="0" type="stmt"/>
        <line num="46" count="0" type="stmt"/>
        <line num="47" count="0" type="stmt"/>
        <line num="49" count="0" type="stmt"/>
        <line num="51" count="8" type="cond" truecount="1" falsecount="1"/>
        <line num="52" count="8" type="stmt"/>
        <line num="53" count="8" type="stmt"/>
        <line num="54" count="6" type="cond" truecount="1" falsecount="1"/>
        <line num="55" count="0" type="stmt"/>
        <line num="56" count="6" type="cond" truecount="1" falsecount="1"/>
        <line num="57" count="0" type="stmt"/>
        <line num="59" count="6" type="stmt"/>
        <line num="62" count="4" type="stmt"/>
        <line num="65" count="0" type="stmt"/>
        <line num="67" count="5" type="stmt"/>
        <line num="69" count="0" type="cond" truecount="0" falsecount="2"/>
        <line num="70" count="0" type="stmt"/>
        <line num="71" count="0" type="stmt"/>
        <line num="73" count="0" type="stmt"/>
        <line num="76" count="0" type="stmt"/>
        <line num="78" count="0" type="stmt"/>
        <line num="80" count="0" type="stmt"/>
      </file>
      <file name="execute_validate.ts" path="/Users/vedmalex/work/new_grainjs/grainjs/monorepo/utilities/pipeline.js/src/utils/execute_validate.ts">
        <metrics statements="40" coveredstatements="19" conditionals="25" coveredconditionals="12" methods="8" coveredmethods="1"/>
        <line num="1" count="11" type="stmt"/>
        <line num="2" count="11" type="stmt"/>
        <line num="3" count="11" type="stmt"/>
        <line num="4" count="11" type="stmt"/>
        <line num="13" count="11" type="stmt"/>
        <line num="14" count="11" type="cond" truecount="1" falsecount="2"/>
        <line num="16" count="11" type="cond" truecount="1" falsecount="1"/>
        <line num="17" count="0" type="stmt"/>
        <line num="18" count="0" type="stmt"/>
        <line num="20" count="0" type="cond" truecount="0" falsecount="2"/>
        <line num="21" count="0" type="stmt"/>
        <line num="23" count="0" type="stmt"/>
        <line num="26" count="0" type="stmt"/>
        <line num="28" count="0" type="stmt"/>
        <line num="30" count="11" type="cond" truecount="1" falsecount="1"/>
        <line num="31" count="11" type="stmt"/>
        <line num="32" count="11" type="stmt"/>
        <line num="33" count="11" type="cond" truecount="1" falsecount="1"/>
        <line num="34" count="0" type="stmt"/>
        <line num="35" count="11" type="cond" truecount="1" falsecount="1"/>
        <line num="36" count="0" type="stmt"/>
        <line num="37" count="11" type="cond" truecount="2" falsecount="0"/>
        <line num="38" count="10" type="cond" truecount="2" falsecount="0"/>
        <line num="39" count="7" type="stmt"/>
        <line num="41" count="3" type="stmt"/>
        <line num="44" count="1" type="cond" truecount="3" falsecount="1"/>
        <line num="45" count="1" type="stmt"/>
        <line num="47" count="0" type="stmt"/>
        <line num="51" count="0" type="stmt"/>
        <line num="54" count="0" type="stmt"/>
        <line num="56" count="11" type="stmt"/>
        <line num="58" count="0" type="cond" truecount="0" falsecount="2"/>
        <line num="59" count="0" type="stmt"/>
        <line num="60" count="0" type="stmt"/>
        <line num="61" count="0" type="cond" truecount="0" falsecount="2"/>
        <line num="62" count="0" type="stmt"/>
        <line num="65" count="0" type="stmt"/>
        <line num="68" count="0" type="stmt"/>
        <line num="70" count="0" type="stmt"/>
        <line num="72" count="0" type="stmt"/>
      </file>
      <file name="process_error.ts" path="/Users/vedmalex/work/new_grainjs/grainjs/monorepo/utilities/pipeline.js/src/utils/process_error.ts">
        <metrics statements="9" coveredstatements="5" conditionals="6" coveredconditionals="2" methods="1" coveredmethods="1"/>
        <line num="1" count="11" type="stmt"/>
        <line num="4" count="11" type="stmt"/>
        <line num="5" count="27" type="cond" truecount="1" falsecount="1"/>
        <line num="6" count="0" type="stmt"/>
        <line num="7" count="27" type="cond" truecount="1" falsecount="1"/>
        <line num="8" count="27" type="stmt"/>
        <line num="9" count="0" type="cond" truecount="0" falsecount="2"/>
        <line num="10" count="0" type="stmt"/>
        <line num="12" count="0" type="stmt"/>
      </file>
      <file name="run_callback_once.ts" path="/Users/vedmalex/work/new_grainjs/grainjs/monorepo/utilities/pipeline.js/src/utils/run_callback_once.ts">
        <metrics statements="11" coveredstatements="10" conditionals="4" coveredconditionals="3" methods="2" coveredmethods="2"/>
        <line num="1" count="11" type="stmt"/>
        <line num="4" count="11" type="stmt"/>
        <line num="5" count="218" type="stmt"/>
        <line num="6" count="218" type="stmt"/>
        <line num="7" count="221" type="cond" truecount="2" falsecount="0"/>
        <line num="8" count="217" type="stmt"/>
        <line num="9" count="217" type="stmt"/>
        <line num="10" count="4" type="cond" truecount="1" falsecount="1"/>
        <line num="11" count="4" type="stmt"/>
        <line num="13" count="0" type="stmt"/>
        <line num="16" count="218" type="stmt"/>
      </file>
      <file name="run_or_execute.ts" path="/Users/vedmalex/work/new_grainjs/grainjs/monorepo/utilities/pipeline.js/src/utils/run_or_execute.ts">
        <metrics statements="8" coveredstatements="8" conditionals="7" coveredconditionals="7" methods="2" coveredmethods="2"/>
        <line num="1" count="9" type="stmt"/>
        <line num="2" count="9" type="stmt"/>
        <line num="5" count="9" type="stmt"/>
        <line num="6" count="218" type="stmt"/>
        <line num="7" count="217" type="cond" truecount="4" falsecount="0"/>
        <line num="9" count="218" type="cond" truecount="2" falsecount="0"/>
        <line num="10" count="125" type="stmt"/>
        <line num="12" count="93" type="cond" truecount="1" falsecount="0"/>
      </file>
    </package>
    <package name="src.utils.types">
      <metrics statements="308" coveredstatements="246" conditionals="361" coveredconditionals="212" methods="61" coveredmethods="50"/>
      <file name="types.ts" path="/Users/vedmalex/work/new_grainjs/grainjs/monorepo/utilities/pipeline.js/src/utils/types/types.ts">
        <metrics statements="308" coveredstatements="246" conditionals="361" coveredconditionals="212" methods="61" coveredmethods="50"/>
        <line num="2" count="11" type="stmt"/>
        <line num="3" count="11" type="stmt"/>
        <line num="5" count="11" type="stmt"/>
        <line num="7" count="11" type="stmt"/>
        <line num="8" count="11" type="stmt"/>
        <line num="9" count="11" type="stmt"/>
        <line num="10" count="11" type="stmt"/>
        <line num="20" count="11" type="stmt"/>
        <line num="21" count="0" type="cond" truecount="0" falsecount="4"/>
        <line num="22" count="0" type="stmt"/>
        <line num="23" count="0" type="stmt"/>
        <line num="26" count="11" type="stmt"/>
        <line num="27" count="0" type="cond" truecount="0" falsecount="4"/>
        <line num="28" count="0" type="stmt"/>
        <line num="29" count="0" type="stmt"/>
        <line num="32" count="11" type="stmt"/>
        <line num="33" count="3465" type="cond" truecount="8" falsecount="2"/>
        <line num="34" count="1235" type="stmt"/>
        <line num="37" count="11" type="stmt"/>
        <line num="38" count="0" type="cond" truecount="0" falsecount="6"/>
        <line num="64" count="11" type="stmt"/>
        <line num="65" count="79" type="stmt"/>
        <line num="68" count="11" type="stmt"/>
        <line num="69" count="0" type="cond" truecount="0" falsecount="6"/>
        <line num="72" count="11" type="stmt"/>
        <line num="73" count="76" type="cond" truecount="5" falsecount="1"/>
        <line num="76" count="11" type="stmt"/>
        <line num="77" count="73" type="cond" truecount="1" falsecount="5"/>
        <line num="80" count="11" type="stmt"/>
        <line num="81" count="4" type="cond" truecount="5" falsecount="1"/>
        <line num="84" count="11" type="stmt"/>
        <line num="85" count="0" type="cond" truecount="0" falsecount="6"/>
        <line num="88" count="11" type="stmt"/>
        <line num="89" count="73" type="cond" truecount="1" falsecount="5"/>
        <line num="92" count="11" type="stmt"/>
        <line num="93" count="4" type="cond" truecount="1" falsecount="5"/>
        <line num="96" count="11" type="stmt"/>
        <line num="97" count="2" type="cond" truecount="1" falsecount="5"/>
        <line num="105" count="11" type="stmt"/>
        <line num="106" count="76" type="cond" truecount="2" falsecount="0"/>
        <line num="113" count="11" type="stmt"/>
        <line num="114" count="0" type="cond" truecount="0" falsecount="2"/>
        <line num="127" count="11" type="stmt"/>
        <line num="128" count="76" type="cond" truecount="3" falsecount="0"/>
        <line num="148" count="11" type="stmt"/>
        <line num="149" count="220" type="cond" truecount="3" falsecount="0"/>
        <line num="151" count="11" type="stmt"/>
        <line num="152" count="247" type="cond" truecount="1" falsecount="2"/>
        <line num="154" count="11" type="stmt"/>
        <line num="155" count="247" type="cond" truecount="1" falsecount="2"/>
        <line num="157" count="11" type="stmt"/>
        <line num="158" count="247" type="cond" truecount="3" falsecount="0"/>
        <line num="160" count="11" type="stmt"/>
        <line num="161" count="214" type="cond" truecount="3" falsecount="0"/>
        <line num="163" count="11" type="stmt"/>
        <line num="164" count="220" type="cond" truecount="1" falsecount="2"/>
        <line num="166" count="11" type="stmt"/>
        <line num="167" count="204" type="cond" truecount="3" falsecount="0"/>
        <line num="170" count="11" type="stmt"/>
        <line num="171" count="247" type="stmt"/>
        <line num="197" count="11" type="stmt"/>
        <line num="198" count="82" type="cond" truecount="2" falsecount="0"/>
        <line num="201" count="11" type="stmt"/>
        <line num="202" count="82" type="cond" truecount="1" falsecount="2"/>
        <line num="205" count="11" type="stmt"/>
        <line num="206" count="81" type="cond" truecount="1" falsecount="2"/>
        <line num="209" count="11" type="stmt"/>
        <line num="210" count="73" type="cond" truecount="2" falsecount="0"/>
        <line num="213" count="11" type="stmt"/>
        <line num="214" count="81" type="cond" truecount="2" falsecount="0"/>
        <line num="217" count="11" type="stmt"/>
        <line num="218" count="77" type="stmt"/>
        <line num="234" count="11" type="stmt"/>
        <line num="235" count="11" type="cond" truecount="2" falsecount="0"/>
        <line num="238" count="11" type="stmt"/>
        <line num="239" count="11" type="cond" truecount="1" falsecount="2"/>
        <line num="242" count="11" type="stmt"/>
        <line num="243" count="0" type="cond" truecount="0" falsecount="2"/>
        <line num="246" count="11" type="stmt"/>
        <line num="247" count="0" type="cond" truecount="0" falsecount="3"/>
        <line num="267" count="11" type="stmt"/>
        <line num="268" count="149" type="cond" truecount="3" falsecount="0"/>
        <line num="270" count="11" type="stmt"/>
        <line num="271" count="218" type="cond" truecount="1" falsecount="2"/>
        <line num="273" count="11" type="stmt"/>
        <line num="274" count="287" type="cond" truecount="1" falsecount="2"/>
        <line num="276" count="11" type="stmt"/>
        <line num="277" count="287" type="cond" truecount="3" falsecount="0"/>
        <line num="279" count="11" type="stmt"/>
        <line num="280" count="195" type="cond" truecount="3" falsecount="0"/>
        <line num="282" count="11" type="stmt"/>
        <line num="283" count="195" type="cond" truecount="1" falsecount="2"/>
        <line num="285" count="11" type="stmt"/>
        <line num="286" count="206" type="cond" truecount="3" falsecount="0"/>
        <line num="289" count="11" type="stmt"/>
        <line num="290" count="218" type="stmt"/>
        <line num="314" count="11" type="stmt"/>
        <line num="315" count="76" type="cond" truecount="2" falsecount="0"/>
        <line num="318" count="11" type="stmt"/>
        <line num="319" count="76" type="cond" truecount="1" falsecount="2"/>
        <line num="322" count="11" type="stmt"/>
        <line num="323" count="78" type="cond" truecount="2" falsecount="0"/>
        <line num="326" count="11" type="stmt"/>
        <line num="327" count="76" type="cond" truecount="3" falsecount="0"/>
        <line num="351" count="11" type="stmt"/>
        <line num="352" count="102" type="cond" truecount="5" falsecount="1"/>
        <line num="359" count="11" type="stmt"/>
        <line num="360" count="0" type="cond" truecount="0" falsecount="4"/>
        <line num="363" count="11" type="stmt"/>
        <line num="364" count="129" type="stmt"/>
        <line num="365" count="129" type="cond" truecount="2" falsecount="0"/>
        <line num="366" count="3" type="stmt"/>
        <line num="367" count="126" type="cond" truecount="2" falsecount="0"/>
        <line num="368" count="3" type="stmt"/>
        <line num="369" count="123" type="cond" truecount="2" falsecount="0"/>
        <line num="370" count="46" type="stmt"/>
        <line num="371" count="46" type="stmt"/>
        <line num="373" count="77" type="cond" truecount="1" falsecount="0"/>
        <line num="374" count="1" type="stmt"/>
        <line num="376" count="77" type="cond" truecount="1" falsecount="0"/>
        <line num="377" count="13" type="stmt"/>
        <line num="379" count="77" type="cond" truecount="1" falsecount="0"/>
        <line num="380" count="31" type="stmt"/>
        <line num="382" count="77" type="cond" truecount="3" falsecount="0"/>
        <line num="383" count="1" type="stmt"/>
        <line num="385" count="76" type="cond" truecount="2" falsecount="1"/>
        <line num="386" count="0" type="stmt"/>
        <line num="388" count="76" type="cond" truecount="2" falsecount="1"/>
        <line num="389" count="0" type="stmt"/>
        <line num="391" count="76" type="cond" truecount="1" falsecount="0"/>
        <line num="392" count="3" type="stmt"/>
        <line num="394" count="76" type="cond" truecount="0" falsecount="1"/>
        <line num="395" count="0" type="stmt"/>
        <line num="397" count="76" type="cond" truecount="0" falsecount="1"/>
        <line num="398" count="0" type="stmt"/>
        <line num="400" count="76" type="cond" truecount="1" falsecount="0"/>
        <line num="401" count="1" type="stmt"/>
        <line num="403" count="76" type="cond" truecount="1" falsecount="0"/>
        <line num="404" count="2" type="stmt"/>
        <line num="405" count="2" type="stmt"/>
        <line num="406" count="2" type="stmt"/>
        <line num="407" count="2" type="stmt"/>
        <line num="408" count="2" type="stmt"/>
        <line num="409" count="2" type="stmt"/>
        <line num="410" count="2" type="stmt"/>
        <line num="411" count="0" type="cond" truecount="0" falsecount="4"/>
        <line num="412" count="0" type="stmt"/>
        <line num="413" count="0" type="stmt"/>
        <line num="416" count="76" type="cond" truecount="1" falsecount="0"/>
        <line num="417" count="75" type="stmt"/>
        <line num="420" count="125" type="stmt"/>
        <line num="423" count="11" type="stmt"/>
        <line num="424" count="121" type="stmt"/>
        <line num="425" count="121" type="cond" truecount="4" falsecount="0"/>
        <line num="426" count="75" type="stmt"/>
        <line num="427" count="75" type="cond" truecount="4" falsecount="0"/>
        <line num="428" count="8" type="stmt"/>
        <line num="430" count="67" type="stmt"/>
        <line num="433" count="46" type="cond" truecount="3" falsecount="1"/>
        <line num="435" count="121" type="stmt"/>
        <line num="440" count="11" type="stmt"/>
        <line num="441" count="24" type="cond" truecount="2" falsecount="0"/>
        <line num="442" count="16" type="stmt"/>
        <line num="444" count="32" type="cond" truecount="1" falsecount="1"/>
        <line num="445" count="32" type="stmt"/>
        <line num="446" count="0" type="cond" truecount="0" falsecount="2"/>
        <line num="447" count="0" type="stmt"/>
        <line num="449" count="0" type="stmt"/>
        <line num="454" count="8" type="stmt"/>
        <line num="455" count="8" type="cond" truecount="1" falsecount="1"/>
        <line num="456" count="0" type="stmt"/>
        <line num="457" count="8" type="cond" truecount="4" falsecount="0"/>
        <line num="458" count="7" type="cond" truecount="1" falsecount="6"/>
        <line num="459" count="0" type="stmt"/>
        <line num="461" count="7" type="cond" truecount="0" falsecount="1"/>
        <line num="462" count="0" type="stmt"/>
        <line num="464" count="7" type="cond" truecount="1" falsecount="0"/>
        <line num="465" count="6" type="stmt"/>
        <line num="467" count="1" type="cond" truecount="1" falsecount="2"/>
        <line num="468" count="0" type="stmt"/>
        <line num="469" count="0" type="stmt"/>
        <line num="471" count="8" type="cond" truecount="1" falsecount="0"/>
        <line num="472" count="8" type="stmt"/>
        <line num="476" count="11" type="stmt"/>
        <line num="477" count="14" type="stmt"/>
        <line num="478" count="14" type="cond" truecount="4" falsecount="0"/>
        <line num="479" count="2" type="stmt"/>
        <line num="480" count="12" type="cond" truecount="3" falsecount="1"/>
        <line num="481" count="12" type="stmt"/>
        <line num="482" count="12" type="cond" truecount="1" falsecount="2"/>
        <line num="483" count="0" type="stmt"/>
        <line num="485" count="12" type="cond" truecount="1" falsecount="0"/>
        <line num="486" count="9" type="stmt"/>
        <line num="488" count="12" type="cond" truecount="1" falsecount="0"/>
        <line num="489" count="8" type="stmt"/>
        <line num="491" count="12" type="cond" truecount="1" falsecount="0"/>
        <line num="492" count="12" type="stmt"/>
        <line num="494" count="12" type="cond" truecount="0" falsecount="1"/>
        <line num="495" count="0" type="stmt"/>
        <line num="497" count="0" type="cond" truecount="0" falsecount="3"/>
        <line num="498" count="0" type="stmt"/>
        <line num="499" count="0" type="stmt"/>
        <line num="501" count="12" type="stmt"/>
        <line num="504" count="11" type="stmt"/>
        <line num="505" count="0" type="stmt"/>
        <line num="507" count="0" type="cond" truecount="0" falsecount="2"/>
        <line num="508" count="0" type="stmt"/>
        <line num="510" count="0" type="stmt"/>
        <line num="513" count="0" type="stmt"/>
        <line num="522" count="11" type="stmt"/>
        <line num="523" count="5" type="stmt"/>
        <line num="524" count="5" type="cond" truecount="1" falsecount="1"/>
        <line num="525" count="0" type="stmt"/>
        <line num="526" count="5" type="cond" truecount="3" falsecount="0"/>
        <line num="527" count="5" type="cond" truecount="1" falsecount="2"/>
        <line num="528" count="0" type="stmt"/>
        <line num="530" count="5" type="cond" truecount="0" falsecount="1"/>
        <line num="531" count="0" type="stmt"/>
        <line num="533" count="5" type="cond" truecount="1" falsecount="0"/>
        <line num="534" count="5" type="stmt"/>
        <line num="536" count="5" type="cond" truecount="1" falsecount="0"/>
        <line num="537" count="5" type="stmt"/>
        <line num="539" count="5" type="cond" truecount="1" falsecount="0"/>
        <line num="540" count="5" type="stmt"/>
        <line num="542" count="5" type="stmt"/>
        <line num="544" count="5" type="stmt"/>
        <line num="553" count="11" type="stmt"/>
        <line num="554" count="6" type="stmt"/>
        <line num="555" count="6" type="cond" truecount="2" falsecount="0"/>
        <line num="556" count="1" type="stmt"/>
        <line num="557" count="5" type="cond" truecount="4" falsecount="0"/>
        <line num="558" count="4" type="cond" truecount="1" falsecount="2"/>
        <line num="559" count="0" type="stmt"/>
        <line num="561" count="4" type="cond" truecount="0" falsecount="1"/>
        <line num="562" count="0" type="stmt"/>
        <line num="564" count="4" type="cond" truecount="1" falsecount="0"/>
        <line num="565" count="4" type="stmt"/>
        <line num="567" count="4" type="stmt"/>
        <line num="568" count="4" type="stmt"/>
        <line num="569" count="1" type="cond" truecount="3" falsecount="0"/>
        <line num="570" count="1" type="stmt"/>
        <line num="571" count="1" type="stmt"/>
        <line num="573" count="5" type="stmt"/>
        <line num="582" count="11" type="stmt"/>
        <line num="583" count="4" type="stmt"/>
        <line num="584" count="4" type="cond" truecount="1" falsecount="1"/>
        <line num="585" count="0" type="stmt"/>
        <line num="586" count="4" type="cond" truecount="3" falsecount="1"/>
        <line num="587" count="4" type="cond" truecount="1" falsecount="2"/>
        <line num="588" count="0" type="stmt"/>
        <line num="590" count="4" type="cond" truecount="0" falsecount="1"/>
        <line num="591" count="0" type="stmt"/>
        <line num="593" count="4" type="cond" truecount="1" falsecount="0"/>
        <line num="594" count="4" type="stmt"/>
        <line num="596" count="4" type="cond" truecount="1" falsecount="1"/>
        <line num="597" count="4" type="stmt"/>
        <line num="599" count="0" type="stmt"/>
        <line num="601" count="4" type="cond" truecount="1" falsecount="1"/>
        <line num="602" count="4" type="stmt"/>
        <line num="604" count="0" type="stmt"/>
        <line num="606" count="0" type="cond" truecount="0" falsecount="4"/>
        <line num="607" count="0" type="stmt"/>
        <line num="608" count="0" type="stmt"/>
        <line num="609" count="0" type="stmt"/>
        <line num="610" count="0" type="stmt"/>
        <line num="612" count="0" type="stmt"/>
        <line num="614" count="4" type="stmt"/>
        <line num="627" count="11" type="stmt"/>
        <line num="628" count="616" type="stmt"/>
        <line num="637" count="11" type="stmt"/>
        <line num="638" count="8" type="stmt"/>
        <line num="639" count="8" type="cond" truecount="2" falsecount="0"/>
        <line num="640" count="1" type="stmt"/>
        <line num="641" count="7" type="cond" truecount="1" falsecount="1"/>
        <line num="642" count="0" type="stmt"/>
        <line num="644" count="7" type="cond" truecount="4" falsecount="7"/>
        <line num="645" count="0" type="stmt"/>
        <line num="648" count="7" type="cond" truecount="4" falsecount="1"/>
        <line num="649" count="7" type="stmt"/>
        <line num="652" count="7" type="cond" truecount="4" falsecount="1"/>
        <line num="653" count="4" type="stmt"/>
        <line num="656" count="7" type="cond" truecount="4" falsecount="1"/>
        <line num="657" count="6" type="stmt"/>
        <line num="660" count="8" type="stmt"/>
        <line num="670" count="11" type="stmt"/>
        <line num="671" count="7" type="stmt"/>
        <line num="672" count="7" type="cond" truecount="1" falsecount="1"/>
        <line num="673" count="0" type="stmt"/>
        <line num="674" count="7" type="cond" truecount="3" falsecount="1"/>
        <line num="675" count="7" type="cond" truecount="2" falsecount="1"/>
        <line num="676" count="0" type="stmt"/>
        <line num="678" count="7" type="cond" truecount="1" falsecount="0"/>
        <line num="679" count="7" type="stmt"/>
        <line num="681" count="7" type="cond" truecount="0" falsecount="1"/>
        <line num="682" count="0" type="stmt"/>
        <line num="684" count="7" type="cond" truecount="1" falsecount="0"/>
        <line num="685" count="1" type="stmt"/>
        <line num="687" count="7" type="cond" truecount="1" falsecount="0"/>
        <line num="688" count="1" type="stmt"/>
        <line num="690" count="7" type="cond" truecount="1" falsecount="0"/>
        <line num="691" count="3" type="cond" truecount="1" falsecount="0"/>
        <line num="692" count="2" type="stmt"/>
        <line num="694" count="3" type="stmt"/>
        <line num="696" count="7" type="cond" truecount="1" falsecount="0"/>
        <line num="697" count="0" type="cond" truecount="0" falsecount="3"/>
        <line num="698" count="0" type="stmt"/>
        <line num="699" count="0" type="stmt"/>
        <line num="701" count="7" type="stmt"/>
      </file>
    </package>
  </project>
</coverage>
