{"/Users/vedmalex/work/pipeline.js/src/context.ts": {"path":"/Users/vedmalex/work/pipeline.js/src/context.ts","statementMap":{"0":{"start":{"line":4,"column":0},"end":{"line":4,"column":47}},"1":{"start":{"line":6,"column":13},"end":{"line":6,"column":null}},"2":{"start":{"line":7,"column":13},"end":{"line":7,"column":null}},"3":{"start":{"line":14,"column":0},"end":{"line":14,"column":null}},"4":{"start":{"line":15,"column":2},"end":{"line":15,"column":null}},"5":{"start":{"line":16,"column":2},"end":{"line":16,"column":null}},"6":{"start":{"line":17,"column":2},"end":{"line":17,"column":null}},"7":{"start":{"line":19,"column":47},"end":{"line":34,"column":null}},"8":{"start":{"line":78,"column":4},"end":{"line":78,"column":null}},"9":{"start":{"line":80,"column":16},"end":{"line":134,"column":6}},"10":{"start":{"line":82,"column":8},"end":{"line":82,"column":null}},"11":{"start":{"line":82,"column":34},"end":{"line":82,"column":null}},"12":{"start":{"line":83,"column":8},"end":{"line":83,"column":null}},"13":{"start":{"line":83,"column":32},"end":{"line":83,"column":null}},"14":{"start":{"line":85,"column":8},"end":{"line":96,"column":null}},"15":{"start":{"line":86,"column":10},"end":{"line":86,"column":null}},"16":{"start":{"line":88,"column":10},"end":{"line":90,"column":null}},"17":{"start":{"line":89,"column":12},"end":{"line":89,"column":null}},"18":{"start":{"line":91,"column":10},"end":{"line":95,"column":45}},"19":{"start":{"line":94,"column":12},"end":{"line":94,"column":null}},"20":{"start":{"line":95,"column":17},"end":{"line":95,"column":45}},"21":{"start":{"line":103,"column":8},"end":{"line":115,"column":null}},"22":{"start":{"line":104,"column":12},"end":{"line":104,"column":null}},"23":{"start":{"line":105,"column":10},"end":{"line":105,"column":null}},"24":{"start":{"line":106,"column":15},"end":{"line":115,"column":null}},"25":{"start":{"line":111,"column":10},"end":{"line":111,"column":null}},"26":{"start":{"line":113,"column":12},"end":{"line":113,"column":null}},"27":{"start":{"line":114,"column":10},"end":{"line":114,"column":null}},"28":{"start":{"line":118,"column":8},"end":{"line":122,"column":null}},"29":{"start":{"line":119,"column":10},"end":{"line":119,"column":null}},"30":{"start":{"line":121,"column":10},"end":{"line":121,"column":null}},"31":{"start":{"line":125,"column":8},"end":{"line":129,"column":null}},"32":{"start":{"line":126,"column":10},"end":{"line":126,"column":null}},"33":{"start":{"line":128,"column":10},"end":{"line":128,"column":null}},"34":{"start":{"line":132,"column":8},"end":{"line":132,"column":null}},"35":{"start":{"line":136,"column":4},"end":{"line":136,"column":null}},"36":{"start":{"line":138,"column":4},"end":{"line":138,"column":null}},"37":{"start":{"line":61,"column":4},"end":{"line":65,"column":null}},"38":{"start":{"line":62,"column":6},"end":{"line":62,"column":null}},"39":{"start":{"line":64,"column":6},"end":{"line":64,"column":null}},"40":{"start":{"line":70,"column":4},"end":{"line":70,"column":null}},"41":{"start":{"line":148,"column":16},"end":{"line":148,"column":48}},"42":{"start":{"line":149,"column":4},"end":{"line":149,"column":null}},"43":{"start":{"line":150,"column":4},"end":{"line":150,"column":null}},"44":{"start":{"line":151,"column":4},"end":{"line":151,"column":null}},"45":{"start":{"line":160,"column":15},"end":{"line":160,"column":30}},"46":{"start":{"line":161,"column":4},"end":{"line":168,"column":null}},"47":{"start":{"line":162,"column":19},"end":{"line":162,"column":23}},"48":{"start":{"line":163,"column":6},"end":{"line":166,"column":null}},"49":{"start":{"line":164,"column":8},"end":{"line":164,"column":null}},"50":{"start":{"line":165,"column":8},"end":{"line":165,"column":null}},"51":{"start":{"line":167,"column":6},"end":{"line":167,"column":null}},"52":{"start":{"line":177,"column":4},"end":{"line":177,"column":null}},"53":{"start":{"line":180,"column":4},"end":{"line":180,"column":null}},"54":{"start":{"line":189,"column":4},"end":{"line":196,"column":null}},"55":{"start":{"line":190,"column":6},"end":{"line":193,"column":null}},"56":{"start":{"line":195,"column":6},"end":{"line":195,"column":null}},"57":{"start":{"line":206,"column":15},"end":{"line":206,"column":44}},"58":{"start":{"line":207,"column":4},"end":{"line":207,"column":null}},"59":{"start":{"line":208,"column":4},"end":{"line":208,"column":null}},"60":{"start":{"line":218,"column":4},"end":{"line":221,"column":null}},"61":{"start":{"line":219,"column":18},"end":{"line":219,"column":47}},"62":{"start":{"line":220,"column":6},"end":{"line":220,"column":null}},"63":{"start":{"line":231,"column":16},"end":{"line":231,"column":23}},"64":{"start":{"line":232,"column":4},"end":{"line":232,"column":null}},"65":{"start":{"line":233,"column":4},"end":{"line":233,"column":null}},"66":{"start":{"line":243,"column":4},"end":{"line":243,"column":null}},"67":{"start":{"line":250,"column":4},"end":{"line":250,"column":null}},"68":{"start":{"line":59,"column":0},"end":{"line":59,"column":13}}},"fnMap":{"0":{"name":"(anonymous_0)","decl":{"start":{"line":14,"column":0},"end":{"line":14,"column":12}},"loc":{"start":{"line":14,"column":24},"end":{"line":18,"column":1}}},"1":{"name":"(anonymous_1)","decl":{"start":{"line":77,"column":2},"end":{"line":77,"column":22}},"loc":{"start":{"line":77,"column":31},"end":{"line":139,"column":3}}},"2":{"name":"(anonymous_2)","decl":{"start":{"line":81,"column":6},"end":{"line":81,"column":9}},"loc":{"start":{"line":81,"column":70},"end":{"line":97,"column":7}}},"3":{"name":"(anonymous_3)","decl":{"start":{"line":98,"column":6},"end":{"line":98,"column":9}},"loc":{"start":{"line":101,"column":13},"end":{"line":116,"column":7}}},"4":{"name":"(anonymous_4)","decl":{"start":{"line":117,"column":6},"end":{"line":117,"column":20}},"loc":{"start":{"line":117,"column":68},"end":{"line":123,"column":7}}},"5":{"name":"(anonymous_5)","decl":{"start":{"line":124,"column":6},"end":{"line":124,"column":9}},"loc":{"start":{"line":124,"column":57},"end":{"line":130,"column":7}}},"6":{"name":"(anonymous_6)","decl":{"start":{"line":131,"column":6},"end":{"line":131,"column":13}},"loc":{"start":{"line":131,"column":39},"end":{"line":133,"column":7}}},"7":{"name":"(anonymous_7)","decl":{"start":{"line":60,"column":9},"end":{"line":60,"column":15}},"loc":{"start":{"line":60,"column":61},"end":{"line":66,"column":3}}},"8":{"name":"(anonymous_8)","decl":{"start":{"line":67,"column":9},"end":{"line":67,"column":15}},"loc":{"start":{"line":68,"column":13},"end":{"line":71,"column":3}}},"9":{"name":"(anonymous_9)","decl":{"start":{"line":147,"column":2},"end":{"line":147,"column":6}},"loc":{"start":{"line":147,"column":47},"end":{"line":152,"column":3}}},"10":{"name":"(anonymous_10)","decl":{"start":{"line":159,"column":2},"end":{"line":159,"column":5}},"loc":{"start":{"line":159,"column":18},"end":{"line":169,"column":3}}},"11":{"name":"(anonymous_11)","decl":{"start":{"line":176,"column":2},"end":{"line":176,"column":11}},"loc":{"start":{"line":176,"column":11},"end":{"line":178,"column":3}}},"12":{"name":"(anonymous_12)","decl":{"start":{"line":179,"column":2},"end":{"line":179,"column":11}},"loc":{"start":{"line":179,"column":30},"end":{"line":181,"column":3}}},"13":{"name":"(anonymous_13)","decl":{"start":{"line":188,"column":12},"end":{"line":188,"column":20}},"loc":{"start":{"line":188,"column":49},"end":{"line":197,"column":3}}},"14":{"name":"(anonymous_14)","decl":{"start":{"line":205,"column":12},"end":{"line":205,"column":25}},"loc":{"start":{"line":205,"column":54},"end":{"line":209,"column":3}}},"15":{"name":"(anonymous_15)","decl":{"start":{"line":217,"column":12},"end":{"line":217,"column":20}},"loc":{"start":{"line":217,"column":49},"end":{"line":222,"column":3}}},"16":{"name":"(anonymous_16)","decl":{"start":{"line":230,"column":2},"end":{"line":230,"column":10}},"loc":{"start":{"line":230,"column":10},"end":{"line":234,"column":3}}},"17":{"name":"(anonymous_17)","decl":{"start":{"line":241,"column":2},"end":{"line":241,"column":8}},"loc":{"start":{"line":241,"column":8},"end":{"line":244,"column":3}}},"18":{"name":"(anonymous_18)","decl":{"start":{"line":249,"column":2},"end":{"line":249,"column":10}},"loc":{"start":{"line":249,"column":10},"end":{"line":251,"column":3}}}},"branchMap":{"0":{"loc":{"start":{"line":14,"column":12},"end":{"line":14,"column":24}},"type":"binary-expr","locations":[{"start":{"line":14,"column":12},"end":{"line":14,"column":24}},{"start":{"line":14,"column":12},"end":{"line":14,"column":null}}]},"1":{"loc":{"start":{"line":82,"column":8},"end":{"line":82,"column":null}},"type":"if","locations":[{"start":{"line":82,"column":8},"end":{"line":82,"column":null}},{"start":{"line":82,"column":8},"end":{"line":82,"column":null}}]},"2":{"loc":{"start":{"line":83,"column":8},"end":{"line":83,"column":null}},"type":"if","locations":[{"start":{"line":83,"column":8},"end":{"line":83,"column":null}},{"start":{"line":83,"column":8},"end":{"line":83,"column":null}}]},"3":{"loc":{"start":{"line":85,"column":8},"end":{"line":96,"column":null}},"type":"if","locations":[{"start":{"line":85,"column":8},"end":{"line":96,"column":null}},{"start":{"line":85,"column":8},"end":{"line":96,"column":null}}]},"4":{"loc":{"start":{"line":88,"column":10},"end":{"line":90,"column":null}},"type":"if","locations":[{"start":{"line":88,"column":10},"end":{"line":90,"column":null}},{"start":{"line":88,"column":10},"end":{"line":90,"column":null}}]},"5":{"loc":{"start":{"line":91,"column":10},"end":{"line":95,"column":45}},"type":"if","locations":[{"start":{"line":91,"column":10},"end":{"line":95,"column":45}},{"start":{"line":91,"column":10},"end":{"line":95,"column":45}}]},"6":{"loc":{"start":{"line":103,"column":8},"end":{"line":115,"column":null}},"type":"if","locations":[{"start":{"line":103,"column":8},"end":{"line":115,"column":null}},{"start":{"line":103,"column":8},"end":{"line":115,"column":null}}]},"7":{"loc":{"start":{"line":106,"column":15},"end":{"line":115,"column":null}},"type":"if","locations":[{"start":{"line":106,"column":15},"end":{"line":115,"column":null}},{"start":{"line":106,"column":15},"end":{"line":115,"column":null}}]},"8":{"loc":{"start":{"line":107,"column":10},"end":{"line":107,"column":32}},"type":"binary-expr","locations":[{"start":{"line":107,"column":10},"end":{"line":107,"column":32}},{"start":{"line":108,"column":10},"end":{"line":108,"column":38}},{"start":{"line":109,"column":10},"end":{"line":109,"column":69}}]},"9":{"loc":{"start":{"line":118,"column":8},"end":{"line":122,"column":null}},"type":"if","locations":[{"start":{"line":118,"column":8},"end":{"line":122,"column":null}},{"start":{"line":118,"column":8},"end":{"line":122,"column":null}}]},"10":{"loc":{"start":{"line":125,"column":8},"end":{"line":129,"column":null}},"type":"if","locations":[{"start":{"line":125,"column":8},"end":{"line":129,"column":null}},{"start":{"line":125,"column":8},"end":{"line":129,"column":null}}]},"11":{"loc":{"start":{"line":61,"column":4},"end":{"line":65,"column":null}},"type":"if","locations":[{"start":{"line":61,"column":4},"end":{"line":65,"column":null}},{"start":{"line":61,"column":4},"end":{"line":65,"column":null}}]},"12":{"loc":{"start":{"line":64,"column":32},"end":{"line":64,"column":39}},"type":"cond-expr","locations":[{"start":{"line":64,"column":32},"end":{"line":64,"column":39}},{"start":{"line":64,"column":43},"end":{"line":64,"column":45}}]},"13":{"loc":{"start":{"line":64,"column":32},"end":{"line":64,"column":43}},"type":"binary-expr","locations":[{"start":{"line":64,"column":32},"end":{"line":64,"column":43}},{"start":{"line":64,"column":32},"end":{"line":64,"column":43}}]},"14":{"loc":{"start":{"line":70,"column":17},"end":{"line":70,"column":35}},"type":"cond-expr","locations":[{"start":{"line":70,"column":17},"end":{"line":70,"column":35}},{"start":{"line":70,"column":38},"end":{"line":70,"column":43}}]},"15":{"loc":{"start":{"line":161,"column":4},"end":{"line":168,"column":null}},"type":"if","locations":[{"start":{"line":161,"column":4},"end":{"line":168,"column":null}},{"start":{"line":161,"column":4},"end":{"line":168,"column":null}}]},"16":{"loc":{"start":{"line":163,"column":6},"end":{"line":166,"column":null}},"type":"if","locations":[{"start":{"line":163,"column":6},"end":{"line":166,"column":null}},{"start":{"line":163,"column":6},"end":{"line":166,"column":null}}]},"17":{"loc":{"start":{"line":189,"column":4},"end":{"line":196,"column":null}},"type":"if","locations":[{"start":{"line":189,"column":4},"end":{"line":196,"column":null}},{"start":{"line":189,"column":4},"end":{"line":196,"column":null}}]},"18":{"loc":{"start":{"line":189,"column":8},"end":{"line":189,"column":37}},"type":"binary-expr","locations":[{"start":{"line":189,"column":8},"end":{"line":189,"column":37}},{"start":{"line":189,"column":41},"end":{"line":189,"column":53}}]},"19":{"loc":{"start":{"line":191,"column":8},"end":{"line":191,"column":61}},"type":"binary-expr","locations":[{"start":{"line":191,"column":8},"end":{"line":191,"column":61}},{"start":{"line":192,"column":9},"end":{"line":192,"column":52}}]},"20":{"loc":{"start":{"line":218,"column":4},"end":{"line":221,"column":null}},"type":"if","locations":[{"start":{"line":218,"column":4},"end":{"line":221,"column":null}},{"start":{"line":218,"column":4},"end":{"line":221,"column":null}}]}},"s":{"0":3,"1":3,"2":3,"3":3,"4":3,"5":3,"6":3,"7":3,"8":31,"9":31,"10":246,"11":29,"12":217,"13":0,"14":217,"15":145,"16":72,"17":49,"18":23,"19":9,"20":14,"21":37,"22":34,"23":34,"24":3,"25":1,"26":2,"27":2,"28":3,"29":1,"30":2,"31":2,"32":1,"33":1,"34":0,"35":31,"36":31,"37":41,"38":10,"39":31,"40":61,"41":8,"42":8,"43":8,"44":8,"45":1,"46":1,"47":1,"48":1,"49":1,"50":1,"51":1,"52":2,"53":9,"54":12,"55":2,"56":10,"57":1,"58":1,"59":1,"60":9,"61":9,"62":9,"63":14,"64":14,"65":14,"66":5,"67":2,"68":3},"f":{"0":3,"1":31,"2":246,"3":37,"4":3,"5":2,"6":0,"7":41,"8":61,"9":8,"10":1,"11":2,"12":9,"13":12,"14":1,"15":9,"16":14,"17":5,"18":2},"b":{"0":[3,3],"1":[29,217],"2":[0,217],"3":[145,72],"4":[49,23],"5":[9,14],"6":[34,3],"7":[1,2],"8":[3,3,3],"9":[1,2],"10":[1,1],"11":[10,31],"12":[24,7],"13":[31,31],"14":[54,7],"15":[1,0],"16":[1,0],"17":[2,10],"18":[12,12],"19":[2,0],"20":[9,0]}}
,"/Users/vedmalex/work/pipeline.js/src/dowhile.ts": {"path":"/Users/vedmalex/work/pipeline.js/src/dowhile.ts","statementMap":{"0":{"start":{"line":1,"column":0},"end":{"line":1,"column":31}},"1":{"start":{"line":2,"column":0},"end":{"line":2,"column":47}},"2":{"start":{"line":3,"column":0},"end":{"line":3,"column":55}},"3":{"start":{"line":27,"column":20},"end":{"line":27,"column":27}},"4":{"start":{"line":28,"column":4},"end":{"line":50,"column":null}},"5":{"start":{"line":29,"column":6},"end":{"line":29,"column":null}},"6":{"start":{"line":31,"column":6},"end":{"line":49,"column":null}},"7":{"start":{"line":32,"column":8},"end":{"line":32,"column":null}},"8":{"start":{"line":34,"column":8},"end":{"line":36,"column":null}},"9":{"start":{"line":35,"column":10},"end":{"line":35,"column":null}},"10":{"start":{"line":38,"column":8},"end":{"line":40,"column":null}},"11":{"start":{"line":39,"column":10},"end":{"line":39,"column":null}},"12":{"start":{"line":42,"column":8},"end":{"line":44,"column":null}},"13":{"start":{"line":43,"column":10},"end":{"line":43,"column":null}},"14":{"start":{"line":46,"column":8},"end":{"line":48,"column":null}},"15":{"start":{"line":47,"column":10},"end":{"line":47,"column":null}},"16":{"start":{"line":51,"column":4},"end":{"line":51,"column":null}},"17":{"start":{"line":52,"column":4},"end":{"line":55,"column":null}},"18":{"start":{"line":59,"column":4},"end":{"line":59,"column":null}},"19":{"start":{"line":63,"column":4},"end":{"line":63,"column":null}},"20":{"start":{"line":67,"column":4},"end":{"line":69,"column":null}},"21":{"start":{"line":68,"column":6},"end":{"line":68,"column":null}},"22":{"start":{"line":69,"column":11},"end":{"line":69,"column":null}},"23":{"start":{"line":73,"column":4},"end":{"line":75,"column":null}},"24":{"start":{"line":74,"column":6},"end":{"line":74,"column":null}},"25":{"start":{"line":75,"column":11},"end":{"line":75,"column":null}},"26":{"start":{"line":79,"column":30},"end":{"line":99,"column":5}},"27":{"start":{"line":84,"column":25},"end":{"line":84,"column":27}},"28":{"start":{"line":85,"column":17},"end":{"line":97,"column":7}},"29":{"start":{"line":86,"column":8},"end":{"line":86,"column":null}},"30":{"start":{"line":87,"column":8},"end":{"line":96,"column":null}},"31":{"start":{"line":88,"column":10},"end":{"line":88,"column":null}},"32":{"start":{"line":90,"column":10},"end":{"line":95,"column":null}},"33":{"start":{"line":98,"column":6},"end":{"line":98,"column":null}},"34":{"start":{"line":101,"column":4},"end":{"line":101,"column":null}},"35":{"start":{"line":103,"column":4},"end":{"line":103,"column":null}},"36":{"start":{"line":19,"column":0},"end":{"line":19,"column":13}}},"fnMap":{"0":{"name":"(anonymous_0)","decl":{"start":{"line":26,"column":2},"end":{"line":26,"column":14}},"loc":{"start":{"line":26,"column":67},"end":{"line":56,"column":3}}},"1":{"name":"(anonymous_1)","decl":{"start":{"line":58,"column":2},"end":{"line":58,"column":22}},"loc":{"start":{"line":58,"column":32},"end":{"line":60,"column":3}}},"2":{"name":"(anonymous_2)","decl":{"start":{"line":62,"column":18},"end":{"line":62,"column":26}},"loc":{"start":{"line":62,"column":26},"end":{"line":64,"column":3}}},"3":{"name":"(anonymous_3)","decl":{"start":{"line":66,"column":2},"end":{"line":66,"column":10}},"loc":{"start":{"line":66,"column":59},"end":{"line":70,"column":3}}},"4":{"name":"(anonymous_4)","decl":{"start":{"line":72,"column":2},"end":{"line":72,"column":7}},"loc":{"start":{"line":72,"column":32},"end":{"line":76,"column":3}}},"5":{"name":"(anonymous_5)","decl":{"start":{"line":78,"column":11},"end":{"line":78,"column":18}},"loc":{"start":{"line":78,"column":43},"end":{"line":104,"column":3}}},"6":{"name":"(anonymous_6)","decl":{"start":{"line":79,"column":30},"end":{"line":79,"column":null}},"loc":{"start":{"line":83,"column":8},"end":{"line":99,"column":5}}},"7":{"name":"(anonymous_7)","decl":{"start":{"line":85,"column":17},"end":{"line":85,"column":18}},"loc":{"start":{"line":85,"column":71},"end":{"line":97,"column":7}}}},"branchMap":{"0":{"loc":{"start":{"line":28,"column":4},"end":{"line":50,"column":null}},"type":"if","locations":[{"start":{"line":28,"column":4},"end":{"line":50,"column":null}},{"start":{"line":28,"column":4},"end":{"line":50,"column":null}}]},"1":{"loc":{"start":{"line":31,"column":6},"end":{"line":49,"column":null}},"type":"if","locations":[{"start":{"line":31,"column":6},"end":{"line":49,"column":null}},{"start":{"line":31,"column":6},"end":{"line":49,"column":null}}]},"2":{"loc":{"start":{"line":34,"column":8},"end":{"line":36,"column":null}},"type":"if","locations":[{"start":{"line":34,"column":8},"end":{"line":36,"column":null}},{"start":{"line":34,"column":8},"end":{"line":36,"column":null}}]},"3":{"loc":{"start":{"line":34,"column":12},"end":{"line":34,"column":24}},"type":"binary-expr","locations":[{"start":{"line":34,"column":12},"end":{"line":34,"column":24}},{"start":{"line":34,"column":28},"end":{"line":34,"column":42}}]},"4":{"loc":{"start":{"line":34,"column":19},"end":{"line":34,"column":21}},"type":"cond-expr","locations":[{"start":{"line":34,"column":19},"end":{"line":34,"column":21}},{"start":{"line":34,"column":12},"end":{"line":34,"column":24}}]},"5":{"loc":{"start":{"line":34,"column":12},"end":{"line":34,"column":21}},"type":"binary-expr","locations":[{"start":{"line":34,"column":12},"end":{"line":34,"column":21}},{"start":{"line":34,"column":12},"end":{"line":34,"column":21}}]},"6":{"loc":{"start":{"line":34,"column":35},"end":{"line":34,"column":37}},"type":"cond-expr","locations":[{"start":{"line":34,"column":35},"end":{"line":34,"column":37}},{"start":{"line":34,"column":28},"end":{"line":34,"column":42}}]},"7":{"loc":{"start":{"line":34,"column":28},"end":{"line":34,"column":37}},"type":"binary-expr","locations":[{"start":{"line":34,"column":28},"end":{"line":34,"column":37}},{"start":{"line":34,"column":28},"end":{"line":34,"column":37}}]},"8":{"loc":{"start":{"line":38,"column":8},"end":{"line":40,"column":null}},"type":"if","locations":[{"start":{"line":38,"column":8},"end":{"line":40,"column":null}},{"start":{"line":38,"column":8},"end":{"line":40,"column":null}}]},"9":{"loc":{"start":{"line":38,"column":19},"end":{"line":38,"column":21}},"type":"cond-expr","locations":[{"start":{"line":38,"column":19},"end":{"line":38,"column":21}},{"start":{"line":38,"column":12},"end":{"line":38,"column":26}}]},"10":{"loc":{"start":{"line":38,"column":12},"end":{"line":38,"column":21}},"type":"binary-expr","locations":[{"start":{"line":38,"column":12},"end":{"line":38,"column":21}},{"start":{"line":38,"column":12},"end":{"line":38,"column":21}}]},"11":{"loc":{"start":{"line":42,"column":8},"end":{"line":44,"column":null}},"type":"if","locations":[{"start":{"line":42,"column":8},"end":{"line":44,"column":null}},{"start":{"line":42,"column":8},"end":{"line":44,"column":null}}]},"12":{"loc":{"start":{"line":42,"column":19},"end":{"line":42,"column":21}},"type":"cond-expr","locations":[{"start":{"line":42,"column":19},"end":{"line":42,"column":21}},{"start":{"line":42,"column":12},"end":{"line":42,"column":26}}]},"13":{"loc":{"start":{"line":42,"column":12},"end":{"line":42,"column":21}},"type":"binary-expr","locations":[{"start":{"line":42,"column":12},"end":{"line":42,"column":21}},{"start":{"line":42,"column":12},"end":{"line":42,"column":21}}]},"14":{"loc":{"start":{"line":46,"column":8},"end":{"line":48,"column":null}},"type":"if","locations":[{"start":{"line":46,"column":8},"end":{"line":48,"column":null}},{"start":{"line":46,"column":8},"end":{"line":48,"column":null}}]},"15":{"loc":{"start":{"line":46,"column":19},"end":{"line":46,"column":21}},"type":"cond-expr","locations":[{"start":{"line":46,"column":19},"end":{"line":46,"column":21}},{"start":{"line":46,"column":12},"end":{"line":46,"column":29}}]},"16":{"loc":{"start":{"line":46,"column":12},"end":{"line":46,"column":21}},"type":"binary-expr","locations":[{"start":{"line":46,"column":12},"end":{"line":46,"column":21}},{"start":{"line":46,"column":12},"end":{"line":46,"column":21}}]},"17":{"loc":{"start":{"line":59,"column":37},"end":{"line":59,"column":53}},"type":"cond-expr","locations":[{"start":{"line":59,"column":37},"end":{"line":59,"column":53}},{"start":{"line":59,"column":56},"end":{"line":59,"column":58}}]},"18":{"loc":{"start":{"line":67,"column":4},"end":{"line":69,"column":null}},"type":"if","locations":[{"start":{"line":67,"column":4},"end":{"line":69,"column":null}},{"start":{"line":67,"column":4},"end":{"line":69,"column":null}}]},"19":{"loc":{"start":{"line":73,"column":4},"end":{"line":75,"column":null}},"type":"if","locations":[{"start":{"line":73,"column":4},"end":{"line":75,"column":null}},{"start":{"line":73,"column":4},"end":{"line":75,"column":null}}]},"20":{"loc":{"start":{"line":78,"column":38},"end":{"line":78,"column":43}},"type":"default-arg","locations":[{"start":{"line":78,"column":38},"end":{"line":78,"column":43}}]},"21":{"loc":{"start":{"line":87,"column":8},"end":{"line":96,"column":null}},"type":"if","locations":[{"start":{"line":87,"column":8},"end":{"line":96,"column":null}},{"start":{"line":87,"column":8},"end":{"line":96,"column":null}}]},"22":{"loc":{"start":{"line":87,"column":31},"end":{"line":87,"column":37}},"type":"cond-expr","locations":[{"start":{"line":87,"column":31},"end":{"line":87,"column":37}},{"start":{"line":87,"column":41},"end":{"line":87,"column":48}}]},"23":{"loc":{"start":{"line":87,"column":31},"end":{"line":87,"column":41}},"type":"binary-expr","locations":[{"start":{"line":87,"column":31},"end":{"line":87,"column":41}},{"start":{"line":87,"column":31},"end":{"line":87,"column":41}}]},"24":{"loc":{"start":{"line":88,"column":27},"end":{"line":88,"column":33}},"type":"cond-expr","locations":[{"start":{"line":88,"column":27},"end":{"line":88,"column":33}},{"start":{"line":88,"column":37},"end":{"line":88,"column":44}}]},"25":{"loc":{"start":{"line":88,"column":27},"end":{"line":88,"column":37}},"type":"binary-expr","locations":[{"start":{"line":88,"column":27},"end":{"line":88,"column":37}},{"start":{"line":88,"column":27},"end":{"line":88,"column":37}}]},"26":{"loc":{"start":{"line":93,"column":23},"end":{"line":93,"column":29}},"type":"cond-expr","locations":[{"start":{"line":93,"column":23},"end":{"line":93,"column":29}},{"start":{"line":93,"column":33},"end":{"line":93,"column":40}}]},"27":{"loc":{"start":{"line":93,"column":23},"end":{"line":93,"column":33}},"type":"binary-expr","locations":[{"start":{"line":93,"column":23},"end":{"line":93,"column":33}},{"start":{"line":93,"column":23},"end":{"line":93,"column":33}}]}},"s":{"0":1,"1":1,"2":1,"3":8,"4":8,"5":1,"6":7,"7":0,"8":7,"9":0,"10":7,"11":5,"12":7,"13":2,"14":7,"15":4,"16":8,"17":8,"18":0,"19":0,"20":21,"21":17,"22":4,"23":13,"24":2,"25":11,"26":8,"27":8,"28":8,"29":21,"30":21,"31":8,"32":13,"33":8,"34":8,"35":8,"36":1},"f":{"0":8,"1":0,"2":0,"3":21,"4":13,"5":8,"6":8,"7":21},"b":{"0":[1,7],"1":[0,7],"2":[0,7],"3":[7,0],"4":[2,5],"5":[7,7],"6":[0,0],"7":[0,0],"8":[5,2],"9":[2,5],"10":[7,7],"11":[2,5],"12":[2,5],"13":[7,7],"14":[4,3],"15":[2,5],"16":[7,7],"17":[0,0],"18":[17,4],"19":[2,11],"20":[8],"21":[8,13],"22":[21,0],"23":[21,21],"24":[8,0],"25":[8,8],"26":[13,0],"27":[13,13]}}
,"/Users/vedmalex/work/pipeline.js/src/parallel.ts": {"path":"/Users/vedmalex/work/pipeline.js/src/parallel.ts","statementMap":{"0":{"start":{"line":1,"column":0},"end":{"line":1,"column":null}},"1":{"start":{"line":8,"column":0},"end":{"line":8,"column":31}},"2":{"start":{"line":9,"column":0},"end":{"line":9,"column":47}},"3":{"start":{"line":10,"column":0},"end":{"line":10,"column":55}},"4":{"start":{"line":11,"column":0},"end":{"line":11,"column":45}},"5":{"start":{"line":36,"column":4},"end":{"line":36,"column":null}},"6":{"start":{"line":37,"column":4},"end":{"line":39,"column":null}},"7":{"start":{"line":38,"column":6},"end":{"line":38,"column":null}},"8":{"start":{"line":43,"column":4},"end":{"line":43,"column":null}},"9":{"start":{"line":48,"column":4},"end":{"line":53,"column":null}},"10":{"start":{"line":49,"column":14},"end":{"line":49,"column":48}},"11":{"start":{"line":50,"column":6},"end":{"line":50,"column":null}},"12":{"start":{"line":52,"column":6},"end":{"line":52,"column":null}},"13":{"start":{"line":54,"column":4},"end":{"line":54,"column":null}},"14":{"start":{"line":58,"column":4},"end":{"line":58,"column":null}},"15":{"start":{"line":61,"column":4},"end":{"line":61,"column":null}},"16":{"start":{"line":65,"column":4},"end":{"line":65,"column":null}},"17":{"start":{"line":69,"column":4},"end":{"line":128,"column":null}},"18":{"start":{"line":70,"column":32},"end":{"line":124,"column":7}},"19":{"start":{"line":75,"column":19},"end":{"line":75,"column":20}},"20":{"start":{"line":76,"column":23},"end":{"line":76,"column":38}},"21":{"start":{"line":77,"column":18},"end":{"line":77,"column":48}},"22":{"start":{"line":79,"column":23},"end":{"line":79,"column":28}},"23":{"start":{"line":81,"column":19},"end":{"line":110,"column":9}},"24":{"start":{"line":82,"column":10},"end":{"line":109,"column":null}},"25":{"start":{"line":83,"column":12},"end":{"line":99,"column":null}},"26":{"start":{"line":84,"column":14},"end":{"line":84,"column":null}},"27":{"start":{"line":86,"column":14},"end":{"line":89,"column":null}},"28":{"start":{"line":87,"column":16},"end":{"line":87,"column":null}},"29":{"start":{"line":88,"column":16},"end":{"line":88,"column":null}},"30":{"start":{"line":90,"column":14},"end":{"line":98,"column":null}},"31":{"start":{"line":101,"column":12},"end":{"line":108,"column":null}},"32":{"start":{"line":102,"column":14},"end":{"line":107,"column":null}},"33":{"start":{"line":103,"column":29},"end":{"line":103,"column":56}},"34":{"start":{"line":104,"column":16},"end":{"line":104,"column":null}},"35":{"start":{"line":106,"column":16},"end":{"line":106,"column":null}},"36":{"start":{"line":112,"column":8},"end":{"line":123,"column":null}},"37":{"start":{"line":113,"column":10},"end":{"line":113,"column":null}},"38":{"start":{"line":115,"column":10},"end":{"line":122,"column":null}},"39":{"start":{"line":115,"column":23},"end":{"line":115,"column":24}},"40":{"start":{"line":116,"column":12},"end":{"line":121,"column":null}},"41":{"start":{"line":125,"column":6},"end":{"line":125,"column":null}},"42":{"start":{"line":127,"column":6},"end":{"line":127,"column":null}},"43":{"start":{"line":130,"column":4},"end":{"line":130,"column":null}},"44":{"start":{"line":30,"column":0},"end":{"line":30,"column":13}},"45":{"start":{"line":144,"column":4},"end":{"line":144,"column":null}},"46":{"start":{"line":145,"column":4},"end":{"line":145,"column":null}},"47":{"start":{"line":141,"column":0},"end":{"line":141,"column":13}}},"fnMap":{"0":{"name":"(anonymous_0)","decl":{"start":{"line":35,"column":2},"end":{"line":35,"column":14}},"loc":{"start":{"line":35,"column":44},"end":{"line":40,"column":3}}},"1":{"name":"(anonymous_1)","decl":{"start":{"line":42,"column":2},"end":{"line":42,"column":7}},"loc":{"start":{"line":42,"column":18},"end":{"line":44,"column":3}}},"2":{"name":"(anonymous_2)","decl":{"start":{"line":46,"column":2},"end":{"line":46,"column":9}},"loc":{"start":{"line":46,"column":42},"end":{"line":55,"column":3}}},"3":{"name":"(anonymous_3)","decl":{"start":{"line":57,"column":2},"end":{"line":57,"column":22}},"loc":{"start":{"line":57,"column":32},"end":{"line":59,"column":3}}},"4":{"name":"(anonymous_4)","decl":{"start":{"line":60,"column":18},"end":{"line":60,"column":26}},"loc":{"start":{"line":60,"column":26},"end":{"line":62,"column":3}}},"5":{"name":"(anonymous_5)","decl":{"start":{"line":64,"column":2},"end":{"line":64,"column":22}},"loc":{"start":{"line":64,"column":26},"end":{"line":66,"column":3}}},"6":{"name":"(anonymous_6)","decl":{"start":{"line":68,"column":11},"end":{"line":68,"column":18}},"loc":{"start":{"line":68,"column":43},"end":{"line":131,"column":3}}},"7":{"name":"(anonymous_7)","decl":{"start":{"line":70,"column":32},"end":{"line":70,"column":null}},"loc":{"start":{"line":74,"column":10},"end":{"line":124,"column":7}}},"8":{"name":"(anonymous_8)","decl":{"start":{"line":81,"column":19},"end":{"line":81,"column":20}},"loc":{"start":{"line":81,"column":37},"end":{"line":110,"column":9}}},"9":{"name":"(anonymous_9)","decl":{"start":{"line":82,"column":17},"end":{"line":82,"column":18}},"loc":{"start":{"line":82,"column":57},"end":{"line":109,"column":11}}},"10":{"name":"(anonymous_10)","decl":{"start":{"line":143,"column":2},"end":{"line":143,"column":14}},"loc":{"start":{"line":143,"column":20},"end":{"line":146,"column":3}}}},"branchMap":{"0":{"loc":{"start":{"line":37,"column":4},"end":{"line":39,"column":null}},"type":"if","locations":[{"start":{"line":37,"column":4},"end":{"line":39,"column":null}},{"start":{"line":37,"column":4},"end":{"line":39,"column":null}}]},"1":{"loc":{"start":{"line":43,"column":32},"end":{"line":43,"column":55}},"type":"cond-expr","locations":[{"start":{"line":43,"column":32},"end":{"line":43,"column":55}},{"start":{"line":43,"column":58},"end":{"line":43,"column":63}}]},"2":{"loc":{"start":{"line":48,"column":4},"end":{"line":53,"column":null}},"type":"if","locations":[{"start":{"line":48,"column":4},"end":{"line":53,"column":null}},{"start":{"line":48,"column":4},"end":{"line":53,"column":null}}]},"3":{"loc":{"start":{"line":50,"column":12},"end":{"line":50,"column":13}},"type":"cond-expr","locations":[{"start":{"line":50,"column":12},"end":{"line":50,"column":13}},{"start":{"line":50,"column":17},"end":{"line":50,"column":20}}]},"4":{"loc":{"start":{"line":50,"column":12},"end":{"line":50,"column":17}},"type":"binary-expr","locations":[{"start":{"line":50,"column":12},"end":{"line":50,"column":17}},{"start":{"line":50,"column":12},"end":{"line":50,"column":17}}]},"5":{"loc":{"start":{"line":58,"column":37},"end":{"line":58,"column":53}},"type":"cond-expr","locations":[{"start":{"line":58,"column":37},"end":{"line":58,"column":53}},{"start":{"line":58,"column":56},"end":{"line":58,"column":58}}]},"6":{"loc":{"start":{"line":65,"column":56},"end":{"line":65,"column":60}},"type":"cond-expr","locations":[{"start":{"line":65,"column":56},"end":{"line":65,"column":60}},{"start":{"line":65,"column":60},"end":{"line":65,"column":62}}]},"7":{"loc":{"start":{"line":65,"column":11},"end":{"line":65,"column":60}},"type":"binary-expr","locations":[{"start":{"line":65,"column":11},"end":{"line":65,"column":60}},{"start":{"line":65,"column":56},"end":{"line":65,"column":60}}]},"8":{"loc":{"start":{"line":65,"column":28},"end":{"line":65,"column":32}},"type":"cond-expr","locations":[{"start":{"line":65,"column":28},"end":{"line":65,"column":32}},{"start":{"line":65,"column":32},"end":{"line":65,"column":56}}]},"9":{"loc":{"start":{"line":65,"column":11},"end":{"line":65,"column":32}},"type":"binary-expr","locations":[{"start":{"line":65,"column":11},"end":{"line":65,"column":32}},{"start":{"line":65,"column":28},"end":{"line":65,"column":32}}]},"10":{"loc":{"start":{"line":65,"column":50},"end":{"line":65,"column":52}},"type":"cond-expr","locations":[{"start":{"line":65,"column":50},"end":{"line":65,"column":52}},{"start":{"line":65,"column":50},"end":{"line":65,"column":56}}]},"11":{"loc":{"start":{"line":65,"column":32},"end":{"line":65,"column":52}},"type":"binary-expr","locations":[{"start":{"line":65,"column":32},"end":{"line":65,"column":52}},{"start":{"line":65,"column":50},"end":{"line":65,"column":52}}]},"12":{"loc":{"start":{"line":68,"column":38},"end":{"line":68,"column":43}},"type":"default-arg","locations":[{"start":{"line":68,"column":38},"end":{"line":68,"column":43}}]},"13":{"loc":{"start":{"line":69,"column":4},"end":{"line":128,"column":null}},"type":"if","locations":[{"start":{"line":69,"column":4},"end":{"line":128,"column":null}},{"start":{"line":69,"column":4},"end":{"line":128,"column":null}}]},"14":{"loc":{"start":{"line":77,"column":29},"end":{"line":77,"column":44}},"type":"cond-expr","locations":[{"start":{"line":77,"column":29},"end":{"line":77,"column":44}},{"start":{"line":77,"column":47},"end":{"line":77,"column":48}}]},"15":{"loc":{"start":{"line":83,"column":12},"end":{"line":99,"column":null}},"type":"if","locations":[{"start":{"line":83,"column":12},"end":{"line":99,"column":null}},{"start":{"line":83,"column":12},"end":{"line":99,"column":null}}]},"16":{"loc":{"start":{"line":84,"column":32},"end":{"line":84,"column":38}},"type":"cond-expr","locations":[{"start":{"line":84,"column":32},"end":{"line":84,"column":38}},{"start":{"line":84,"column":42},"end":{"line":84,"column":57}}]},"17":{"loc":{"start":{"line":84,"column":32},"end":{"line":84,"column":42}},"type":"binary-expr","locations":[{"start":{"line":84,"column":32},"end":{"line":84,"column":42}},{"start":{"line":84,"column":32},"end":{"line":84,"column":42}}]},"18":{"loc":{"start":{"line":86,"column":14},"end":{"line":89,"column":null}},"type":"if","locations":[{"start":{"line":86,"column":14},"end":{"line":89,"column":null}},{"start":{"line":86,"column":14},"end":{"line":89,"column":null}}]},"19":{"loc":{"start":{"line":101,"column":12},"end":{"line":108,"column":null}},"type":"if","locations":[{"start":{"line":101,"column":12},"end":{"line":108,"column":null}},{"start":{"line":101,"column":12},"end":{"line":108,"column":null}}]},"20":{"loc":{"start":{"line":102,"column":14},"end":{"line":107,"column":null}},"type":"if","locations":[{"start":{"line":102,"column":14},"end":{"line":107,"column":null}},{"start":{"line":102,"column":14},"end":{"line":107,"column":null}}]},"21":{"loc":{"start":{"line":112,"column":8},"end":{"line":123,"column":null}},"type":"if","locations":[{"start":{"line":112,"column":8},"end":{"line":123,"column":null}},{"start":{"line":112,"column":8},"end":{"line":123,"column":null}}]}},"s":{"0":1,"1":1,"2":1,"3":1,"4":1,"5":9,"6":9,"7":8,"8":6,"9":3,"10":2,"11":2,"12":1,"13":3,"14":0,"15":0,"16":2,"17":7,"18":6,"19":6,"20":6,"21":6,"22":6,"23":6,"24":22,"25":22,"26":20,"27":2,"28":1,"29":1,"30":2,"31":22,"32":4,"33":3,"34":3,"35":1,"36":6,"37":2,"38":4,"39":4,"40":22,"41":6,"42":1,"43":7,"44":1,"45":2,"46":2,"47":1},"f":{"0":9,"1":6,"2":3,"3":0,"4":0,"5":2,"6":7,"7":6,"8":22,"9":22,"10":2},"b":{"0":[8,1],"1":[5,1],"2":[2,1],"3":[0,2],"4":[2,2],"5":[0,0],"6":[2,0],"7":[2,2],"8":[2,0],"9":[2,2],"10":[0,0],"11":[0,0],"12":[7],"13":[6,1],"14":[5,1],"15":[20,2],"16":[20,0],"17":[20,20],"18":[1,1],"19":[4,18],"20":[3,1],"21":[2,4]}}
,"/Users/vedmalex/work/pipeline.js/src/pipeline.ts": {"path":"/Users/vedmalex/work/pipeline.js/src/pipeline.ts","statementMap":{"0":{"start":{"line":1,"column":0},"end":{"line":1,"column":55}},"1":{"start":{"line":2,"column":0},"end":{"line":2,"column":31}},"2":{"start":{"line":3,"column":0},"end":{"line":3,"column":45}},"3":{"start":{"line":4,"column":0},"end":{"line":4,"column":48}},"4":{"start":{"line":39,"column":4},"end":{"line":39,"column":null}},"5":{"start":{"line":40,"column":4},"end":{"line":42,"column":null}},"6":{"start":{"line":41,"column":6},"end":{"line":41,"column":null}},"7":{"start":{"line":46,"column":4},"end":{"line":46,"column":null}},"8":{"start":{"line":51,"column":4},"end":{"line":61,"column":null}},"9":{"start":{"line":52,"column":6},"end":{"line":52,"column":null}},"10":{"start":{"line":54,"column":6},"end":{"line":60,"column":null}},"11":{"start":{"line":55,"column":8},"end":{"line":59,"column":null}},"12":{"start":{"line":56,"column":10},"end":{"line":56,"column":null}},"13":{"start":{"line":58,"column":10},"end":{"line":58,"column":null}},"14":{"start":{"line":62,"column":4},"end":{"line":65,"column":null}},"15":{"start":{"line":63,"column":6},"end":{"line":63,"column":null}},"16":{"start":{"line":64,"column":6},"end":{"line":64,"column":null}},"17":{"start":{"line":69,"column":4},"end":{"line":69,"column":null}},"18":{"start":{"line":73,"column":30},"end":{"line":91,"column":5}},"19":{"start":{"line":78,"column":14},"end":{"line":78,"column":16}},"20":{"start":{"line":80,"column":17},"end":{"line":89,"column":7}},"21":{"start":{"line":81,"column":8},"end":{"line":81,"column":null}},"22":{"start":{"line":82,"column":8},"end":{"line":88,"column":null}},"23":{"start":{"line":83,"column":10},"end":{"line":83,"column":null}},"24":{"start":{"line":84,"column":15},"end":{"line":88,"column":null}},"25":{"start":{"line":85,"column":10},"end":{"line":85,"column":null}},"26":{"start":{"line":87,"column":10},"end":{"line":87,"column":null}},"27":{"start":{"line":90,"column":6},"end":{"line":90,"column":null}},"28":{"start":{"line":93,"column":4},"end":{"line":97,"column":null}},"29":{"start":{"line":94,"column":6},"end":{"line":94,"column":null}},"30":{"start":{"line":96,"column":6},"end":{"line":96,"column":null}},"31":{"start":{"line":99,"column":4},"end":{"line":99,"column":null}},"32":{"start":{"line":27,"column":0},"end":{"line":27,"column":13}}},"fnMap":{"0":{"name":"(anonymous_0)","decl":{"start":{"line":34,"column":2},"end":{"line":34,"column":null}},"loc":{"start":{"line":37,"column":52},"end":{"line":43,"column":3}}},"1":{"name":"(anonymous_1)","decl":{"start":{"line":45,"column":2},"end":{"line":45,"column":22}},"loc":{"start":{"line":45,"column":32},"end":{"line":47,"column":3}}},"2":{"name":"(anonymous_2)","decl":{"start":{"line":49,"column":2},"end":{"line":49,"column":10}},"loc":{"start":{"line":49,"column":76},"end":{"line":66,"column":3}}},"3":{"name":"(anonymous_3)","decl":{"start":{"line":68,"column":18},"end":{"line":68,"column":26}},"loc":{"start":{"line":68,"column":26},"end":{"line":70,"column":3}}},"4":{"name":"(anonymous_4)","decl":{"start":{"line":72,"column":11},"end":{"line":72,"column":18}},"loc":{"start":{"line":72,"column":43},"end":{"line":100,"column":3}}},"5":{"name":"(anonymous_5)","decl":{"start":{"line":73,"column":30},"end":{"line":73,"column":null}},"loc":{"start":{"line":77,"column":8},"end":{"line":91,"column":5}}},"6":{"name":"(anonymous_6)","decl":{"start":{"line":80,"column":17},"end":{"line":80,"column":18}},"loc":{"start":{"line":80,"column":56},"end":{"line":89,"column":7}}}},"branchMap":{"0":{"loc":{"start":{"line":40,"column":4},"end":{"line":42,"column":null}},"type":"if","locations":[{"start":{"line":40,"column":4},"end":{"line":42,"column":null}},{"start":{"line":40,"column":4},"end":{"line":42,"column":null}}]},"1":{"loc":{"start":{"line":46,"column":38},"end":{"line":46,"column":54}},"type":"cond-expr","locations":[{"start":{"line":46,"column":38},"end":{"line":46,"column":54}},{"start":{"line":46,"column":57},"end":{"line":46,"column":59}}]},"2":{"loc":{"start":{"line":51,"column":4},"end":{"line":61,"column":null}},"type":"if","locations":[{"start":{"line":51,"column":4},"end":{"line":61,"column":null}},{"start":{"line":51,"column":4},"end":{"line":61,"column":null}}]},"3":{"loc":{"start":{"line":54,"column":6},"end":{"line":60,"column":null}},"type":"if","locations":[{"start":{"line":54,"column":6},"end":{"line":60,"column":null}},{"start":{"line":54,"column":6},"end":{"line":60,"column":null}}]},"4":{"loc":{"start":{"line":55,"column":8},"end":{"line":59,"column":null}},"type":"if","locations":[{"start":{"line":55,"column":8},"end":{"line":59,"column":null}},{"start":{"line":55,"column":8},"end":{"line":59,"column":null}}]},"5":{"loc":{"start":{"line":62,"column":4},"end":{"line":65,"column":null}},"type":"if","locations":[{"start":{"line":62,"column":4},"end":{"line":65,"column":null}},{"start":{"line":62,"column":4},"end":{"line":65,"column":null}}]},"6":{"loc":{"start":{"line":72,"column":38},"end":{"line":72,"column":43}},"type":"default-arg","locations":[{"start":{"line":72,"column":38},"end":{"line":72,"column":43}}]},"7":{"loc":{"start":{"line":82,"column":8},"end":{"line":88,"column":null}},"type":"if","locations":[{"start":{"line":82,"column":8},"end":{"line":88,"column":null}},{"start":{"line":82,"column":8},"end":{"line":88,"column":null}}]},"8":{"loc":{"start":{"line":83,"column":46},"end":{"line":83,"column":49}},"type":"cond-expr","locations":[{"start":{"line":83,"column":46},"end":{"line":83,"column":49}},{"start":{"line":83,"column":53},"end":{"line":83,"column":60}}]},"9":{"loc":{"start":{"line":83,"column":46},"end":{"line":83,"column":53}},"type":"binary-expr","locations":[{"start":{"line":83,"column":46},"end":{"line":83,"column":53}},{"start":{"line":83,"column":46},"end":{"line":83,"column":53}}]},"10":{"loc":{"start":{"line":84,"column":15},"end":{"line":88,"column":null}},"type":"if","locations":[{"start":{"line":84,"column":15},"end":{"line":88,"column":null}},{"start":{"line":84,"column":15},"end":{"line":88,"column":null}}]},"11":{"loc":{"start":{"line":85,"column":20},"end":{"line":85,"column":23}},"type":"cond-expr","locations":[{"start":{"line":85,"column":20},"end":{"line":85,"column":23}},{"start":{"line":85,"column":27},"end":{"line":85,"column":34}}]},"12":{"loc":{"start":{"line":85,"column":20},"end":{"line":85,"column":27}},"type":"binary-expr","locations":[{"start":{"line":85,"column":20},"end":{"line":85,"column":27}},{"start":{"line":85,"column":20},"end":{"line":85,"column":27}}]},"13":{"loc":{"start":{"line":87,"column":54},"end":{"line":87,"column":57}},"type":"cond-expr","locations":[{"start":{"line":87,"column":54},"end":{"line":87,"column":57}},{"start":{"line":87,"column":61},"end":{"line":87,"column":68}}]},"14":{"loc":{"start":{"line":87,"column":54},"end":{"line":87,"column":61}},"type":"binary-expr","locations":[{"start":{"line":87,"column":54},"end":{"line":87,"column":61}},{"start":{"line":87,"column":54},"end":{"line":87,"column":61}}]},"15":{"loc":{"start":{"line":93,"column":4},"end":{"line":97,"column":null}},"type":"if","locations":[{"start":{"line":93,"column":4},"end":{"line":97,"column":null}},{"start":{"line":93,"column":4},"end":{"line":97,"column":null}}]}},"s":{"0":1,"1":1,"2":1,"3":1,"4":16,"5":16,"6":3,"7":0,"8":14,"9":5,"10":9,"11":8,"12":7,"13":1,"14":14,"15":13,"16":0,"17":0,"18":0,"19":0,"20":0,"21":0,"22":0,"23":0,"24":0,"25":0,"26":0,"27":0,"28":0,"29":0,"30":0,"31":0,"32":1},"f":{"0":16,"1":0,"2":14,"3":0,"4":0,"5":0,"6":0},"b":{"0":[3,13],"1":[0,0],"2":[5,9],"3":[8,1],"4":[7,1],"5":[13,1],"6":[0],"7":[0,0],"8":[0,0],"9":[0,0],"10":[0,0],"11":[0,0],"12":[0,0],"13":[0,0],"14":[0,0],"15":[0,0]}}
,"/Users/vedmalex/work/pipeline.js/src/stage.ts": {"path":"/Users/vedmalex/work/pipeline.js/src/stage.ts","statementMap":{"0":{"start":{"line":1,"column":0},"end":{"line":1,"column":47}},"1":{"start":{"line":2,"column":0},"end":{"line":2,"column":null}},"2":{"start":{"line":12,"column":0},"end":{"line":12,"column":55}},"3":{"start":{"line":13,"column":0},"end":{"line":13,"column":59}},"4":{"start":{"line":14,"column":0},"end":{"line":14,"column":55}},"5":{"start":{"line":15,"column":0},"end":{"line":15,"column":59}},"6":{"start":{"line":16,"column":0},"end":{"line":16,"column":53}},"7":{"start":{"line":26,"column":4},"end":{"line":35,"column":null}},"8":{"start":{"line":27,"column":16},"end":{"line":27,"column":38}},"9":{"start":{"line":28,"column":6},"end":{"line":32,"column":null}},"10":{"start":{"line":29,"column":8},"end":{"line":29,"column":null}},"11":{"start":{"line":31,"column":8},"end":{"line":31,"column":null}},"12":{"start":{"line":34,"column":6},"end":{"line":34,"column":null}},"13":{"start":{"line":22,"column":4},"end":{"line":22,"column":null}},"14":{"start":{"line":39,"column":4},"end":{"line":39,"column":null}},"15":{"start":{"line":43,"column":4},"end":{"line":43,"column":null}},"16":{"start":{"line":65,"column":4},"end":{"line":84,"column":null}},"17":{"start":{"line":66,"column":6},"end":{"line":66,"column":null}},"18":{"start":{"line":68,"column":11},"end":{"line":84,"column":null}},"19":{"start":{"line":69,"column":6},"end":{"line":78,"column":null}},"20":{"start":{"line":71,"column":8},"end":{"line":71,"column":null}},"21":{"start":{"line":72,"column":8},"end":{"line":72,"column":null}},"22":{"start":{"line":73,"column":8},"end":{"line":73,"column":null}},"23":{"start":{"line":76,"column":8},"end":{"line":76,"column":null}},"24":{"start":{"line":77,"column":8},"end":{"line":77,"column":null}},"25":{"start":{"line":81,"column":6},"end":{"line":81,"column":null}},"26":{"start":{"line":82,"column":6},"end":{"line":82,"column":null}},"27":{"start":{"line":83,"column":6},"end":{"line":83,"column":null}},"28":{"start":{"line":86,"column":4},"end":{"line":88,"column":null}},"29":{"start":{"line":87,"column":6},"end":{"line":87,"column":null}},"30":{"start":{"line":89,"column":4},"end":{"line":139,"column":null}},"31":{"start":{"line":90,"column":6},"end":{"line":95,"column":null}},"32":{"start":{"line":91,"column":8},"end":{"line":94,"column":null}},"33":{"start":{"line":92,"column":10},"end":{"line":93,"column":null}},"34":{"start":{"line":92,"column":19},"end":{"line":92,"column":null}},"35":{"start":{"line":93,"column":15},"end":{"line":93,"column":null}},"36":{"start":{"line":97,"column":23},"end":{"line":97,"column":33}},"37":{"start":{"line":98,"column":6},"end":{"line":138,"column":null}},"38":{"start":{"line":99,"column":8},"end":{"line":99,"column":null}},"39":{"start":{"line":101,"column":8},"end":{"line":137,"column":null}},"40":{"start":{"line":102,"column":10},"end":{"line":113,"column":null}},"41":{"start":{"line":103,"column":12},"end":{"line":112,"column":null}},"42":{"start":{"line":104,"column":14},"end":{"line":109,"column":null}},"43":{"start":{"line":105,"column":16},"end":{"line":105,"column":null}},"44":{"start":{"line":108,"column":16},"end":{"line":108,"column":null}},"45":{"start":{"line":111,"column":14},"end":{"line":111,"column":null}},"46":{"start":{"line":114,"column":15},"end":{"line":137,"column":null}},"47":{"start":{"line":115,"column":10},"end":{"line":134,"column":null}},"48":{"start":{"line":119,"column":14},"end":{"line":132,"column":null}},"49":{"start":{"line":120,"column":16},"end":{"line":129,"column":null}},"50":{"start":{"line":121,"column":18},"end":{"line":125,"column":null}},"51":{"start":{"line":128,"column":18},"end":{"line":128,"column":null}},"52":{"start":{"line":131,"column":16},"end":{"line":131,"column":null}},"53":{"start":{"line":136,"column":10},"end":{"line":136,"column":null}},"54":{"start":{"line":147,"column":4},"end":{"line":161,"column":null}},"55":{"start":{"line":148,"column":6},"end":{"line":154,"column":null}},"56":{"start":{"line":149,"column":8},"end":{"line":153,"column":null}},"57":{"start":{"line":150,"column":10},"end":{"line":150,"column":null}},"58":{"start":{"line":152,"column":10},"end":{"line":152,"column":null}},"59":{"start":{"line":156,"column":6},"end":{"line":160,"column":null}},"60":{"start":{"line":166,"column":4},"end":{"line":168,"column":null}},"61":{"start":{"line":167,"column":6},"end":{"line":167,"column":null}},"62":{"start":{"line":169,"column":4},"end":{"line":175,"column":null}},"63":{"start":{"line":170,"column":6},"end":{"line":170,"column":null}},"64":{"start":{"line":171,"column":11},"end":{"line":175,"column":null}},"65":{"start":{"line":172,"column":6},"end":{"line":172,"column":null}},"66":{"start":{"line":174,"column":6},"end":{"line":174,"column":null}},"67":{"start":{"line":176,"column":4},"end":{"line":176,"column":null}},"68":{"start":{"line":187,"column":4},"end":{"line":189,"column":null}},"69":{"start":{"line":188,"column":6},"end":{"line":188,"column":null}},"70":{"start":{"line":188,"column":34},"end":{"line":188,"column":null}},"71":{"start":{"line":190,"column":4},"end":{"line":197,"column":null}},"72":{"start":{"line":191,"column":6},"end":{"line":193,"column":null}},"73":{"start":{"line":192,"column":8},"end":{"line":192,"column":null}},"74":{"start":{"line":196,"column":6},"end":{"line":196,"column":null}},"75":{"start":{"line":201,"column":4},"end":{"line":201,"column":null}},"76":{"start":{"line":209,"column":4},"end":{"line":227,"column":null}},"77":{"start":{"line":213,"column":8},"end":{"line":225,"column":null}},"78":{"start":{"line":214,"column":10},"end":{"line":214,"column":null}},"79":{"start":{"line":216,"column":10},"end":{"line":224,"column":null}},"80":{"start":{"line":217,"column":12},"end":{"line":221,"column":null}},"81":{"start":{"line":218,"column":14},"end":{"line":218,"column":null}},"82":{"start":{"line":219,"column":19},"end":{"line":221,"column":null}},"83":{"start":{"line":220,"column":14},"end":{"line":220,"column":null}},"84":{"start":{"line":223,"column":12},"end":{"line":223,"column":null}},"85":{"start":{"line":234,"column":4},"end":{"line":247,"column":null}},"86":{"start":{"line":238,"column":8},"end":{"line":245,"column":null}},"87":{"start":{"line":239,"column":10},"end":{"line":239,"column":null}},"88":{"start":{"line":241,"column":10},"end":{"line":244,"column":null}},"89":{"start":{"line":243,"column":12},"end":{"line":243,"column":null}},"90":{"start":{"line":20,"column":0},"end":{"line":20,"column":13}}},"fnMap":{"0":{"name":"(anonymous_0)","decl":{"start":{"line":25,"column":2},"end":{"line":25,"column":14}},"loc":{"start":{"line":25,"column":44},"end":{"line":36,"column":3}}},"1":{"name":"(anonymous_1)","decl":{"start":{"line":21,"column":2},"end":{"line":21,"column":13}},"loc":{"start":{"line":21,"column":19},"end":{"line":23,"column":3}}},"2":{"name":"(anonymous_2)","decl":{"start":{"line":38,"column":2},"end":{"line":38,"column":13}},"loc":{"start":{"line":38,"column":23},"end":{"line":40,"column":3}}},"3":{"name":"(anonymous_3)","decl":{"start":{"line":42,"column":2},"end":{"line":42,"column":13}},"loc":{"start":{"line":42,"column":17},"end":{"line":44,"column":3}}},"4":{"name":"(anonymous_4)","decl":{"start":{"line":55,"column":9},"end":{"line":55,"column":16}},"loc":{"start":{"line":58,"column":39},"end":{"line":140,"column":3}}},"5":{"name":"(anonymous_5)","decl":{"start":{"line":90,"column":25},"end":{"line":90,"column":26}},"loc":{"start":{"line":90,"column":38},"end":{"line":95,"column":7}}},"6":{"name":"(anonymous_6)","decl":{"start":{"line":91,"column":40},"end":{"line":91,"column":41}},"loc":{"start":{"line":91,"column":69},"end":{"line":94,"column":9}}},"7":{"name":"(anonymous_7)","decl":{"start":{"line":102,"column":51},"end":{"line":102,"column":52}},"loc":{"start":{"line":102,"column":77},"end":{"line":113,"column":11}}},"8":{"name":"(anonymous_8)","decl":{"start":{"line":118,"column":12},"end":{"line":118,"column":13}},"loc":{"start":{"line":118,"column":38},"end":{"line":133,"column":13}}},"9":{"name":"(anonymous_9)","decl":{"start":{"line":142,"column":12},"end":{"line":142,"column":17}},"loc":{"start":{"line":145,"column":37},"end":{"line":162,"column":3}}},"10":{"name":"(anonymous_10)","decl":{"start":{"line":148,"column":55},"end":{"line":148,"column":56}},"loc":{"start":{"line":148,"column":71},"end":{"line":154,"column":7}}},"11":{"name":"(anonymous_11)","decl":{"start":{"line":164,"column":9},"end":{"line":164,"column":16}},"loc":{"start":{"line":164,"column":41},"end":{"line":177,"column":3}}},"12":{"name":"(anonymous_12)","decl":{"start":{"line":182,"column":12},"end":{"line":182,"column":18}},"loc":{"start":{"line":185,"column":37},"end":{"line":198,"column":3}}},"13":{"name":"(anonymous_13)","decl":{"start":{"line":191,"column":56},"end":{"line":191,"column":57}},"loc":{"start":{"line":191,"column":73},"end":{"line":193,"column":7}}},"14":{"name":"(anonymous_14)","decl":{"start":{"line":200,"column":9},"end":{"line":200,"column":17}},"loc":{"start":{"line":200,"column":17},"end":{"line":202,"column":3}}},"15":{"name":"(anonymous_15)","decl":{"start":{"line":204,"column":12},"end":{"line":204,"column":20}},"loc":{"start":{"line":207,"column":33},"end":{"line":228,"column":3}}},"16":{"name":"(anonymous_16)","decl":{"start":{"line":212,"column":6},"end":{"line":212,"column":7}},"loc":{"start":{"line":212,"column":62},"end":{"line":226,"column":7}}},"17":{"name":"(anonymous_17)","decl":{"start":{"line":229,"column":12},"end":{"line":229,"column":18}},"loc":{"start":{"line":232,"column":33},"end":{"line":248,"column":3}}},"18":{"name":"(anonymous_18)","decl":{"start":{"line":237,"column":6},"end":{"line":237,"column":7}},"loc":{"start":{"line":237,"column":56},"end":{"line":246,"column":7}}}},"branchMap":{"0":{"loc":{"start":{"line":26,"column":4},"end":{"line":35,"column":null}},"type":"if","locations":[{"start":{"line":26,"column":4},"end":{"line":35,"column":null}},{"start":{"line":26,"column":4},"end":{"line":35,"column":null}}]},"1":{"loc":{"start":{"line":28,"column":6},"end":{"line":32,"column":null}},"type":"if","locations":[{"start":{"line":28,"column":6},"end":{"line":32,"column":null}},{"start":{"line":28,"column":6},"end":{"line":32,"column":null}}]},"2":{"loc":{"start":{"line":39,"column":38},"end":{"line":39,"column":55}},"type":"cond-expr","locations":[{"start":{"line":39,"column":38},"end":{"line":39,"column":55}},{"start":{"line":39,"column":58},"end":{"line":39,"column":60}}]},"3":{"loc":{"start":{"line":43,"column":28},"end":{"line":43,"column":32}},"type":"cond-expr","locations":[{"start":{"line":43,"column":28},"end":{"line":43,"column":32}},{"start":{"line":43,"column":32},"end":{"line":43,"column":34}}]},"4":{"loc":{"start":{"line":43,"column":11},"end":{"line":43,"column":32}},"type":"binary-expr","locations":[{"start":{"line":43,"column":11},"end":{"line":43,"column":32}},{"start":{"line":43,"column":28},"end":{"line":43,"column":32}}]},"5":{"loc":{"start":{"line":65,"column":4},"end":{"line":84,"column":null}},"type":"if","locations":[{"start":{"line":65,"column":4},"end":{"line":84,"column":null}},{"start":{"line":65,"column":4},"end":{"line":84,"column":null}}]},"6":{"loc":{"start":{"line":68,"column":11},"end":{"line":84,"column":null}},"type":"if","locations":[{"start":{"line":68,"column":11},"end":{"line":84,"column":null}},{"start":{"line":68,"column":11},"end":{"line":84,"column":null}}]},"7":{"loc":{"start":{"line":69,"column":6},"end":{"line":78,"column":null}},"type":"if","locations":[{"start":{"line":69,"column":6},"end":{"line":78,"column":null}},{"start":{"line":69,"column":6},"end":{"line":78,"column":null}}]},"8":{"loc":{"start":{"line":86,"column":4},"end":{"line":88,"column":null}},"type":"if","locations":[{"start":{"line":86,"column":4},"end":{"line":88,"column":null}},{"start":{"line":86,"column":4},"end":{"line":88,"column":null}}]},"9":{"loc":{"start":{"line":89,"column":4},"end":{"line":139,"column":null}},"type":"if","locations":[{"start":{"line":89,"column":4},"end":{"line":139,"column":null}},{"start":{"line":89,"column":4},"end":{"line":139,"column":null}}]},"10":{"loc":{"start":{"line":92,"column":10},"end":{"line":93,"column":null}},"type":"if","locations":[{"start":{"line":92,"column":10},"end":{"line":93,"column":null}},{"start":{"line":92,"column":10},"end":{"line":93,"column":null}}]},"11":{"loc":{"start":{"line":98,"column":6},"end":{"line":138,"column":null}},"type":"if","locations":[{"start":{"line":98,"column":6},"end":{"line":138,"column":null}},{"start":{"line":98,"column":6},"end":{"line":138,"column":null}}]},"12":{"loc":{"start":{"line":98,"column":10},"end":{"line":98,"column":13}},"type":"binary-expr","locations":[{"start":{"line":98,"column":10},"end":{"line":98,"column":13}},{"start":{"line":98,"column":17},"end":{"line":98,"column":33}},{"start":{"line":98,"column":37},"end":{"line":98,"column":69}}]},"13":{"loc":{"start":{"line":101,"column":8},"end":{"line":137,"column":null}},"type":"if","locations":[{"start":{"line":101,"column":8},"end":{"line":137,"column":null}},{"start":{"line":101,"column":8},"end":{"line":137,"column":null}}]},"14":{"loc":{"start":{"line":103,"column":12},"end":{"line":112,"column":null}},"type":"if","locations":[{"start":{"line":103,"column":12},"end":{"line":112,"column":null}},{"start":{"line":103,"column":12},"end":{"line":112,"column":null}}]},"15":{"loc":{"start":{"line":103,"column":16},"end":{"line":103,"column":19}},"type":"binary-expr","locations":[{"start":{"line":103,"column":16},"end":{"line":103,"column":19}},{"start":{"line":103,"column":23},"end":{"line":103,"column":27}}]},"16":{"loc":{"start":{"line":104,"column":14},"end":{"line":109,"column":null}},"type":"if","locations":[{"start":{"line":104,"column":14},"end":{"line":109,"column":null}},{"start":{"line":104,"column":14},"end":{"line":109,"column":null}}]},"17":{"loc":{"start":{"line":104,"column":18},"end":{"line":104,"column":34}},"type":"binary-expr","locations":[{"start":{"line":104,"column":18},"end":{"line":104,"column":34}},{"start":{"line":104,"column":38},"end":{"line":104,"column":70}}]},"18":{"loc":{"start":{"line":105,"column":54},"end":{"line":105,"column":57}},"type":"cond-expr","locations":[{"start":{"line":105,"column":54},"end":{"line":105,"column":57}},{"start":{"line":105,"column":61},"end":{"line":105,"column":68}}]},"19":{"loc":{"start":{"line":105,"column":54},"end":{"line":105,"column":61}},"type":"binary-expr","locations":[{"start":{"line":105,"column":54},"end":{"line":105,"column":61}},{"start":{"line":105,"column":54},"end":{"line":105,"column":61}}]},"20":{"loc":{"start":{"line":108,"column":24},"end":{"line":108,"column":27}},"type":"cond-expr","locations":[{"start":{"line":108,"column":24},"end":{"line":108,"column":27}},{"start":{"line":108,"column":24},"end":{"line":108,"column":78}}]},"21":{"loc":{"start":{"line":108,"column":16},"end":{"line":108,"column":27}},"type":"binary-expr","locations":[{"start":{"line":108,"column":16},"end":{"line":108,"column":27}},{"start":{"line":108,"column":24},"end":{"line":108,"column":27}}]},"22":{"loc":{"start":{"line":108,"column":53},"end":{"line":108,"column":56}},"type":"cond-expr","locations":[{"start":{"line":108,"column":53},"end":{"line":108,"column":56}},{"start":{"line":108,"column":60},"end":{"line":108,"column":67}}]},"23":{"loc":{"start":{"line":108,"column":53},"end":{"line":108,"column":60}},"type":"binary-expr","locations":[{"start":{"line":108,"column":53},"end":{"line":108,"column":60}},{"start":{"line":108,"column":53},"end":{"line":108,"column":60}}]},"24":{"loc":{"start":{"line":111,"column":22},"end":{"line":111,"column":25}},"type":"cond-expr","locations":[{"start":{"line":111,"column":22},"end":{"line":111,"column":25}},{"start":{"line":111,"column":22},"end":{"line":111,"column":61}}]},"25":{"loc":{"start":{"line":111,"column":14},"end":{"line":111,"column":25}},"type":"binary-expr","locations":[{"start":{"line":111,"column":14},"end":{"line":111,"column":25}},{"start":{"line":111,"column":22},"end":{"line":111,"column":25}}]},"26":{"loc":{"start":{"line":111,"column":36},"end":{"line":111,"column":39}},"type":"cond-expr","locations":[{"start":{"line":111,"column":36},"end":{"line":111,"column":39}},{"start":{"line":111,"column":43},"end":{"line":111,"column":50}}]},"27":{"loc":{"start":{"line":111,"column":36},"end":{"line":111,"column":43}},"type":"binary-expr","locations":[{"start":{"line":111,"column":36},"end":{"line":111,"column":43}},{"start":{"line":111,"column":36},"end":{"line":111,"column":43}}]},"28":{"loc":{"start":{"line":114,"column":15},"end":{"line":137,"column":null}},"type":"if","locations":[{"start":{"line":114,"column":15},"end":{"line":137,"column":null}},{"start":{"line":114,"column":15},"end":{"line":137,"column":null}}]},"29":{"loc":{"start":{"line":119,"column":14},"end":{"line":132,"column":null}},"type":"if","locations":[{"start":{"line":119,"column":14},"end":{"line":132,"column":null}},{"start":{"line":119,"column":14},"end":{"line":132,"column":null}}]},"30":{"loc":{"start":{"line":119,"column":18},"end":{"line":119,"column":21}},"type":"binary-expr","locations":[{"start":{"line":119,"column":18},"end":{"line":119,"column":21}},{"start":{"line":119,"column":25},"end":{"line":119,"column":29}}]},"31":{"loc":{"start":{"line":120,"column":16},"end":{"line":129,"column":null}},"type":"if","locations":[{"start":{"line":120,"column":16},"end":{"line":129,"column":null}},{"start":{"line":120,"column":16},"end":{"line":129,"column":null}}]},"32":{"loc":{"start":{"line":120,"column":20},"end":{"line":120,"column":36}},"type":"binary-expr","locations":[{"start":{"line":120,"column":20},"end":{"line":120,"column":36}},{"start":{"line":120,"column":40},"end":{"line":120,"column":72}}]},"33":{"loc":{"start":{"line":123,"column":20},"end":{"line":123,"column":23}},"type":"cond-expr","locations":[{"start":{"line":123,"column":20},"end":{"line":123,"column":23}},{"start":{"line":123,"column":27},"end":{"line":123,"column":34}}]},"34":{"loc":{"start":{"line":123,"column":20},"end":{"line":123,"column":27}},"type":"binary-expr","locations":[{"start":{"line":123,"column":20},"end":{"line":123,"column":27}},{"start":{"line":123,"column":20},"end":{"line":123,"column":27}}]},"35":{"loc":{"start":{"line":128,"column":26},"end":{"line":128,"column":29}},"type":"cond-expr","locations":[{"start":{"line":128,"column":26},"end":{"line":128,"column":29}},{"start":{"line":128,"column":26},"end":{"line":128,"column":80}}]},"36":{"loc":{"start":{"line":128,"column":18},"end":{"line":128,"column":29}},"type":"binary-expr","locations":[{"start":{"line":128,"column":18},"end":{"line":128,"column":29}},{"start":{"line":128,"column":26},"end":{"line":128,"column":29}}]},"37":{"loc":{"start":{"line":128,"column":55},"end":{"line":128,"column":58}},"type":"cond-expr","locations":[{"start":{"line":128,"column":55},"end":{"line":128,"column":58}},{"start":{"line":128,"column":62},"end":{"line":128,"column":69}}]},"38":{"loc":{"start":{"line":128,"column":55},"end":{"line":128,"column":62}},"type":"binary-expr","locations":[{"start":{"line":128,"column":55},"end":{"line":128,"column":62}},{"start":{"line":128,"column":55},"end":{"line":128,"column":62}}]},"39":{"loc":{"start":{"line":131,"column":24},"end":{"line":131,"column":27}},"type":"cond-expr","locations":[{"start":{"line":131,"column":24},"end":{"line":131,"column":27}},{"start":{"line":131,"column":24},"end":{"line":131,"column":63}}]},"40":{"loc":{"start":{"line":131,"column":16},"end":{"line":131,"column":27}},"type":"binary-expr","locations":[{"start":{"line":131,"column":16},"end":{"line":131,"column":27}},{"start":{"line":131,"column":24},"end":{"line":131,"column":27}}]},"41":{"loc":{"start":{"line":131,"column":38},"end":{"line":131,"column":41}},"type":"cond-expr","locations":[{"start":{"line":131,"column":38},"end":{"line":131,"column":41}},{"start":{"line":131,"column":45},"end":{"line":131,"column":52}}]},"42":{"loc":{"start":{"line":131,"column":38},"end":{"line":131,"column":45}},"type":"binary-expr","locations":[{"start":{"line":131,"column":38},"end":{"line":131,"column":45}},{"start":{"line":131,"column":38},"end":{"line":131,"column":45}}]},"43":{"loc":{"start":{"line":136,"column":18},"end":{"line":136,"column":21}},"type":"cond-expr","locations":[{"start":{"line":136,"column":18},"end":{"line":136,"column":21}},{"start":{"line":136,"column":18},"end":{"line":136,"column":50}}]},"44":{"loc":{"start":{"line":136,"column":10},"end":{"line":136,"column":21}},"type":"binary-expr","locations":[{"start":{"line":136,"column":10},"end":{"line":136,"column":21}},{"start":{"line":136,"column":18},"end":{"line":136,"column":21}}]},"45":{"loc":{"start":{"line":147,"column":4},"end":{"line":161,"column":null}},"type":"if","locations":[{"start":{"line":147,"column":4},"end":{"line":161,"column":null}},{"start":{"line":147,"column":4},"end":{"line":161,"column":null}}]},"46":{"loc":{"start":{"line":149,"column":8},"end":{"line":153,"column":null}},"type":"if","locations":[{"start":{"line":149,"column":8},"end":{"line":153,"column":null}},{"start":{"line":149,"column":8},"end":{"line":153,"column":null}}]},"47":{"loc":{"start":{"line":164,"column":36},"end":{"line":164,"column":41}},"type":"default-arg","locations":[{"start":{"line":164,"column":36},"end":{"line":164,"column":41}}]},"48":{"loc":{"start":{"line":166,"column":4},"end":{"line":168,"column":null}},"type":"if","locations":[{"start":{"line":166,"column":4},"end":{"line":168,"column":null}},{"start":{"line":166,"column":4},"end":{"line":168,"column":null}}]},"49":{"loc":{"start":{"line":169,"column":4},"end":{"line":175,"column":null}},"type":"if","locations":[{"start":{"line":169,"column":4},"end":{"line":175,"column":null}},{"start":{"line":169,"column":4},"end":{"line":175,"column":null}}]},"50":{"loc":{"start":{"line":171,"column":11},"end":{"line":175,"column":null}},"type":"if","locations":[{"start":{"line":171,"column":11},"end":{"line":175,"column":null}},{"start":{"line":171,"column":11},"end":{"line":175,"column":null}}]},"51":{"loc":{"start":{"line":171,"column":15},"end":{"line":171,"column":24}},"type":"binary-expr","locations":[{"start":{"line":171,"column":15},"end":{"line":171,"column":24}},{"start":{"line":171,"column":28},"end":{"line":171,"column":35}}]},"52":{"loc":{"start":{"line":187,"column":4},"end":{"line":189,"column":null}},"type":"if","locations":[{"start":{"line":187,"column":4},"end":{"line":189,"column":null}},{"start":{"line":187,"column":4},"end":{"line":189,"column":null}}]},"53":{"loc":{"start":{"line":187,"column":8},"end":{"line":187,"column":11}},"type":"binary-expr","locations":[{"start":{"line":187,"column":8},"end":{"line":187,"column":11}},{"start":{"line":187,"column":15},"end":{"line":187,"column":38}}]},"54":{"loc":{"start":{"line":188,"column":6},"end":{"line":188,"column":null}},"type":"if","locations":[{"start":{"line":188,"column":6},"end":{"line":188,"column":null}},{"start":{"line":188,"column":6},"end":{"line":188,"column":null}}]},"55":{"loc":{"start":{"line":190,"column":4},"end":{"line":197,"column":null}},"type":"if","locations":[{"start":{"line":190,"column":4},"end":{"line":197,"column":null}},{"start":{"line":190,"column":4},"end":{"line":197,"column":null}}]},"56":{"loc":{"start":{"line":190,"column":8},"end":{"line":190,"column":11}},"type":"binary-expr","locations":[{"start":{"line":190,"column":8},"end":{"line":190,"column":11}},{"start":{"line":190,"column":15},"end":{"line":190,"column":34}}]},"57":{"loc":{"start":{"line":213,"column":8},"end":{"line":225,"column":null}},"type":"if","locations":[{"start":{"line":213,"column":8},"end":{"line":225,"column":null}},{"start":{"line":213,"column":8},"end":{"line":225,"column":null}}]},"58":{"loc":{"start":{"line":216,"column":10},"end":{"line":224,"column":null}},"type":"if","locations":[{"start":{"line":216,"column":10},"end":{"line":224,"column":null}},{"start":{"line":216,"column":10},"end":{"line":224,"column":null}}]},"59":{"loc":{"start":{"line":217,"column":12},"end":{"line":221,"column":null}},"type":"if","locations":[{"start":{"line":217,"column":12},"end":{"line":221,"column":null}},{"start":{"line":217,"column":12},"end":{"line":221,"column":null}}]},"60":{"loc":{"start":{"line":219,"column":19},"end":{"line":221,"column":null}},"type":"if","locations":[{"start":{"line":219,"column":19},"end":{"line":221,"column":null}},{"start":{"line":219,"column":19},"end":{"line":221,"column":null}}]},"61":{"loc":{"start":{"line":238,"column":8},"end":{"line":245,"column":null}},"type":"if","locations":[{"start":{"line":238,"column":8},"end":{"line":245,"column":null}},{"start":{"line":238,"column":8},"end":{"line":245,"column":null}}]},"62":{"loc":{"start":{"line":241,"column":10},"end":{"line":244,"column":null}},"type":"if","locations":[{"start":{"line":241,"column":10},"end":{"line":244,"column":null}},{"start":{"line":241,"column":10},"end":{"line":244,"column":null}}]}},"s":{"0":5,"1":5,"2":5,"3":5,"4":5,"5":5,"6":5,"7":89,"8":57,"9":57,"10":0,"11":57,"12":32,"13":229,"14":13,"15":5,"16":79,"17":0,"18":79,"19":44,"20":44,"21":44,"22":44,"23":0,"24":0,"25":35,"26":35,"27":35,"28":79,"29":43,"30":79,"31":0,"32":0,"33":0,"34":0,"35":0,"36":79,"37":79,"38":0,"39":79,"40":2,"41":2,"42":0,"43":0,"44":0,"45":2,"46":77,"47":0,"48":0,"49":0,"50":0,"51":0,"52":0,"53":77,"54":64,"55":51,"56":51,"57":5,"58":46,"59":13,"60":43,"61":0,"62":43,"63":0,"64":43,"65":28,"66":15,"67":43,"68":18,"69":1,"70":1,"71":18,"72":0,"73":0,"74":18,"75":0,"76":0,"77":0,"78":0,"79":0,"80":0,"81":0,"82":0,"83":0,"84":0,"85":2,"86":2,"87":0,"88":2,"89":2,"90":5},"f":{"0":89,"1":229,"2":13,"3":5,"4":79,"5":0,"6":0,"7":2,"8":0,"9":64,"10":51,"11":43,"12":18,"13":0,"14":0,"15":0,"16":0,"17":2,"18":2},"b":{"0":[57,32],"1":[0,57],"2":[0,13],"3":[4,1],"4":[5,5],"5":[0,79],"6":[44,35],"7":[44,0],"8":[43,36],"9":[0,79],"10":[0,0],"11":[0,79],"12":[79,0,0],"13":[2,77],"14":[0,2],"15":[2,2],"16":[0,0],"17":[0,0],"18":[0,0],"19":[0,0],"20":[0,0],"21":[0,0],"22":[0,0],"23":[0,0],"24":[0,2],"25":[2,2],"26":[2,0],"27":[2,2],"28":[0,77],"29":[0,0],"30":[0,0],"31":[0,0],"32":[0,0],"33":[0,0],"34":[0,0],"35":[0,0],"36":[0,0],"37":[0,0],"38":[0,0],"39":[0,0],"40":[0,0],"41":[0,0],"42":[0,0],"43":[0,77],"44":[77,77],"45":[51,13],"46":[5,46],"47":[35],"48":[0,43],"49":[0,43],"50":[28,15],"51":[43,15],"52":[1,17],"53":[18,18],"54":[1,0],"55":[0,18],"56":[18,18],"57":[0,0],"58":[0,0],"59":[0,0],"60":[0,0],"61":[0,2],"62":[2,0]}}
,"/Users/vedmalex/work/pipeline.js/src/utils/ErrorList.ts": {"path":"/Users/vedmalex/work/pipeline.js/src/utils/ErrorList.ts","statementMap":{"0":{"start":{"line":4,"column":2},"end":{"line":6,"column":null}},"1":{"start":{"line":5,"column":4},"end":{"line":5,"column":null}},"2":{"start":{"line":7,"column":2},"end":{"line":19,"column":null}},"3":{"start":{"line":8,"column":4},"end":{"line":10,"column":null}},"4":{"start":{"line":9,"column":6},"end":{"line":9,"column":null}},"5":{"start":{"line":11,"column":4},"end":{"line":18,"column":null}},"6":{"start":{"line":12,"column":21},"end":{"line":12,"column":64}},"7":{"start":{"line":12,"column":37},"end":{"line":12,"column":38}},"8":{"start":{"line":12,"column":49},"end":{"line":12,"column":63}},"9":{"start":{"line":13,"column":6},"end":{"line":13,"column":null}},"10":{"start":{"line":14,"column":11},"end":{"line":18,"column":null}},"11":{"start":{"line":15,"column":6},"end":{"line":15,"column":null}},"12":{"start":{"line":17,"column":6},"end":{"line":17,"column":null}},"13":{"start":{"line":1,"column":0},"end":{"line":1,"column":16}},"14":{"start":{"line":24,"column":4},"end":{"line":24,"column":null}},"15":{"start":{"line":25,"column":4},"end":{"line":37,"column":null}},"16":{"start":{"line":26,"column":19},"end":{"line":26,"column":39}},"17":{"start":{"line":26,"column":37},"end":{"line":26,"column":38}},"18":{"start":{"line":27,"column":6},"end":{"line":34,"column":null}},"19":{"start":{"line":28,"column":8},"end":{"line":28,"column":null}},"20":{"start":{"line":29,"column":13},"end":{"line":34,"column":null}},"21":{"start":{"line":30,"column":8},"end":{"line":30,"column":null}},"22":{"start":{"line":33,"column":8},"end":{"line":33,"column":null}},"23":{"start":{"line":36,"column":6},"end":{"line":36,"column":null}},"24":{"start":{"line":41,"column":4},"end":{"line":41,"column":null}},"25":{"start":{"line":41,"column":52},"end":{"line":41,"column":61}},"26":{"start":{"line":21,"column":0},"end":{"line":21,"column":13}}},"fnMap":{"0":{"name":"CreateError","decl":{"start":{"line":1,"column":16},"end":{"line":1,"column":27}},"loc":{"start":{"line":2,"column":68},"end":{"line":20,"column":1}}},"1":{"name":"(anonymous_1)","decl":{"start":{"line":12,"column":32},"end":{"line":12,"column":33}},"loc":{"start":{"line":12,"column":37},"end":{"line":12,"column":38}}},"2":{"name":"(anonymous_2)","decl":{"start":{"line":12,"column":44},"end":{"line":12,"column":45}},"loc":{"start":{"line":12,"column":49},"end":{"line":12,"column":63}}},"3":{"name":"(anonymous_3)","decl":{"start":{"line":23,"column":2},"end":{"line":23,"column":14}},"loc":{"start":{"line":23,"column":37},"end":{"line":38,"column":3}}},"4":{"name":"(anonymous_4)","decl":{"start":{"line":26,"column":32},"end":{"line":26,"column":33}},"loc":{"start":{"line":26,"column":37},"end":{"line":26,"column":38}}},"5":{"name":"(anonymous_5)","decl":{"start":{"line":40,"column":2},"end":{"line":40,"column":15}},"loc":{"start":{"line":40,"column":22},"end":{"line":42,"column":3}}},"6":{"name":"(anonymous_6)","decl":{"start":{"line":41,"column":47},"end":{"line":41,"column":48}},"loc":{"start":{"line":41,"column":52},"end":{"line":41,"column":61}}}},"branchMap":{"0":{"loc":{"start":{"line":4,"column":2},"end":{"line":6,"column":null}},"type":"if","locations":[{"start":{"line":4,"column":2},"end":{"line":6,"column":null}},{"start":{"line":4,"column":2},"end":{"line":6,"column":null}}]},"1":{"loc":{"start":{"line":7,"column":2},"end":{"line":19,"column":null}},"type":"if","locations":[{"start":{"line":7,"column":2},"end":{"line":19,"column":null}},{"start":{"line":7,"column":2},"end":{"line":19,"column":null}}]},"2":{"loc":{"start":{"line":8,"column":4},"end":{"line":10,"column":null}},"type":"if","locations":[{"start":{"line":8,"column":4},"end":{"line":10,"column":null}},{"start":{"line":8,"column":4},"end":{"line":10,"column":null}}]},"3":{"loc":{"start":{"line":8,"column":8},"end":{"line":8,"column":32}},"type":"binary-expr","locations":[{"start":{"line":8,"column":8},"end":{"line":8,"column":32}},{"start":{"line":8,"column":36},"end":{"line":8,"column":56}}]},"4":{"loc":{"start":{"line":11,"column":4},"end":{"line":18,"column":null}},"type":"if","locations":[{"start":{"line":11,"column":4},"end":{"line":18,"column":null}},{"start":{"line":11,"column":4},"end":{"line":18,"column":null}}]},"5":{"loc":{"start":{"line":14,"column":11},"end":{"line":18,"column":null}},"type":"if","locations":[{"start":{"line":14,"column":11},"end":{"line":18,"column":null}},{"start":{"line":14,"column":11},"end":{"line":18,"column":null}}]},"6":{"loc":{"start":{"line":25,"column":4},"end":{"line":37,"column":null}},"type":"if","locations":[{"start":{"line":25,"column":4},"end":{"line":37,"column":null}},{"start":{"line":25,"column":4},"end":{"line":37,"column":null}}]},"7":{"loc":{"start":{"line":27,"column":6},"end":{"line":34,"column":null}},"type":"if","locations":[{"start":{"line":27,"column":6},"end":{"line":34,"column":null}},{"start":{"line":27,"column":6},"end":{"line":34,"column":null}}]},"8":{"loc":{"start":{"line":29,"column":13},"end":{"line":34,"column":null}},"type":"if","locations":[{"start":{"line":29,"column":13},"end":{"line":34,"column":null}},{"start":{"line":29,"column":13},"end":{"line":34,"column":null}}]}},"s":{"0":30,"1":14,"2":16,"3":16,"4":2,"5":14,"6":14,"7":28,"8":15,"9":14,"10":0,"11":0,"12":0,"13":5,"14":14,"15":14,"16":14,"17":15,"18":14,"19":1,"20":13,"21":13,"22":0,"23":0,"24":0,"25":0,"26":5},"f":{"0":30,"1":28,"2":15,"3":14,"4":15,"5":0,"6":0},"b":{"0":[14,16],"1":[16,0],"2":[2,14],"3":[16,16],"4":[14,0],"5":[0,0],"6":[14,0],"7":[1,13],"8":[13,0]}}
,"/Users/vedmalex/work/pipeline.js/src/utils/can_fix_error.ts": {"path":"/Users/vedmalex/work/pipeline.js/src/utils/can_fix_error.ts","statementMap":{"0":{"start":{"line":1,"column":0},"end":{"line":1,"column":null}},"1":{"start":{"line":9,"column":2},"end":{"line":9,"column":null}},"2":{"start":{"line":8,"column":0},"end":{"line":8,"column":16}}},"fnMap":{"0":{"name":"can_fix_error","decl":{"start":{"line":8,"column":16},"end":{"line":8,"column":29}},"loc":{"start":{"line":8,"column":66},"end":{"line":10,"column":1}}}},"branchMap":{"0":{"loc":{"start":{"line":9,"column":9},"end":{"line":9,"column":28}},"type":"binary-expr","locations":[{"start":{"line":9,"column":9},"end":{"line":9,"column":28}},{"start":{"line":9,"column":33},"end":{"line":9,"column":46}},{"start":{"line":9,"column":50},"end":{"line":9,"column":70}}]}},"s":{"0":5,"1":0,"2":5},"f":{"0":0},"b":{"0":[0,0,0]}}
,"/Users/vedmalex/work/pipeline.js/src/utils/empty_run.ts": {"path":"/Users/vedmalex/work/pipeline.js/src/utils/empty_run.ts","statementMap":{"0":{"start":{"line":8,"column":2},"end":{"line":8,"column":null}},"1":{"start":{"line":3,"column":0},"end":{"line":3,"column":16}}},"fnMap":{"0":{"name":"empty_run","decl":{"start":{"line":3,"column":16},"end":{"line":3,"column":25}},"loc":{"start":{"line":6,"column":27},"end":{"line":9,"column":1}}}},"branchMap":{},"s":{"0":1,"1":3},"f":{"0":1},"b":{}}
,"/Users/vedmalex/work/pipeline.js/src/utils/errors.ts": {"path":"/Users/vedmalex/work/pipeline.js/src/utils/errors.ts","statementMap":{"0":{"start":{"line":1,"column":13},"end":{"line":3,"column":null}}},"fnMap":{},"branchMap":{},"s":{"0":5},"f":{},"b":{}}
[...]
,"column":9},"end":{"line":52,"column":14}},{"start":{"line":52,"column":9},"end":{"line":52,"column":14}}]},"6":{"loc":{"start":{"line":56,"column":12},"end":{"line":56,"column":14}},"type":"cond-expr","locations":[{"start":{"line":56,"column":12},"end":{"line":56,"column":14}},{"start":{"line":56,"column":9},"end":{"line":56,"column":20}}]},"7":{"loc":{"start":{"line":56,"column":9},"end":{"line":56,"column":14}},"type":"binary-expr","locations":[{"start":{"line":56,"column":9},"end":{"line":56,"column":14}},{"start":{"line":56,"column":9},"end":{"line":56,"column":14}}]},"8":{"loc":{"start":{"line":62,"column":12},"end":{"line":62,"column":14}},"type":"cond-expr","locations":[{"start":{"line":62,"column":12},"end":{"line":62,"column":14}},{"start":{"line":62,"column":9},"end":{"line":62,"column":20}}]},"9":{"loc":{"start":{"line":62,"column":9},"end":{"line":62,"column":14}},"type":"binary-expr","locations":[{"start":{"line":62,"column":9},"end":{"line":62,"column":14}},{"start":{"line":62,"column":9},"end":{"line":62,"column":14}}]},"10":{"loc":{"start":{"line":68,"column":12},"end":{"line":68,"column":14}},"type":"cond-expr","locations":[{"start":{"line":68,"column":12},"end":{"line":68,"column":14}},{"start":{"line":68,"column":9},"end":{"line":68,"column":20}}]},"11":{"loc":{"start":{"line":68,"column":9},"end":{"line":68,"column":14}},"type":"binary-expr","locations":[{"start":{"line":68,"column":9},"end":{"line":68,"column":14}},{"start":{"line":68,"column":9},"end":{"line":68,"column":14}}]},"12":{"loc":{"start":{"line":72,"column":9},"end":{"line":72,"column":22}},"type":"binary-expr","locations":[{"start":{"line":72,"column":9},"end":{"line":72,"column":22}},{"start":{"line":72,"column":26},"end":{"line":72,"column":39}}]},"13":{"loc":{"start":{"line":76,"column":9},"end":{"line":76,"column":22}},"type":"binary-expr","locations":[{"start":{"line":76,"column":9},"end":{"line":76,"column":22}},{"start":{"line":76,"column":26},"end":{"line":76,"column":39}}]},"14":{"loc":{"start":{"line":82,"column":9},"end":{"line":82,"column":22}},"type":"binary-expr","locations":[{"start":{"line":82,"column":9},"end":{"line":82,"column":22}},{"start":{"line":82,"column":26},"end":{"line":82,"column":39}}]},"15":{"loc":{"start":{"line":88,"column":9},"end":{"line":88,"column":22}},"type":"binary-expr","locations":[{"start":{"line":88,"column":9},"end":{"line":88,"column":22}},{"start":{"line":88,"column":26},"end":{"line":88,"column":39}}]},"16":{"loc":{"start":{"line":97,"column":9},"end":{"line":97,"column":31}},"type":"binary-expr","locations":[{"start":{"line":97,"column":9},"end":{"line":97,"column":31}},{"start":{"line":97,"column":35},"end":{"line":97,"column":61}}]},"17":{"loc":{"start":{"line":109,"column":9},"end":{"line":109,"column":28}},"type":"binary-expr","locations":[{"start":{"line":109,"column":9},"end":{"line":109,"column":28}},{"start":{"line":109,"column":32},"end":{"line":109,"column":45}}]},"18":{"loc":{"start":{"line":125,"column":4},"end":{"line":125,"column":17}},"type":"binary-expr","locations":[{"start":{"line":125,"column":4},"end":{"line":125,"column":17}},{"start":{"line":126,"column":4},"end":{"line":126,"column":23}},{"start":{"line":127,"column":4},"end":{"line":127,"column":17}},{"start":{"line":128,"column":4},"end":{"line":128,"column":23}},{"start":{"line":129,"column":4},"end":{"line":129,"column":17}},{"start":{"line":130,"column":4},"end":{"line":130,"column":23}},{"start":{"line":131,"column":4},"end":{"line":131,"column":17}}]},"19":{"loc":{"start":{"line":146,"column":4},"end":{"line":146,"column":17}},"type":"binary-expr","locations":[{"start":{"line":146,"column":4},"end":{"line":146,"column":17}},{"start":{"line":147,"column":4},"end":{"line":147,"column":23}},{"start":{"line":148,"column":4},"end":{"line":148,"column":17}},{"start":{"line":149,"column":4},"end":{"line":149,"column":23}},{"start":{"line":150,"column":4},"end":{"line":150,"column":17}}]},"20":{"loc":{"start":{"line":164,"column":9},"end":{"line":164,"column":22}},"type":"binary-expr","locations":[{"start":{"line":164,"column":9},"end":{"line":164,"column":22}},{"start":{"line":164,"column":26},"end":{"line":164,"column":45}},{"start":{"line":164,"column":49},"end":{"line":164,"column":62}}]},"21":{"loc":{"start":{"line":177,"column":9},"end":{"line":177,"column":22}},"type":"binary-expr","locations":[{"start":{"line":177,"column":9},"end":{"line":177,"column":22}},{"start":{"line":177,"column":26},"end":{"line":177,"column":45}},{"start":{"line":177,"column":49},"end":{"line":177,"column":62}}]},"22":{"loc":{"start":{"line":221,"column":4},"end":{"line":221,"column":30}},"type":"binary-expr","locations":[{"start":{"line":221,"column":4},"end":{"line":221,"column":30}},{"start":{"line":222,"column":4},"end":{"line":222,"column":24}},{"start":{"line":223,"column":4},"end":{"line":223,"column":26}},{"start":{"line":224,"column":4},"end":{"line":224,"column":26}}]},"23":{"loc":{"start":{"line":232,"column":2},"end":{"line":285,"column":null}},"type":"if","locations":[{"start":{"line":232,"column":2},"end":{"line":285,"column":null}},{"start":{"line":232,"column":2},"end":{"line":285,"column":null}}]},"24":{"loc":{"start":{"line":234,"column":9},"end":{"line":285,"column":null}},"type":"if","locations":[{"start":{"line":234,"column":9},"end":{"line":285,"column":null}},{"start":{"line":234,"column":9},"end":{"line":285,"column":null}}]},"25":{"loc":{"start":{"line":236,"column":9},"end":{"line":285,"column":null}},"type":"if","locations":[{"start":{"line":236,"column":9},"end":{"line":285,"column":null}},{"start":{"line":236,"column":9},"end":{"line":285,"column":null}}]},"26":{"loc":{"start":{"line":239,"column":4},"end":{"line":241,"column":null}},"type":"if","locations":[{"start":{"line":239,"column":4},"end":{"line":241,"column":null}},{"start":{"line":239,"column":4},"end":{"line":241,"column":null}}]},"27":{"loc":{"start":{"line":242,"column":4},"end":{"line":244,"column":null}},"type":"if","locations":[{"start":{"line":242,"column":4},"end":{"line":244,"column":null}},{"start":{"line":242,"column":4},"end":{"line":244,"column":null}}]},"28":{"loc":{"start":{"line":245,"column":4},"end":{"line":247,"column":null}},"type":"if","locations":[{"start":{"line":245,"column":4},"end":{"line":247,"column":null}},{"start":{"line":245,"column":4},"end":{"line":247,"column":null}}]},"29":{"loc":{"start":{"line":248,"column":4},"end":{"line":250,"column":null}},"type":"if","locations":[{"start":{"line":248,"column":4},"end":{"line":250,"column":null}},{"start":{"line":248,"column":4},"end":{"line":250,"column":null}}]},"30":{"loc":{"start":{"line":248,"column":8},"end":{"line":248,"column":23}},"type":"binary-expr","locations":[{"start":{"line":248,"column":8},"end":{"line":248,"column":23}},{"start":{"line":248,"column":27},"end":{"line":248,"column":40}}]},"31":{"loc":{"start":{"line":251,"column":4},"end":{"line":253,"column":null}},"type":"if","locations":[{"start":{"line":251,"column":4},"end":{"line":253,"column":null}},{"start":{"line":251,"column":4},"end":{"line":253,"column":null}}]},"32":{"loc":{"start":{"line":251,"column":8},"end":{"line":251,"column":21}},"type":"binary-expr","locations":[{"start":{"line":251,"column":8},"end":{"line":251,"column":21}},{"start":{"line":251,"column":25},"end":{"line":251,"column":38}}]},"33":{"loc":{"start":{"line":254,"column":4},"end":{"line":256,"column":null}},"type":"if","locations":[{"start":{"line":254,"column":4},"end":{"line":256,"column":null}},{"start":{"line":254,"column":4},"end":{"line":256,"column":null}}]},"34":{"loc":{"start":{"line":254,"column":8},"end":{"line":254,"column":21}},"type":"binary-expr","locations":[{"start":{"line":254,"column":8},"end":{"line":254,"column":21}},{"start":{"line":254,"column":25},"end":{"line":254,"column":40}}]},"35":{"loc":{"start":{"line":257,"column":4},"end":{"line":259,"column":null}},"type":"if","locations":[{"start":{"line":257,"column":4},"end":{"line":259,"column":null}},{"start":{"line":257,"column":4},"end":{"line":259,"column":null}}]},"36":{"loc":{"start":{"line":260,"column":4},"end":{"line":262,"column":null}},"type":"if","locations":[{"start":{"line":260,"column":4},"end":{"line":262,"column":null}},{"start":{"line":260,"column":4},"end":{"line":262,"column":null}}]},"37":{"loc":{"start":{"line":263,"column":4},"end":{"line":265,"column":null}},"type":"if","locations":[{"start":{"line":263,"column":4},"end":{"line":265,"column":null}},{"start":{"line":263,"column":4},"end":{"line":265,"column":null}}]},"38":{"loc":{"start":{"line":266,"column":4},"end":{"line":268,"column":null}},"type":"if","locations":[{"start":{"line":266,"column":4},"end":{"line":268,"column":null}},{"start":{"line":266,"column":4},"end":{"line":268,"column":null}}]},"39":{"loc":{"start":{"line":269,"column":4},"end":{"line":281,"column":null}},"type":"if","locations":[{"start":{"line":269,"column":4},"end":{"line":281,"column":null}},{"start":{"line":269,"column":4},"end":{"line":281,"column":null}}]},"40":{"loc":{"start":{"line":277,"column":8},"end":{"line":279,"column":null}},"type":"if","locations":[{"start":{"line":277,"column":8},"end":{"line":279,"column":null}},{"start":{"line":277,"column":8},"end":{"line":279,"column":null}}]},"41":{"loc":{"start":{"line":277,"column":12},"end":{"line":277,"column":26}},"type":"binary-expr","locations":[{"start":{"line":277,"column":12},"end":{"line":277,"column":26}},{"start":{"line":277,"column":30},"end":{"line":277,"column":45}}]},"42":{"loc":{"start":{"line":282,"column":4},"end":{"line":284,"column":null}},"type":"if","locations":[{"start":{"line":282,"column":4},"end":{"line":284,"column":null}},{"start":{"line":282,"column":4},"end":{"line":284,"column":null}}]},"43":{"loc":{"start":{"line":291,"column":2},"end":{"line":300,"column":null}},"type":"if","locations":[{"start":{"line":291,"column":2},"end":{"line":300,"column":null}},{"start":{"line":291,"column":2},"end":{"line":300,"column":null}}]},"44":{"loc":{"start":{"line":291,"column":6},"end":{"line":291,"column":18}},"type":"binary-expr","locations":[{"start":{"line":291,"column":6},"end":{"line":291,"column":18}},{"start":{"line":291,"column":22},"end":{"line":291,"column":32}}]},"45":{"loc":{"start":{"line":293,"column":4},"end":{"line":297,"column":null}},"type":"if","locations":[{"start":{"line":293,"column":4},"end":{"line":297,"column":null}},{"start":{"line":293,"column":4},"end":{"line":297,"column":null}}]},"46":{"loc":{"start":{"line":293,"column":8},"end":{"line":293,"column":13}},"type":"binary-expr","locations":[{"start":{"line":293,"column":8},"end":{"line":293,"column":13}},{"start":{"line":293,"column":17},"end":{"line":293,"column":25}}]},"47":{"loc":{"start":{"line":299,"column":24},"end":{"line":299,"column":28}},"type":"cond-expr","locations":[{"start":{"line":299,"column":24},"end":{"line":299,"column":28}},{"start":{"line":299,"column":28},"end":{"line":299,"column":30}}]},"48":{"loc":{"start":{"line":299,"column":13},"end":{"line":299,"column":28}},"type":"binary-expr","locations":[{"start":{"line":299,"column":13},"end":{"line":299,"column":28}},{"start":{"line":299,"column":24},"end":{"line":299,"column":28}}]},"49":{"loc":{"start":{"line":311,"column":2},"end":{"line":339,"column":null}},"type":"if","locations":[{"start":{"line":311,"column":2},"end":{"line":339,"column":null}},{"start":{"line":311,"column":2},"end":{"line":339,"column":null}}]},"50":{"loc":{"start":{"line":314,"column":8},"end":{"line":320,"column":null}},"type":"if","locations":[{"start":{"line":314,"column":8},"end":{"line":320,"column":null}},{"start":{"line":314,"column":8},"end":{"line":320,"column":null}}]},"51":{"loc":{"start":{"line":316,"column":15},"end":{"line":320,"column":null}},"type":"if","locations":[{"start":{"line":316,"column":15},"end":{"line":320,"column":null}},{"start":{"line":316,"column":15},"end":{"line":320,"column":null}}]},"52":{"loc":{"start":{"line":325,"column":4},"end":{"line":337,"column":null}},"type":"if","locations":[{"start":{"line":325,"column":4},"end":{"line":337,"column":null}},{"start":{"line":325,"column":4},"end":{"line":337,"column":null}}]},"53":{"loc":{"start":{"line":327,"column":11},"end":{"line":337,"column":null}},"type":"if","locations":[{"start":{"line":327,"column":11},"end":{"line":337,"column":null}},{"start":{"line":327,"column":11},"end":{"line":337,"column":null}}]},"54":{"loc":{"start":{"line":327,"column":15},"end":{"line":327,"column":40}},"type":"binary-expr","locations":[{"start":{"line":327,"column":15},"end":{"line":327,"column":40}},{"start":{"line":327,"column":44},"end":{"line":327,"column":70}}]},"55":{"loc":{"start":{"line":328,"column":6},"end":{"line":330,"column":null}},"type":"if","locations":[{"start":{"line":328,"column":6},"end":{"line":330,"column":null}},{"start":{"line":328,"column":6},"end":{"line":330,"column":null}}]},"56":{"loc":{"start":{"line":328,"column":10},"end":{"line":328,"column":20}},"type":"binary-expr","locations":[{"start":{"line":328,"column":10},"end":{"line":328,"column":20}},{"start":{"line":328,"column":24},"end":{"line":328,"column":49}}]},"57":{"loc":{"start":{"line":328,"column":37},"end":{"line":328,"column":39}},"type":"cond-expr","locations":[{"start":{"line":328,"column":37},"end":{"line":328,"column":39}},{"start":{"line":328,"column":37},"end":{"line":328,"column":45}}]},"58":{"loc":{"start":{"line":328,"column":24},"end":{"line":328,"column":39}},"type":"binary-expr","locations":[{"start":{"line":328,"column":24},"end":{"line":328,"column":39}},{"start":{"line":328,"column":37},"end":{"line":328,"column":39}}]},"59":{"loc":{"start":{"line":331,"column":6},"end":{"line":333,"column":null}},"type":"if","locations":[{"start":{"line":331,"column":6},"end":{"line":333,"column":null}},{"start":{"line":331,"column":6},"end":{"line":333,"column":null}}]},"60":{"loc":{"start":{"line":334,"column":6},"end":{"line":336,"column":null}},"type":"if","locations":[{"start":{"line":334,"column":6},"end":{"line":336,"column":null}},{"start":{"line":334,"column":6},"end":{"line":336,"column":null}}]},"61":{"loc":{"start":{"line":346,"column":2},"end":{"line":360,"column":null}},"type":"if","locations":[{"start":{"line":346,"column":2},"end":{"line":360,"column":null}},{"start":{"line":346,"column":2},"end":{"line":360,"column":null}}]},"62":{"loc":{"start":{"line":348,"column":9},"end":{"line":360,"column":null}},"type":"if","locations":[{"start":{"line":348,"column":9},"end":{"line":360,"column":null}},{"start":{"line":348,"column":9},"end":{"line":360,"column":null}}]},"63":{"loc":{"start":{"line":348,"column":13},"end":{"line":348,"column":38}},"type":"binary-expr","locations":[{"start":{"line":348,"column":13},"end":{"line":348,"column":38}},{"start":{"line":348,"column":42},"end":{"line":348,"column":68}}]},"64":{"loc":{"start":{"line":349,"column":4},"end":{"line":351,"column":null}},"type":"if","locations":[{"start":{"line":349,"column":4},"end":{"line":351,"column":null}},{"start":{"line":349,"column":4},"end":{"line":351,"column":null}}]},"65":{"loc":{"start":{"line":349,"column":8},"end":{"line":349,"column":18}},"type":"binary-expr","locations":[{"start":{"line":349,"column":8},"end":{"line":349,"column":18}},{"start":{"line":349,"column":22},"end":{"line":349,"column":34}}]},"66":{"loc":{"start":{"line":354,"column":4},"end":{"line":356,"column":null}},"type":"if","locations":[{"start":{"line":354,"column":4},"end":{"line":356,"column":null}},{"start":{"line":354,"column":4},"end":{"line":356,"column":null}}]},"67":{"loc":{"start":{"line":357,"column":4},"end":{"line":359,"column":null}},"type":"if","locations":[{"start":{"line":357,"column":4},"end":{"line":359,"column":null}},{"start":{"line":357,"column":4},"end":{"line":359,"column":null}}]},"68":{"loc":{"start":{"line":369,"column":2},"end":{"line":377,"column":null}},"type":"if","locations":[{"start":{"line":369,"column":2},"end":{"line":377,"column":null}},{"start":{"line":369,"column":2},"end":{"line":377,"column":null}}]},"69":{"loc":{"start":{"line":392,"column":2},"end":{"line":406,"column":null}},"type":"if","locations":[{"start":{"line":392,"column":2},"end":{"line":406,"column":null}},{"start":{"line":392,"column":2},"end":{"line":406,"column":null}}]},"70":{"loc":{"start":{"line":394,"column":9},"end":{"line":406,"column":null}},"type":"if","locations":[{"start":{"line":394,"column":9},"end":{"line":406,"column":null}},{"start":{"line":394,"column":9},"end":{"line":406,"column":null}}]},"71":{"loc":{"start":{"line":394,"column":13},"end":{"line":394,"column":38}},"type":"binary-expr","locations":[{"start":{"line":394,"column":13},"end":{"line":394,"column":38}},{"start":{"line":394,"column":42},"end":{"line":394,"column":68}}]},"72":{"loc":{"start":{"line":395,"column":4},"end":{"line":397,"column":null}},"type":"if","locations":[{"start":{"line":395,"column":4},"end":{"line":397,"column":null}},{"start":{"line":395,"column":4},"end":{"line":397,"column":null}}]},"73":{"loc":{"start":{"line":395,"column":8},"end":{"line":395,"column":18}},"type":"binary-expr","locations":[{"start":{"line":395,"column":8},"end":{"line":395,"column":18}},{"start":{"line":395,"column":22},"end":{"line":395,"column":34}}]},"74":{"loc":{"start":{"line":398,"column":4},"end":{"line":400,"column":null}},"type":"if","locations":[{"start":{"line":398,"column":4},"end":{"line":400,"column":null}},{"start":{"line":398,"column":4},"end":{"line":400,"column":null}}]},"75":{"loc":{"start":{"line":401,"column":4},"end":{"line":403,"column":null}},"type":"if","locations":[{"start":{"line":401,"column":4},"end":{"line":403,"column":null}},{"start":{"line":401,"column":4},"end":{"line":403,"column":null}}]}},"s":{"0":5,"1":5,"2":5,"3":5,"4":5,"5":5,"6":488,"7":5,"8":101,"9":5,"10":209,"11":5,"12":210,"13":5,"14":179,"15":5,"16":100,"17":5,"18":207,"19":5,"20":133,"21":5,"22":48,"23":5,"24":1,"25":5,"26":0,"27":5,"28":101,"29":5,"30":36,"31":5,"32":36,"33":5,"34":36,"35":5,"36":0,"37":5,"38":67,"39":67,"40":3,"41":64,"42":1,"43":63,"44":27,"45":36,"46":0,"47":36,"48":0,"49":36,"50":0,"51":36,"52":0,"53":36,"54":0,"55":36,"56":0,"57":36,"58":0,"59":36,"60":0,"61":36,"62":0,"63":36,"64":0,"65":36,"66":0,"67":0,"68":0,"69":0,"70":0,"71":0,"72":0,"73":0,"74":0,"75":0,"76":36,"77":36,"78":66,"79":5,"80":36,"81":36,"82":0,"83":0,"84":0,"85":0,"86":36,"87":36,"88":5,"89":3,"90":1,"91":2,"92":2,"93":0,"94":0,"95":0,"96":2,"97":2,"98":0,"99":2,"100":1,"101":0,"102":1,"103":0,"104":1,"105":0,"106":2,"107":5,"108":8,"109":8,"110":1,"111":7,"112":7,"113":0,"114":7,"115":7,"116":7,"117":7,"118":7,"119":0,"120":7,"121":5,"122":0,"123":0,"124":0,"125":0,"126":0,"127":0,"128":5,"129":0,"130":0,"131":0,"132":0,"133":0,"134":0,"135":0,"136":0,"137":0,"138":0,"139":0,"140":0,"141":0,"142":5},"f":{"0":488,"1":101,"2":209,"3":210,"4":179,"5":100,"6":207,"7":133,"8":48,"9":1,"10":0,"11":101,"12":36,"13":36,"14":36,"15":0,"16":67,"17":0,"18":36,"19":3,"20":2,"21":8,"22":0,"23":0,"24":0},"b":{"0":[252,236],"1":[488,488],"2":[252,236],"3":[488,488],"4":[36,65],"5":[101,101],"6":[144,65],"7":[209,209],"8":[144,66],"9":[210,210],"10":[72,107],"11":[179,179],"12":[100,0],"13":[207,0],"14":[133,0],"15":[48,0],"16":[1,0],"17":[0,0],"18":[101,100,100,98,98,95,95],"19":[36,36,36,36,36],"20":[36,36,36],"21":[36,36,36],"22":[0,0,0,0],"23":[3,64],"24":[1,63],"25":[27,36],"26":[0,36],"27":[0,36],"28":[0,36],"29":[0,36],"30":[36,0],"31":[0,36],"32":[36,0],"33":[0,36],"34":[36,0],"35":[0,36],"36":[0,36],"37":[0,36],"38":[0,36],"39":[0,36],"40":[0,0],"41":[0,0],"42":[36,0],"43":[0,36],"44":[36,36],"45":[0,0],"46":[0,0],"47":[0,36],"48":[36,36],"49":[1,2],"50":[2,0],"51":[0,0],"52":[0,2],"53":[1,1],"54":[2,1],"55":[0,1],"56":[1,0],"57":[0,0],"58":[0,0],"59":[0,1],"60":[0,1],"61":[1,7],"62":[7,0],"63":[7,7],"64":[0,7],"65":[7,0],"66":[7,0],"67":[0,7],"68":[0,0],"69":[0,0],"70":[0,0],"71":[0,0],"72":[0,0],"73":[0,0],"74":[0,0],"75":[0,0]}}
}
