{"/Users/vedmalex/work/pipeline.js/src/ErrorList.ts": {"path":"/Users/vedmalex/work/pipeline.js/src/ErrorList.ts","statementMap":{"0":{"start":{"line":4,"column":2},"end":{"line":6,"column":null}},"1":{"start":{"line":5,"column":4},"end":{"line":5,"column":null}},"2":{"start":{"line":7,"column":2},"end":{"line":19,"column":null}},"3":{"start":{"line":8,"column":4},"end":{"line":10,"column":null}},"4":{"start":{"line":9,"column":6},"end":{"line":9,"column":null}},"5":{"start":{"line":11,"column":4},"end":{"line":18,"column":null}},"6":{"start":{"line":12,"column":21},"end":{"line":12,"column":64}},"7":{"start":{"line":12,"column":37},"end":{"line":12,"column":38}},"8":{"start":{"line":12,"column":49},"end":{"line":12,"column":63}},"9":{"start":{"line":13,"column":6},"end":{"line":13,"column":null}},"10":{"start":{"line":14,"column":11},"end":{"line":18,"column":null}},"11":{"start":{"line":15,"column":6},"end":{"line":15,"column":null}},"12":{"start":{"line":17,"column":6},"end":{"line":17,"column":null}},"13":{"start":{"line":1,"column":0},"end":{"line":1,"column":16}},"14":{"start":{"line":24,"column":4},"end":{"line":24,"column":null}},"15":{"start":{"line":25,"column":4},"end":{"line":37,"column":null}},"16":{"start":{"line":26,"column":19},"end":{"line":26,"column":39}},"17":{"start":{"line":26,"column":37},"end":{"line":26,"column":38}},"18":{"start":{"line":27,"column":6},"end":{"line":34,"column":null}},"19":{"start":{"line":28,"column":8},"end":{"line":28,"column":null}},"20":{"start":{"line":29,"column":13},"end":{"line":34,"column":null}},"21":{"start":{"line":30,"column":8},"end":{"line":30,"column":null}},"22":{"start":{"line":33,"column":8},"end":{"line":33,"column":null}},"23":{"start":{"line":36,"column":6},"end":{"line":36,"column":null}},"24":{"start":{"line":41,"column":4},"end":{"line":41,"column":null}},"25":{"start":{"line":41,"column":52},"end":{"line":41,"column":61}},"26":{"start":{"line":21,"column":0},"end":{"line":21,"column":13}}},"fnMap":{"0":{"name":"CreateError","decl":{"start":{"line":1,"column":16},"end":{"line":1,"column":27}},"loc":{"start":{"line":2,"column":68},"end":{"line":20,"column":1}}},"1":{"name":"(anonymous_1)","decl":{"start":{"line":12,"column":32},"end":{"line":12,"column":33}},"loc":{"start":{"line":12,"column":37},"end":{"line":12,"column":38}}},"2":{"name":"(anonymous_2)","decl":{"start":{"line":12,"column":44},"end":{"line":12,"column":45}},"loc":{"start":{"line":12,"column":49},"end":{"line":12,"column":63}}},"3":{"name":"(anonymous_3)","decl":{"start":{"line":23,"column":2},"end":{"line":23,"column":14}},"loc":{"start":{"line":23,"column":37},"end":{"line":38,"column":3}}},"4":{"name":"(anonymous_4)","decl":{"start":{"line":26,"column":32},"end":{"line":26,"column":33}},"loc":{"start":{"line":26,"column":37},"end":{"line":26,"column":38}}},"5":{"name":"(anonymous_5)","decl":{"start":{"line":40,"column":2},"end":{"line":40,"column":15}},"loc":{"start":{"line":40,"column":22},"end":{"line":42,"column":3}}},"6":{"name":"(anonymous_6)","decl":{"start":{"line":41,"column":47},"end":{"line":41,"column":48}},"loc":{"start":{"line":41,"column":52},"end":{"line":41,"column":61}}}},"branchMap":{"0":{"loc":{"start":{"line":4,"column":2},"end":{"line":6,"column":null}},"type":"if","locations":[{"start":{"line":4,"column":2},"end":{"line":6,"column":null}},{"start":{"line":4,"column":2},"end":{"line":6,"column":null}}]},"1":{"loc":{"start":{"line":7,"column":2},"end":{"line":19,"column":null}},"type":"if","locations":[{"start":{"line":7,"column":2},"end":{"line":19,"column":null}},{"start":{"line":7,"column":2},"end":{"line":19,"column":null}}]},"2":{"loc":{"start":{"line":8,"column":4},"end":{"line":10,"column":null}},"type":"if","locations":[{"start":{"line":8,"column":4},"end":{"line":10,"column":null}},{"start":{"line":8,"column":4},"end":{"line":10,"column":null}}]},"3":{"loc":{"start":{"line":8,"column":8},"end":{"line":8,"column":32}},"type":"binary-expr","locations":[{"start":{"line":8,"column":8},"end":{"line":8,"column":32}},{"start":{"line":8,"column":36},"end":{"line":8,"column":56}}]},"4":{"loc":{"start":{"line":11,"column":4},"end":{"line":18,"column":null}},"type":"if","locations":[{"start":{"line":11,"column":4},"end":{"line":18,"column":null}},{"start":{"line":11,"column":4},"end":{"line":18,"column":null}}]},"5":{"loc":{"start":{"line":14,"column":11},"end":{"line":18,"column":null}},"type":"if","locations":[{"start":{"line":14,"column":11},"end":{"line":18,"column":null}},{"start":{"line":14,"column":11},"end":{"line":18,"column":null}}]},"6":{"loc":{"start":{"line":25,"column":4},"end":{"line":37,"column":null}},"type":"if","locations":[{"start":{"line":25,"column":4},"end":{"line":37,"column":null}},{"start":{"line":25,"column":4},"end":{"line":37,"column":null}}]},"7":{"loc":{"start":{"line":27,"column":6},"end":{"line":34,"column":null}},"type":"if","locations":[{"start":{"line":27,"column":6},"end":{"line":34,"column":null}},{"start":{"line":27,"column":6},"end":{"line":34,"column":null}}]},"8":{"loc":{"start":{"line":29,"column":13},"end":{"line":34,"column":null}},"type":"if","locations":[{"start":{"line":29,"column":13},"end":{"line":34,"column":null}},{"start":{"line":29,"column":13},"end":{"line":34,"column":null}}]}},"s":{"0":14,"1":7,"2":7,"3":7,"4":2,"5":5,"6":5,"7":10,"8":5,"9":5,"10":0,"11":0,"12":0,"13":2,"14":5,"15":5,"16":5,"17":5,"18":5,"19":0,"20":5,"21":5,"22":0,"23":0,"24":0,"25":0,"26":2},"f":{"0":14,"1":10,"2":5,"3":5,"4":5,"5":0,"6":0},"b":{"0":[7,7],"1":[7,0],"2":[2,5],"3":[7,7],"4":[5,0],"5":[0,0],"6":[5,0],"7":[0,5],"8":[5,0]}}
,"/Users/vedmalex/work/pipeline.js/src/context.ts": {"path":"/Users/vedmalex/work/pipeline.js/src/context.ts","statementMap":{"0":{"start":{"line":4,"column":0},"end":{"line":4,"column":47}},"1":{"start":{"line":5,"column":0},"end":{"line":5,"column":30}},"2":{"start":{"line":7,"column":13},"end":{"line":7,"column":null}},"3":{"start":{"line":14,"column":17},"end":{"line":29,"column":null}},"4":{"start":{"line":70,"column":4},"end":{"line":70,"column":null}},"5":{"start":{"line":71,"column":16},"end":{"line":109,"column":6}},"6":{"start":{"line":73,"column":8},"end":{"line":73,"column":null}},"7":{"start":{"line":73,"column":34},"end":{"line":73,"column":null}},"8":{"start":{"line":75,"column":8},"end":{"line":79,"column":null}},"9":{"start":{"line":76,"column":10},"end":{"line":76,"column":null}},"10":{"start":{"line":78,"column":10},"end":{"line":78,"column":null}},"11":{"start":{"line":82,"column":8},"end":{"line":90,"column":null}},"12":{"start":{"line":83,"column":10},"end":{"line":83,"column":null}},"13":{"start":{"line":84,"column":10},"end":{"line":84,"column":null}},"14":{"start":{"line":85,"column":15},"end":{"line":90,"column":null}},"15":{"start":{"line":86,"column":10},"end":{"line":86,"column":null}},"16":{"start":{"line":88,"column":10},"end":{"line":88,"column":null}},"17":{"start":{"line":89,"column":10},"end":{"line":89,"column":null}},"18":{"start":{"line":93,"column":8},"end":{"line":97,"column":null}},"19":{"start":{"line":94,"column":10},"end":{"line":94,"column":null}},"20":{"start":{"line":96,"column":10},"end":{"line":96,"column":null}},"21":{"start":{"line":100,"column":8},"end":{"line":104,"column":null}},"22":{"start":{"line":101,"column":10},"end":{"line":101,"column":null}},"23":{"start":{"line":103,"column":10},"end":{"line":103,"column":null}},"24":{"start":{"line":107,"column":8},"end":{"line":107,"column":null}},"25":{"start":{"line":110,"column":4},"end":{"line":110,"column":null}},"26":{"start":{"line":56,"column":4},"end":{"line":60,"column":null}},"27":{"start":{"line":57,"column":6},"end":{"line":57,"column":null}},"28":{"start":{"line":59,"column":6},"end":{"line":59,"column":null}},"29":{"start":{"line":63,"column":4},"end":{"line":63,"column":null}},"30":{"start":{"line":120,"column":16},"end":{"line":120,"column":48}},"31":{"start":{"line":121,"column":4},"end":{"line":121,"column":null}},"32":{"start":{"line":122,"column":4},"end":{"line":122,"column":null}},"33":{"start":{"line":123,"column":4},"end":{"line":123,"column":null}},"34":{"start":{"line":132,"column":15},"end":{"line":132,"column":30}},"35":{"start":{"line":133,"column":4},"end":{"line":140,"column":null}},"36":{"start":{"line":134,"column":19},"end":{"line":134,"column":23}},"37":{"start":{"line":135,"column":6},"end":{"line":138,"column":null}},"38":{"start":{"line":136,"column":8},"end":{"line":136,"column":null}},"39":{"start":{"line":137,"column":8},"end":{"line":137,"column":null}},"40":{"start":{"line":139,"column":6},"end":{"line":139,"column":null}},"41":{"start":{"line":149,"column":4},"end":{"line":149,"column":null}},"42":{"start":{"line":152,"column":4},"end":{"line":152,"column":null}},"43":{"start":{"line":161,"column":4},"end":{"line":168,"column":null}},"44":{"start":{"line":162,"column":6},"end":{"line":165,"column":null}},"45":{"start":{"line":167,"column":6},"end":{"line":167,"column":null}},"46":{"start":{"line":178,"column":15},"end":{"line":178,"column":44}},"47":{"start":{"line":179,"column":4},"end":{"line":179,"column":null}},"48":{"start":{"line":180,"column":4},"end":{"line":180,"column":null}},"49":{"start":{"line":190,"column":4},"end":{"line":193,"column":null}},"50":{"start":{"line":191,"column":18},"end":{"line":191,"column":47}},"51":{"start":{"line":192,"column":6},"end":{"line":192,"column":null}},"52":{"start":{"line":203,"column":16},"end":{"line":203,"column":23}},"53":{"start":{"line":204,"column":4},"end":{"line":208,"column":null}},"54":{"start":{"line":205,"column":6},"end":{"line":207,"column":null}},"55":{"start":{"line":206,"column":8},"end":{"line":206,"column":null}},"56":{"start":{"line":209,"column":4},"end":{"line":209,"column":null}},"57":{"start":{"line":219,"column":4},"end":{"line":219,"column":null}},"58":{"start":{"line":226,"column":4},"end":{"line":226,"column":null}},"59":{"start":{"line":54,"column":0},"end":{"line":54,"column":13}}},"fnMap":{"0":{"name":"(anonymous_0)","decl":{"start":{"line":69,"column":2},"end":{"line":69,"column":22}},"loc":{"start":{"line":69,"column":31},"end":{"line":111,"column":3}}},"1":{"name":"(anonymous_1)","decl":{"start":{"line":72,"column":6},"end":{"line":72,"column":9}},"loc":{"start":{"line":72,"column":65},"end":{"line":80,"column":7}}},"2":{"name":"(anonymous_2)","decl":{"start":{"line":81,"column":6},"end":{"line":81,"column":9}},"loc":{"start":{"line":81,"column":64},"end":{"line":91,"column":7}}},"3":{"name":"(anonymous_3)","decl":{"start":{"line":92,"column":6},"end":{"line":92,"column":20}},"loc":{"start":{"line":92,"column":68},"end":{"line":98,"column":7}}},"4":{"name":"(anonymous_4)","decl":{"start":{"line":99,"column":6},"end":{"line":99,"column":9}},"loc":{"start":{"line":99,"column":57},"end":{"line":105,"column":7}}},"5":{"name":"(anonymous_5)","decl":{"start":{"line":106,"column":6},"end":{"line":106,"column":13}},"loc":{"start":{"line":106,"column":39},"end":{"line":108,"column":7}}},"6":{"name":"(anonymous_6)","decl":{"start":{"line":55,"column":9},"end":{"line":55,"column":15}},"loc":{"start":{"line":55,"column":59},"end":{"line":61,"column":3}}},"7":{"name":"(anonymous_7)","decl":{"start":{"line":62,"column":9},"end":{"line":62,"column":15}},"loc":{"start":{"line":62,"column":52},"end":{"line":64,"column":3}}},"8":{"name":"(anonymous_8)","decl":{"start":{"line":119,"column":2},"end":{"line":119,"column":6}},"loc":{"start":{"line":119,"column":47},"end":{"line":124,"column":3}}},"9":{"name":"(anonymous_9)","decl":{"start":{"line":131,"column":2},"end":{"line":131,"column":5}},"loc":{"start":{"line":131,"column":18},"end":{"line":141,"column":3}}},"10":{"name":"(anonymous_10)","decl":{"start":{"line":148,"column":2},"end":{"line":148,"column":11}},"loc":{"start":{"line":148,"column":11},"end":{"line":150,"column":3}}},"11":{"name":"(anonymous_11)","decl":{"start":{"line":151,"column":2},"end":{"line":151,"column":11}},"loc":{"start":{"line":151,"column":30},"end":{"line":153,"column":3}}},"12":{"name":"(anonymous_12)","decl":{"start":{"line":160,"column":12},"end":{"line":160,"column":20}},"loc":{"start":{"line":160,"column":49},"end":{"line":169,"column":3}}},"13":{"name":"(anonymous_13)","decl":{"start":{"line":177,"column":12},"end":{"line":177,"column":25}},"loc":{"start":{"line":177,"column":54},"end":{"line":181,"column":3}}},"14":{"name":"(anonymous_14)","decl":{"start":{"line":189,"column":12},"end":{"line":189,"column":20}},"loc":{"start":{"line":189,"column":49},"end":{"line":194,"column":3}}},"15":{"name":"(anonymous_15)","decl":{"start":{"line":202,"column":2},"end":{"line":202,"column":10}},"loc":{"start":{"line":202,"column":44},"end":{"line":210,"column":3}}},"16":{"name":"(anonymous_16)","decl":{"start":{"line":217,"column":2},"end":{"line":217,"column":8}},"loc":{"start":{"line":217,"column":8},"end":{"line":220,"column":3}}},"17":{"name":"(anonymous_17)","decl":{"start":{"line":225,"column":2},"end":{"line":225,"column":10}},"loc":{"start":{"line":225,"column":10},"end":{"line":227,"column":3}}}},"branchMap":{"0":{"loc":{"start":{"line":73,"column":8},"end":{"line":73,"column":null}},"type":"if","locations":[{"start":{"line":73,"column":8},"end":{"line":73,"column":null}},{"start":{"line":73,"column":8},"end":{"line":73,"column":null}}]},"1":{"loc":{"start":{"line":75,"column":8},"end":{"line":79,"column":null}},"type":"if","locations":[{"start":{"line":75,"column":8},"end":{"line":79,"column":null}},{"start":{"line":75,"column":8},"end":{"line":79,"column":null}}]},"2":{"loc":{"start":{"line":82,"column":8},"end":{"line":90,"column":null}},"type":"if","locations":[{"start":{"line":82,"column":8},"end":{"line":90,"column":null}},{"start":{"line":82,"column":8},"end":{"line":90,"column":null}}]},"3":{"loc":{"start":{"line":85,"column":15},"end":{"line":90,"column":null}},"type":"if","locations":[{"start":{"line":85,"column":15},"end":{"line":90,"column":null}},{"start":{"line":85,"column":15},"end":{"line":90,"column":null}}]},"4":{"loc":{"start":{"line":93,"column":8},"end":{"line":97,"column":null}},"type":"if","locations":[{"start":{"line":93,"column":8},"end":{"line":97,"column":null}},{"start":{"line":93,"column":8},"end":{"line":97,"column":null}}]},"5":{"loc":{"start":{"line":100,"column":8},"end":{"line":104,"column":null}},"type":"if","locations":[{"start":{"line":100,"column":8},"end":{"line":104,"column":null}},{"start":{"line":100,"column":8},"end":{"line":104,"column":null}}]},"6":{"loc":{"start":{"line":56,"column":4},"end":{"line":60,"column":null}},"type":"if","locations":[{"start":{"line":56,"column":4},"end":{"line":60,"column":null}},{"start":{"line":56,"column":4},"end":{"line":60,"column":null}}]},"7":{"loc":{"start":{"line":133,"column":4},"end":{"line":140,"column":null}},"type":"if","locations":[{"start":{"line":133,"column":4},"end":{"line":140,"column":null}},{"start":{"line":133,"column":4},"end":{"line":140,"column":null}}]},"8":{"loc":{"start":{"line":135,"column":6},"end":{"line":138,"column":null}},"type":"if","locations":[{"start":{"line":135,"column":6},"end":{"line":138,"column":null}},{"start":{"line":135,"column":6},"end":{"line":138,"column":null}}]},"9":{"loc":{"start":{"line":161,"column":4},"end":{"line":168,"column":null}},"type":"if","locations":[{"start":{"line":161,"column":4},"end":{"line":168,"column":null}},{"start":{"line":161,"column":4},"end":{"line":168,"column":null}}]},"10":{"loc":{"start":{"line":161,"column":8},"end":{"line":161,"column":37}},"type":"binary-expr","locations":[{"start":{"line":161,"column":8},"end":{"line":161,"column":37}},{"start":{"line":161,"column":41},"end":{"line":161,"column":53}}]},"11":{"loc":{"start":{"line":163,"column":8},"end":{"line":163,"column":55}},"type":"binary-expr","locations":[{"start":{"line":163,"column":8},"end":{"line":163,"column":55}},{"start":{"line":164,"column":9},"end":{"line":164,"column":46}}]},"12":{"loc":{"start":{"line":190,"column":4},"end":{"line":193,"column":null}},"type":"if","locations":[{"start":{"line":190,"column":4},"end":{"line":193,"column":null}},{"start":{"line":190,"column":4},"end":{"line":193,"column":null}}]},"13":{"loc":{"start":{"line":205,"column":6},"end":{"line":207,"column":null}},"type":"if","locations":[{"start":{"line":205,"column":6},"end":{"line":207,"column":null}},{"start":{"line":205,"column":6},"end":{"line":207,"column":null}}]}},"s":{"0":2,"1":2,"2":2,"3":2,"4":22,"5":22,"6":186,"7":15,"8":171,"9":125,"10":46,"11":17,"12":12,"13":12,"14":5,"15":1,"16":4,"17":4,"18":3,"19":1,"20":2,"21":2,"22":1,"23":1,"24":6,"25":22,"26":25,"27":3,"28":22,"29":38,"30":1,"31":1,"32":1,"33":1,"34":1,"35":1,"36":1,"37":1,"38":1,"39":1,"40":1,"41":2,"42":2,"43":5,"44":2,"45":3,"46":1,"47":1,"48":1,"49":2,"50":2,"51":2,"52":6,"53":6,"54":10,"55":10,"56":6,"57":5,"58":2,"59":2},"f":{"0":22,"1":186,"2":17,"3":3,"4":2,"5":6,"6":25,"7":38,"8":1,"9":1,"10":2,"11":2,"12":5,"13":1,"14":2,"15":6,"16":5,"17":2},"b":{"0":[15,171],"1":[125,46],"2":[12,5],"3":[1,4],"4":[1,2],"5":[1,1],"6":[3,22],"7":[1,0],"8":[1,0],"9":[2,3],"10":[5,5],"11":[2,0],"12":[2,0],"13":[10,0]}}
,"/Users/vedmalex/work/pipeline.js/src/stage.ts": {"path":"/Users/vedmalex/work/pipeline.js/src/stage.ts","statementMap":{"0":{"start":{"line":1,"column":0},"end":{"line":1,"column":41}},"1":{"start":{"line":2,"column":0},"end":{"line":2,"column":null}},"2":{"start":{"line":20,"column":0},"end":{"line":20,"column":null}},"3":{"start":{"line":29,"column":0},"end":{"line":29,"column":21}},"4":{"start":{"line":31,"column":0},"end":{"line":31,"column":36}},"5":{"start":{"line":32,"column":0},"end":{"line":32,"column":38}},"6":{"start":{"line":33,"column":0},"end":{"line":33,"column":34}},"7":{"start":{"line":35,"column":14},"end":{"line":37,"column":null}},"8":{"start":{"line":47,"column":4},"end":{"line":47,"column":null}},"9":{"start":{"line":48,"column":4},"end":{"line":90,"column":null}},"10":{"start":{"line":49,"column":6},"end":{"line":49,"column":null}},"11":{"start":{"line":50,"column":11},"end":{"line":90,"column":null}},"12":{"start":{"line":51,"column":6},"end":{"line":51,"column":null}},"13":{"start":{"line":52,"column":11},"end":{"line":90,"column":null}},"14":{"start":{"line":53,"column":6},"end":{"line":55,"column":null}},"15":{"start":{"line":54,"column":8},"end":{"line":54,"column":null}},"16":{"start":{"line":56,"column":6},"end":{"line":58,"column":null}},"17":{"start":{"line":57,"column":8},"end":{"line":57,"column":null}},"18":{"start":{"line":59,"column":6},"end":{"line":61,"column":null}},"19":{"start":{"line":60,"column":8},"end":{"line":60,"column":null}},"20":{"start":{"line":62,"column":6},"end":{"line":64,"column":null}},"21":{"start":{"line":63,"column":8},"end":{"line":63,"column":null}},"22":{"start":{"line":65,"column":6},"end":{"line":67,"column":null}},"23":{"start":{"line":66,"column":8},"end":{"line":66,"column":null}},"24":{"start":{"line":68,"column":6},"end":{"line":70,"column":null}},"25":{"start":{"line":69,"column":8},"end":{"line":69,"column":null}},"26":{"start":{"line":71,"column":6},"end":{"line":73,"column":null}},"27":{"start":{"line":72,"column":8},"end":{"line":72,"column":null}},"28":{"start":{"line":74,"column":6},"end":{"line":76,"column":null}},"29":{"start":{"line":75,"column":8},"end":{"line":75,"column":null}},"30":{"start":{"line":77,"column":6},"end":{"line":89,"column":null}},"31":{"start":{"line":78,"column":8},"end":{"line":78,"column":null}},"32":{"start":{"line":79,"column":20},"end":{"line":79,"column":48}},"33":{"start":{"line":80,"column":8},"end":{"line":80,"column":null}},"34":{"start":{"line":81,"column":8},"end":{"line":81,"column":null}},"35":{"start":{"line":82,"column":8},"end":{"line":82,"column":null}},"36":{"start":{"line":83,"column":25},"end":{"line":83,"column":51}},"37":{"start":{"line":84,"column":8},"end":{"line":88,"column":null}},"38":{"start":{"line":85,"column":10},"end":{"line":87,"column":null}},"39":{"start":{"line":86,"column":12},"end":{"line":86,"column":null}},"40":{"start":{"line":87,"column":17},"end":{"line":87,"column":null}},"41":{"start":{"line":92,"column":4},"end":{"line":100,"column":null}},"42":{"start":{"line":93,"column":18},"end":{"line":93,"column":76}},"43":{"start":{"line":95,"column":6},"end":{"line":99,"column":null}},"44":{"start":{"line":96,"column":8},"end":{"line":96,"column":null}},"45":{"start":{"line":98,"column":8},"end":{"line":98,"column":null}},"46":{"start":{"line":43,"column":4},"end":{"line":43,"column":null}},"47":{"start":{"line":104,"column":4},"end":{"line":104,"column":null}},"48":{"start":{"line":108,"column":4},"end":{"line":108,"column":null}},"49":{"start":{"line":130,"column":4},"end":{"line":149,"column":null}},"50":{"start":{"line":131,"column":6},"end":{"line":131,"column":null}},"51":{"start":{"line":133,"column":11},"end":{"line":149,"column":null}},"52":{"start":{"line":134,"column":6},"end":{"line":143,"column":null}},"53":{"start":{"line":136,"column":8},"end":{"line":136,"column":null}},"54":{"start":{"line":137,"column":8},"end":{"line":137,"column":null}},"55":{"start":{"line":138,"column":8},"end":{"line":138,"column":null}},"56":{"start":{"line":141,"column":8},"end":{"line":141,"column":null}},"57":{"start":{"line":142,"column":8},"end":{"line":142,"column":null}},"58":{"start":{"line":146,"column":6},"end":{"line":146,"column":null}},"59":{"start":{"line":147,"column":6},"end":{"line":147,"column":null}},"60":{"start":{"line":148,"column":6},"end":{"line":148,"column":null}},"61":{"start":{"line":151,"column":4},"end":{"line":153,"column":null}},"62":{"start":{"line":152,"column":6},"end":{"line":152,"column":null}},"63":{"start":{"line":154,"column":4},"end":{"line":204,"column":null}},"64":{"start":{"line":155,"column":6},"end":{"line":160,"column":null}},"65":{"start":{"line":156,"column":8},"end":{"line":159,"column":null}},"66":{"start":{"line":157,"column":10},"end":{"line":158,"column":null}},"67":{"start":{"line":157,"column":19},"end":{"line":157,"column":null}},"68":{"start":{"line":158,"column":15},"end":{"line":158,"column":null}},"69":{"start":{"line":162,"column":23},"end":{"line":162,"column":33}},"70":{"start":{"line":163,"column":6},"end":{"line":203,"column":null}},"71":{"start":{"line":164,"column":8},"end":{"line":164,"column":null}},"72":{"start":{"line":166,"column":8},"end":{"line":202,"column":null}},"73":{"start":{"line":167,"column":10},"end":{"line":178,"column":null}},"74":{"start":{"line":168,"column":12},"end":{"line":177,"column":null}},"75":{"start":{"line":169,"column":14},"end":{"line":174,"column":null}},"76":{"start":{"line":170,"column":16},"end":{"line":170,"column":null}},"77":{"start":{"line":173,"column":16},"end":{"line":173,"column":null}},"78":{"start":{"line":176,"column":14},"end":{"line":176,"column":null}},"79":{"start":{"line":179,"column":15},"end":{"line":202,"column":null}},"80":{"start":{"line":180,"column":10},"end":{"line":199,"column":null}},"81":{"start":{"line":184,"column":14},"end":{"line":197,"column":null}},"82":{"start":{"line":185,"column":16},"end":{"line":194,"column":null}},"83":{"start":{"line":186,"column":18},"end":{"line":190,"column":null}},"84":{"start":{"line":193,"column":18},"end":{"line":193,"column":null}},"85":{"start":{"line":196,"column":16},"end":{"line":196,"column":null}},"86":{"start":{"line":201,"column":10},"end":{"line":201,"column":null}},"87":{"start":{"line":212,"column":4},"end":{"line":226,"column":null}},"88":{"start":{"line":213,"column":6},"end":{"line":219,"column":null}},"89":{"start":{"line":214,"column":8},"end":{"line":218,"column":null}},"90":{"start":{"line":215,"column":10},"end":{"line":215,"column":null}},"91":{"start":{"line":217,"column":10},"end":{"line":217,"column":null}},"92":{"start":{"line":221,"column":6},"end":{"line":225,"column":null}},"93":{"start":{"line":231,"column":4},"end":{"line":237,"column":null}},"94":{"start":{"line":232,"column":6},"end":{"line":232,"column":null}},"95":{"start":{"line":233,"column":11},"end":{"line":237,"column":null}},"96":{"start":{"line":234,"column":6},"end":{"line":234,"column":null}},"97":{"start":{"line":236,"column":6},"end":{"line":236,"column":null}},"98":{"start":{"line":238,"column":4},"end":{"line":238,"column":null}},"99":{"start":{"line":249,"column":4},"end":{"line":251,"column":null}},"100":{"start":{"line":250,"column":6},"end":{"line":250,"column":null}},"101":{"start":{"line":250,"column":34},"end":{"line":250,"column":null}},"102":{"start":{"line":252,"column":4},"end":{"line":259,"column":null}},"103":{"start":{"line":253,"column":6},"end":{"line":255,"column":null}},"104":{"start":{"line":254,"column":8},"end":{"line":254,"column":null}},"105":{"start":{"line":258,"column":6},"end":{"line":258,"column":null}},"106":{"start":{"line":263,"column":4},"end":{"line":263,"column":null}},"107":{"start":{"line":271,"column":4},"end":{"line":288,"column":null}},"108":{"start":{"line":272,"column":6},"end":{"line":287,"column":null}},"109":{"start":{"line":273,"column":8},"end":{"line":273,"column":null}},"110":{"start":{"line":275,"column":8},"end":{"line":286,"column":null}},"111":{"start":{"line":276,"column":10},"end":{"line":283,"column":null}},"112":{"start":{"line":277,"column":12},"end":{"line":277,"column":null}},"113":{"start":{"line":278,"column":17},"end":{"line":283,"column":null}},"114":{"start":{"line":279,"column":12},"end":{"line":279,"column":null}},"115":{"start":{"line":282,"column":12},"end":{"line":282,"column":null}},"116":{"start":{"line":285,"column":10},"end":{"line":285,"column":null}},"117":{"start":{"line":295,"column":4},"end":{"line":312,"column":null}},"118":{"start":{"line":296,"column":6},"end":{"line":311,"column":null}},"119":{"start":{"line":297,"column":8},"end":{"line":297,"column":null}},"120":{"start":{"line":299,"column":8},"end":{"line":310,"column":null}},"121":{"start":{"line":300,"column":10},"end":{"line":307,"column":null}},"122":{"start":{"line":301,"column":12},"end":{"line":301,"column":null}},"123":{"start":{"line":302,"column":17},"end":{"line":307,"column":null}},"124":{"start":{"line":303,"column":12},"end":{"line":303,"column":null}},"125":{"start":{"line":306,"column":12},"end":{"line":306,"column":null}},"126":{"start":{"line":309,"column":10},"end":{"line":309,"column":null}},"127":{"start":{"line":41,"column":0},"end":{"line":41,"column":13}},"128":{"start":{"line":324,"column":2},"end":{"line":413,"column":null}},"129":{"start":{"line":327,"column":6},"end":{"line":347,"column":null}},"130":{"start":{"line":328,"column":8},"end":{"line":333,"column":null}},"131":{"start":{"line":329,"column":22},"end":{"line":329,"column":39}},"132":{"start":{"line":330,"column":10},"end":{"line":330,"column":null}},"133":{"start":{"line":330,"column":26},"end":{"line":330,"column":57}},"134":{"start":{"line":332,"column":10},"end":{"line":332,"column":null}},"135":{"start":{"line":334,"column":13},"end":{"line":347,"column":null}},"136":{"start":{"line":335,"column":8},"end":{"line":346,"column":null}},"137":{"start":{"line":336,"column":22},"end":{"line":336,"column":40}},"138":{"start":{"line":337,"column":10},"end":{"line":343,"column":null}},"139":{"start":{"line":338,"column":12},"end":{"line":338,"column":null}},"140":{"start":{"line":338,"column":26},"end":{"line":338,"column":50}},"141":{"start":{"line":339,"column":17},"end":{"line":343,"column":null}},"142":{"start":{"line":340,"column":12},"end":{"line":340,"column":null}},"143":{"start":{"line":340,"column":26},"end":{"line":340,"column":50}},"144":{"start":{"line":342,"column":12},"end":{"line":342,"column":null}},"145":{"start":{"line":345,"column":10},"end":{"line":345,"column":null}},"146":{"start":{"line":348,"column":6},"end":{"line":348,"column":11}},"147":{"start":{"line":350,"column":6},"end":{"line":375,"column":null}},"148":{"start":{"line":351,"column":8},"end":{"line":357,"column":null}},"149":{"start":{"line":352,"column":12},"end":{"line":354,"column":null}},"150":{"start":{"line":353,"column":25},"end":{"line":353,"column":45}},"151":{"start":{"line":356,"column":10},"end":{"line":356,"column":null}},"152":{"start":{"line":358,"column":13},"end":{"line":375,"column":null}},"153":{"start":{"line":359,"column":8},"end":{"line":372,"column":null}},"154":{"start":{"line":361,"column":12},"end":{"line":362,"column":20}},"155":{"start":{"line":363,"column":10},"end":{"line":369,"column":null}},"156":{"start":{"line":364,"column":12},"end":{"line":364,"column":null}},"157":{"start":{"line":364,"column":26},"end":{"line":364,"column":50}},"158":{"start":{"line":365,"column":17},"end":{"line":369,"column":null}},"159":{"start":{"line":366,"column":12},"end":{"line":366,"column":null}},"160":{"start":{"line":366,"column":26},"end":{"line":366,"column":50}},"161":{"start":{"line":368,"column":12},"end":{"line":368,"column":null}},"162":{"start":{"line":371,"column":10},"end":{"line":371,"column":null}},"163":{"start":{"line":374,"column":8},"end":{"line":374,"column":null}},"164":{"start":{"line":376,"column":6},"end":{"line":376,"column":11}},"165":{"start":{"line":378,"column":6},"end":{"line":394,"column":null}},"166":{"start":{"line":379,"column":8},"end":{"line":385,"column":null}},"167":{"start":{"line":380,"column":12},"end":{"line":382,"column":null}},"168":{"start":{"line":381,"column":25},"end":{"line":381,"column":45}},"169":{"start":{"line":384,"column":10},"end":{"line":384,"column":null}},"170":{"start":{"line":386,"column":13},"end":{"line":394,"column":null}},"171":{"start":{"line":387,"column":8},"end":{"line":391,"column":null}},"172":{"start":{"line":388,"column":12},"end":{"line":388,"column":null}},"173":{"start":{"line":390,"column":10},"end":{"line":390,"column":null}},"174":{"start":{"line":393,"column":8},"end":{"line":393,"column":null}},"175":{"start":{"line":395,"column":6},"end":{"line":395,"column":11}},"176":{"start":{"line":397,"column":6},"end":{"line":409,"column":null}},"177":{"start":{"line":398,"column":8},"end":{"line":406,"column":null}},"178":{"start":{"line":399,"column":12},"end":{"line":403,"column":null}},"179":{"start":{"line":405,"column":10},"end":{"line":405,"column":null}},"180":{"start":{"line":408,"column":8},"end":{"line":408,"column":null}},"181":{"start":{"line":410,"column":6},"end":{"line":410,"column":11}},"182":{"start":{"line":412,"column":6},"end":{"line":412,"column":null}},"183":{"start":{"line":417,"column":2},"end":{"line":423,"column":null}},"184":{"start":{"line":418,"column":4},"end":{"line":418,"column":null}},"185":{"start":{"line":419,"column":9},"end":{"line":423,"column":null}},"186":{"start":{"line":420,"column":4},"end":{"line":420,"column":null}},"187":{"start":{"line":422,"column":4},"end":{"line":422,"column":null}},"188":{"start":{"line":432,"column":2},"end":{"line":503,"column":null}},"189":{"start":{"line":434,"column":6},"end":{"line":457,"column":null}},"190":{"start":{"line":435,"column":8},"end":{"line":441,"column":null}},"191":{"start":{"line":436,"column":10},"end":{"line":438,"column":null}},"192":{"start":{"line":437,"column":23},"end":{"line":437,"column":29}},"193":{"start":{"line":440,"column":10},"end":{"line":440,"column":null}},"194":{"start":{"line":442,"column":13},"end":{"line":457,"column":null}},"195":{"start":{"line":443,"column":8},"end":{"line":454,"column":null}},"196":{"start":{"line":444,"column":22},"end":{"line":444,"column":33}},"197":{"start":{"line":445,"column":10},"end":{"line":451,"column":null}},"198":{"start":{"line":446,"column":12},"end":{"line":446,"column":null}},"199":{"start":{"line":446,"column":26},"end":{"line":446,"column":32}},"200":{"start":{"line":447,"column":17},"end":{"line":451,"column":null}},"201":{"start":{"line":448,"column":12},"end":{"line":448,"column":null}},"202":{"start":{"line":448,"column":26},"end":{"line":448,"column":32}},"203":{"start":{"line":450,"column":12},"end":{"line":450,"column":null}},"204":{"start":{"line":453,"column":10},"end":{"line":453,"column":null}},"205":{"start":{"line":456,"column":8},"end":{"line":456,"column":null}},"206":{"start":{"line":458,"column":6},"end":{"line":458,"column":11}},"207":{"start":{"line":460,"column":6},"end":{"line":484,"column":null}},"208":{"start":{"line":461,"column":8},"end":{"line":467,"column":null}},"209":{"start":{"line":462,"column":10},"end":{"line":464,"column":null}},"210":{"start":{"line":463,"column":23},"end":{"line":463,"column":29}},"211":{"start":{"line":466,"column":10},"end":{"line":466,"column":null}},"212":{"start":{"line":468,"column":13},"end":{"line":484,"column":null}},"213":{"start":{"line":469,"column":8},"end":{"line":481,"column":null}},"214":{"start":{"line":470,"column":22},"end":{"line":470,"column":42}},"215":{"start":{"line":471,"column":10},"end":{"line":477,"column":null}},"216":{"start":{"line":472,"column":12},"end":{"line":472,"column":null}},"217":{"start":{"line":472,"column":26},"end":{"line":472,"column":32}},"218":{"start":{"line":473,"column":17},"end":{"line":477,"column":null}},"219":{"start":{"line":474,"column":12},"end":{"line":474,"column":null}},"220":{"start":{"line":474,"column":26},"end":{"line":474,"column":32}},"221":{"start":{"line":476,"column":12},"end":{"line":476,"column":null}},"222":{"start":{"line":478,"column":10},"end":{"line":478,"column":null}},"223":{"start":{"line":480,"column":10},"end":{"line":480,"column":null}},"224":{"start":{"line":483,"column":8},"end":{"line":483,"column":null}},"225":{"start":{"line":485,"column":6},"end":{"line":485,"column":11}},"226":{"start":{"line":487,"column":6},"end":{"line":499,"column":null}},"227":{"start":{"line":488,"column":8},"end":{"line":496,"column":null}},"228":{"start":{"line":489,"column":12},"end":{"line":493,"column":null}},"229":{"start":{"line":495,"column":10},"end":{"line":495,"column":null}},"230":{"start":{"line":498,"column":8},"end":{"line":498,"column":null}},"231":{"start":{"line":500,"column":6},"end":{"line":500,"column":11}},"232":{"start":{"line":502,"column":6},"end":{"line":502,"column":null}},"233":{"start":{"line":511,"column":2},"end":{"line":558,"column":null}},"234":{"start":{"line":513,"column":6},"end":{"line":541,"column":null}},"235":{"start":{"line":514,"column":8},"end":{"line":520,"column":null}},"236":{"start":{"line":515,"column":12},"end":{"line":517,"column":null}},"237":{"start":{"line":516,"column":25},"end":{"line":516,"column":45}},"238":{"start":{"line":517,"column":26},"end":{"line":517,"column":35}},"239":{"start":{"line":519,"column":10},"end":{"line":519,"column":null}},"240":{"start":{"line":521,"column":13},"end":{"line":541,"column":null}},"241":{"start":{"line":522,"column":8},"end":{"line":538,"column":null}},"242":{"start":{"line":524,"column":12},"end":{"line":528,"column":20}},"243":{"start":{"line":529,"column":10},"end":{"line":535,"column":null}},"244":{"start":{"line":530,"column":12},"end":{"line":530,"column":null}},"245":{"start":{"line":530,"column":28},"end":{"line":530,"column":48}},"246":{"start":{"line":530,"column":63},"end":{"line":530,"column":72}},"247":{"start":{"line":531,"column":17},"end":{"line":535,"column":null}},"248":{"start":{"line":532,"column":12},"end":{"line":532,"column":null}},"249":{"start":{"line":532,"column":28},"end":{"line":532,"column":48}},"250":{"start":{"line":532,"column":63},"end":{"line":532,"column":72}},"251":{"start":{"line":534,"column":12},"end":{"line":534,"column":null}},"252":{"start":{"line":537,"column":10},"end":{"line":537,"column":null}},"253":{"start":{"line":540,"column":8},"end":{"line":540,"column":null}},"254":{"start":{"line":542,"column":6},"end":{"line":542,"column":11}},"255":{"start":{"line":544,"column":6},"end":{"line":554,"column":null}},"256":{"start":{"line":545,"column":8},"end":{"line":551,"column":null}},"257":{"start":{"line":546,"column":10},"end":{"line":548,"column":null}},"258":{"start":{"line":547,"column":12},"end":{"line":547,"column":null}},"259":{"start":{"line":550,"column":10},"end":{"line":550,"column":null}},"260":{"start":{"line":553,"column":8},"end":{"line":553,"column":null}},"261":{"start":{"line":555,"column":6},"end":{"line":555,"column":11}},"262":{"start":{"line":557,"column":6},"end":{"line":557,"column":null}},"263":{"start":{"line":566,"column":2},"end":{"line":610,"column":null}},"264":{"start":{"line":568,"column":6},"end":{"line":593,"column":null}},"265":{"start":{"line":569,"column":8},"end":{"line":575,"column":null}},"266":{"start":{"line":570,"column":12},"end":{"line":572,"column":null}},"267":{"start":{"line":571,"column":25},"end":{"line":571,"column":45}},"268":{"start":{"line":572,"column":26},"end":{"line":572,"column":35}},"269":{"start":{"line":574,"column":10},"end":{"line":574,"column":null}},"270":{"start":{"line":576,"column":13},"end":{"line":593,"column":null}},"271":{"start":{"line":577,"column":8},"end":{"line":590,"column":null}},"272":{"start":{"line":578,"column":23},"end":{"line":579,"column":null}},"273":{"start":{"line":581,"column":10},"end":{"line":587,"column":null}},"274":{"start":{"line":582,"column":12},"end":{"line":582,"column":null}},"275":{"start":{"line":582,"column":28},"end":{"line":582,"column":48}},"276":{"start":{"line":582,"column":63},"end":{"line":582,"column":72}},"277":{"start":{"line":583,"column":17},"end":{"line":587,"column":null}},"278":{"start":{"line":584,"column":12},"end":{"line":584,"column":null}},"279":{"start":{"line":584,"column":28},"end":{"line":584,"column":48}},"280":{"start":{"line":584,"column":63},"end":{"line":584,"column":72}},"281":{"start":{"line":586,"column":12},"end":{"line":586,"column":null}},"282":{"start":{"line":589,"column":10},"end":{"line":589,"column":null}},"283":{"start":{"line":592,"column":8},"end":{"line":592,"column":null}},"284":{"start":{"line":594,"column":6},"end":{"line":594,"column":11}},"285":{"start":{"line":596,"column":6},"end":{"line":606,"column":null}},"286":{"start":{"line":597,"column":8},"end":{"line":603,"column":null}},"287":{"start":{"line":598,"column":10},"end":{"line":600,"column":null}},"288":{"start":{"line":599,"column":12},"end":{"line":599,"column":null}},"289":{"start":{"line":602,"column":10},"end":{"line":602,"column":null}},"290":{"start":{"line":605,"column":8},"end":{"line":605,"column":null}},"291":{"start":{"line":607,"column":6},"end":{"line":607,"column":11}},"292":{"start":{"line":609,"column":6},"end":{"line":609,"column":null}},"293":{"start":{"line":628,"column":26},"end":{"line":628,"column":31}},"294":{"start":{"line":630,"column":2},"end":{"line":652,"column":null}},"295":{"start":{"line":631,"column":4},"end":{"line":631,"column":null}},"296":{"start":{"line":632,"column":4},"end":{"line":632,"column":null}},"297":{"start":{"line":634,"column":9},"end":{"line":652,"column":null}},"298":{"start":{"line":635,"column":4},"end":{"line":645,"column":null}},"299":{"start":{"line":637,"column":6},"end":{"line":637,"column":null}},"300":{"start":{"line":638,"column":6},"end":{"line":638,"column":null}},"301":{"start":{"line":639,"column":6},"end":{"line":639,"column":null}},"302":{"start":{"line":642,"column":6},"end":{"line":642,"column":null}},"303":{"start":{"line":643,"column":6},"end":{"line":643,"column":null}},"304":{"start":{"line":644,"column":6},"end":{"line":644,"column":null}},"305":{"start":{"line":648,"column":4},"end":{"line":648,"column":null}},"306":{"start":{"line":649,"column":4},"end":{"line":649,"column":null}},"307":{"start":{"line":650,"column":4},"end":{"line":650,"column":null}},"308":{"start":{"line":651,"column":4},"end":{"line":651,"column":null}},"309":{"start":{"line":654,"column":2},"end":{"line":654,"column":null}},"310":{"start":{"line":658,"column":2},"end":{"line":658,"column":null}}},"fnMap":{"0":{"name":"(anonymous_1)","decl":{"start":{"line":46,"column":2},"end":{"line":46,"column":14}},"loc":{"start":{"line":46,"column":74},"end":{"line":101,"column":3}}},"1":{"name":"(anonymous_2)","decl":{"start":{"line":84,"column":32},"end":{"line":84,"column":33}},"loc":{"start":{"line":84,"column":52},"end":{"line":88,"column":9}}},"2":{"name":"(anonymous_3)","decl":{"start":{"line":42,"column":2},"end":{"line":42,"column":13}},"loc":{"start":{"line":42,"column":19},"end":{"line":44,"column":3}}},"3":{"name":"(anonymous_4)","decl":{"start":{"line":103,"column":2},"end":{"line":103,"column":13}},"loc":{"start":{"line":103,"column":23},"end":{"line":105,"column":3}}},"4":{"name":"(anonymous_5)","decl":{"start":{"line":107,"column":2},"end":{"line":107,"column":13}},"loc":{"start":{"line":107,"column":17},"end":{"line":109,"column":3}}},"5":{"name":"(anonymous_6)","decl":{"start":{"line":120,"column":9},"end":{"line":120,"column":16}},"loc":{"start":{"line":123,"column":39},"end":{"line":205,"column":3}}},"6":{"name":"(anonymous_7)","decl":{"start":{"line":155,"column":25},"end":{"line":155,"column":26}},"loc":{"start":{"line":155,"column":38},"end":{"line":160,"column":7}}},"7":{"name":"(anonymous_8)","decl":{"start":{"line":156,"column":40},"end":{"line":156,"column":41}},"loc":{"start":{"line":156,"column":69},"end":{"line":159,"column":9}}},"8":{"name":"(anonymous_9)","decl":{"start":{"line":167,"column":51},"end":{"line":167,"column":52}},"loc":{"start":{"line":167,"column":77},"end":{"line":178,"column":11}}},"9":{"name":"(anonymous_10)","decl":{"start":{"line":183,"column":12},"end":{"line":183,"column":13}},"loc":{"start":{"line":183,"column":38},"end":{"line":198,"column":13}}},"10":{"name":"(anonymous_11)","decl":{"start":{"line":207,"column":12},"end":{"line":207,"column":17}},"loc":{"start":{"line":210,"column":37},"end":{"line":227,"column":3}}},"11":{"name":"(anonymous_12)","decl":{"start":{"line":213,"column":55},"end":{"line":213,"column":56}},"loc":{"start":{"line":213,"column":71},"end":{"line":219,"column":7}}},"12":{"name":"(anonymous_13)","decl":{"start":{"line":229,"column":9},"end":{"line":229,"column":16}},"loc":{"start":{"line":229,"column":41},"end":{"line":239,"column":3}}},"13":{"name":"(anonymous_14)","decl":{"start":{"line":244,"column":12},"end":{"line":244,"column":18}},"loc":{"start":{"line":247,"column":37},"end":{"line":260,"column":3}}},"14":{"name":"(anonymous_15)","decl":{"start":{"line":253,"column":56},"end":{"line":253,"column":57}},"loc":{"start":{"line":253,"column":73},"end":{"line":255,"column":7}}},"15":{"name":"(anonymous_16)","decl":{"start":{"line":262,"column":9},"end":{"line":262,"column":17}},"loc":{"start":{"line":262,"column":17},"end":{"line":264,"column":3}}},"16":{"name":"(anonymous_17)","decl":{"start":{"line":266,"column":12},"end":{"line":266,"column":20}},"loc":{"start":{"line":269,"column":33},"end":{"line":289,"column":3}}},"17":{"name":"(anonymous_18)","decl":{"start":{"line":271,"column":40},"end":{"line":271,"column":41}},"loc":{"start":{"line":271,"column":56},"end":{"line":288,"column":5}}},"18":{"name":"(anonymous_19)","decl":{"start":{"line":290,"column":12},"end":{"line":290,"column":18}},"loc":{"start":{"line":293,"column":33},"end":{"line":313,"column":3}}},"19":{"name":"(anonymous_20)","decl":{"start":{"line":295,"column":36},"end":{"line":295,"column":37}},"loc":{"start":{"line":295,"column":52},"end":{"line":312,"column":5}}},"20":{"name":"execute_callback","decl":{"start":{"line":318,"column":9},"end":{"line":318,"column":25}},"loc":{"start":{"line":322,"column":31},"end":{"line":414,"column":1}}},"21":{"name":"(anonymous_22)","decl":{"start":{"line":330,"column":19},"end":{"line":330,"column":22}},"loc":{"start":{"line":330,"column":26},"end":{"line":330,"column":57}}},"22":{"name":"(anonymous_23)","decl":{"start":{"line":338,"column":21},"end":{"line":338,"column":22}},"loc":{"start":{"line":338,"column":26},"end":{"line":338,"column":50}}},"23":{"name":"(anonymous_24)","decl":{"start":{"line":340,"column":21},"end":{"line":340,"column":22}},"loc":{"start":{"line":340,"column":26},"end":{"line":340,"column":50}}},"24":{"name":"(anonymous_25)","decl":{"start":{"line":353,"column":18},"end":{"line":353,"column":21}},"loc":{"start":{"line":353,"column":25},"end":{"line":353,"column":45}}},"25":{"name":"(anonymous_26)","decl":{"start":{"line":364,"column":21},"end":{"line":364,"column":22}},"loc":{"start":{"line":364,"column":26},"end":{"line":364,"column":50}}},"26":{"name":"(anonymous_27)","decl":{"start":{"line":366,"column":21},"end":{"line":366,"column":22}},"loc":{"start":{"line":366,"column":26},"end":{"line":366,"column":50}}},"27":{"name":"(anonymous_28)","decl":{"start":{"line":381,"column":18},"end":{"line":381,"column":21}},"loc":{"start":{"line":381,"column":25},"end":{"line":381,"column":45}}},"28":{"name":"processError","decl":{"start":{"line":416,"column":9},"end":{"line":416,"column":21}},"loc":{"start":{"line":416,"column":64},"end":{"line":424,"column":1}}},"29":{"name":"execute_rescue","decl":{"start":{"line":426,"column":9},"end":{"line":426,"column":23}},"loc":{"start":{"line":430,"column":29},"end":{"line":504,"column":1}}},"30":{"name":"(anonymous_31)","decl":{"start":{"line":437,"column":18},"end":{"line":437,"column":19}},"loc":{"start":{"line":437,"column":23},"end":{"line":437,"column":29}}},"31":{"name":"(anonymous_32)","decl":{"start":{"line":446,"column":21},"end":{"line":446,"column":22}},"loc":{"start":{"line":446,"column":26},"end":{"line":446,"column":32}}},"32":{"name":"(anonymous_33)","decl":{"start":{"line":448,"column":21},"end":{"line":448,"column":22}},"loc":{"start":{"line":448,"column":26},"end":{"line":448,"column":32}}},"33":{"name":"(anonymous_34)","decl":{"start":{"line":463,"column":18},"end":{"line":463,"column":19}},"loc":{"start":{"line":463,"column":23},"end":{"line":463,"column":29}}},"34":{"name":"(anonymous_35)","decl":{"start":{"line":472,"column":21},"end":{"line":472,"column":22}},"loc":{"start":{"line":472,"column":26},"end":{"line":472,"column":32}}},"35":{"name":"(anonymous_36)","decl":{"start":{"line":474,"column":21},"end":{"line":474,"column":22}},"loc":{"start":{"line":474,"column":26},"end":{"line":474,"column":32}}},"36":{"name":"execute_validate","decl":{"start":{"line":506,"column":9},"end":{"line":506,"column":25}},"loc":{"start":{"line":509,"column":33},"end":{"line":559,"column":1}}},"37":{"name":"(anonymous_38)","decl":{"start":{"line":516,"column":18},"end":{"line":516,"column":21}},"loc":{"start":{"line":516,"column":25},"end":{"line":516,"column":45}}},"38":{"name":"(anonymous_39)","decl":{"start":{"line":517,"column":19},"end":{"line":517,"column":22}},"loc":{"start":{"line":517,"column":26},"end":{"line":517,"column":35}}},"39":{"name":"(anonymous_40)","decl":{"start":{"line":530,"column":21},"end":{"line":530,"column":24}},"loc":{"start":{"line":530,"column":28},"end":{"line":530,"column":48}}},"40":{"name":"(anonymous_41)","decl":{"start":{"line":530,"column":56},"end":{"line":530,"column":59}},"loc":{"start":{"line":530,"column":63},"end":{"line":530,"column":72}}},"41":{"name":"(anonymous_42)","decl":{"start":{"line":532,"column":21},"end":{"line":532,"column":24}},"loc":{"start":{"line":532,"column":28},"end":{"line":532,"column":48}}},"42":{"name":"(anonymous_43)","decl":{"start":{"line":532,"column":56},"end":{"line":532,"column":59}},"loc":{"start":{"line":532,"column":63},"end":{"line":532,"column":72}}},"43":{"name":"(anonymous_44)","decl":{"start":{"line":546,"column":28},"end":{"line":546,"column":29}},"loc":{"start":{"line":546,"column":59},"end":{"line":548,"column":11}}},"44":{"name":"execute_ensure","decl":{"start":{"line":561,"column":9},"end":{"line":561,"column":23}},"loc":{"start":{"line":564,"column":27},"end":{"line":611,"column":1}}},"45":{"name":"(anonymous_46)","decl":{"start":{"line":571,"column":18},"end":{"line":571,"column":21}},"loc":{"start":{"line":571,"column":25},"end":{"line":571,"column":45}}},"46":{"name":"(anonymous_47)","decl":{"start":{"line":572,"column":19},"end":{"line":572,"column":22}},"loc":{"start":{"line":572,"column":26},"end":{"line":572,"column":35}}},"47":{"name":"(anonymous_48)","decl":{"start":{"line":582,"column":21},"end":{"line":582,"column":24}},"loc":{"start":{"line":582,"column":28},"end":{"line":582,"column":48}}},"48":{"name":"(anonymous_49)","decl":{"start":{"line":582,"column":56},"end":{"line":582,"column":59}},"loc":{"start":{"line":582,"column":63},"end":{"line":582,"column":72}}},"49":{"name":"(anonymous_50)","decl":{"start":{"line":584,"column":21},"end":{"line":584,"column":24}},"loc":{"start":{"line":584,"column":28},"end":{"line":584,"column":48}}},"50":{"name":"(anonymous_51)","decl":{"start":{"line":584,"column":56},"end":{"line":584,"column":59}},"loc":{"start":{"line":584,"column":63},"end":{"line":584,"column":72}}},"51":{"name":"(anonymous_52)","decl":{"start":{"line":598,"column":26},"end":{"line":598,"column":27}},"loc":{"start":{"line":598,"column":51},"end":{"line":600,"column":11}}},"52":{"name":"ensure_execute_params","decl":{"start":{"line":620,"column":9},"end":{"line":620,"column":30}},"loc":{"start":{"line":623,"column":37},"end":{"line":655,"column":1}}},"53":{"name":"can_fix_error","decl":{"start":{"line":657,"column":9},"end":{"line":657,"column":22}},"loc":{"start":{"line":657,"column":57},"end":{"line":659,"column":1}}}},"branchMap":{"0":{"loc":{"start":{"line":48,"column":4},"end":{"line":90,"column":null}},"type":"if","locations":[{"start":{"line":48,"column":4},"end":{"line":90,"column":null}},{"start":{"line":48,"column":4},"end":{"line":90,"column":null}}]},"1":{"loc":{"start":{"line":50,"column":11},"end":{"line":90,"column":null}},"type":"if","locations":[{"start":{"line":50,"column":11},"end":{"line":90,"column":null}},{"start":{"line":50,"column":11},"end":{"line":90,"column":null}}]},"2":{"loc":{"start":{"line":52,"column":11},"end":{"line":90,"column":null}},"type":"if","locations":[{"start":{"line":52,"column":11},"end":{"line":90,"column":null}},{"start":{"line":52,"column":11},"end":{"line":90,"column":null}}]},"3":{"loc":{"start":{"line":53,"column":6},"end":{"line":55,"column":null}},"type":"if","locations":[{"start":{"line":53,"column":6},"end":{"line":55,"column":null}},{"start":{"line":53,"column":6},"end":{"line":55,"column":null}}]},"4":{"loc":{"start":{"line":56,"column":6},"end":{"line":58,"column":null}},"type":"if","locations":[{"start":{"line":56,"column":6},"end":{"line":58,"column":null}},{"start":{"line":56,"column":6},"end":{"line":58,"column":null}}]},"5":{"loc":{"start":{"line":59,"column":6},"end":{"line":61,"column":null}},"type":"if","locations":[{"start":{"line":59,"column":6},"end":{"line":61,"column":null}},{"start":{"line":59,"column":6},"end":{"line":61,"column":null}}]},"6":{"loc":{"start":{"line":62,"column":6},"end":{"line":64,"column":null}},"type":"if","locations":[{"start":{"line":62,"column":6},"end":{"line":64,"column":null}},{"start":{"line":62,"column":6},"end":{"line":64,"column":null}}]},"7":{"loc":{"start":{"line":62,"column":10},"end":{"line":62,"column":25}},"type":"binary-expr","locations":[{"start":{"line":62,"column":10},"end":{"line":62,"column":25}},{"start":{"line":62,"column":29},"end":{"line":62,"column":42}}]},"8":{"loc":{"start":{"line":65,"column":6},"end":{"line":67,"column":null}},"type":"if","locations":[{"start":{"line":65,"column":6},"end":{"line":67,"column":null}},{"start":{"line":65,"column":6},"end":{"line":67,"column":null}}]},"9":{"loc":{"start":{"line":65,"column":10},"end":{"line":65,"column":23}},"type":"binary-expr","locations":[{"start":{"line":65,"column":10},"end":{"line":65,"column":23}},{"start":{"line":65,"column":27},"end":{"line":65,"column":40}}]},"10":{"loc":{"start":{"line":68,"column":6},"end":{"line":70,"column":null}},"type":"if","locations":[{"start":{"line":68,"column":6},"end":{"line":70,"column":null}},{"start":{"line":68,"column":6},"end":{"line":70,"column":null}}]},"11":{"loc":{"start":{"line":68,"column":10},"end":{"line":68,"column":23}},"type":"binary-expr","locations":[{"start":{"line":68,"column":10},"end":{"line":68,"column":23}},{"start":{"line":68,"column":27},"end":{"line":68,"column":42}}]},"12":{"loc":{"start":{"line":71,"column":6},"end":{"line":73,"column":null}},"type":"if","locations":[{"start":{"line":71,"column":6},"end":{"line":73,"column":null}},{"start":{"line":71,"column":6},"end":{"line":73,"column":null}}]},"13":{"loc":{"start":{"line":74,"column":6},"end":{"line":76,"column":null}},"type":"if","locations":[{"start":{"line":74,"column":6},"end":{"line":76,"column":null}},{"start":{"line":74,"column":6},"end":{"line":76,"column":null}}]},"14":{"loc":{"start":{"line":77,"column":6},"end":{"line":89,"column":null}},"type":"if","locations":[{"start":{"line":77,"column":6},"end":{"line":89,"column":null}},{"start":{"line":77,"column":6},"end":{"line":89,"column":null}}]},"15":{"loc":{"start":{"line":85,"column":10},"end":{"line":87,"column":null}},"type":"if","locations":[{"start":{"line":85,"column":10},"end":{"line":87,"column":null}},{"start":{"line":85,"column":10},"end":{"line":87,"column":null}}]},"16":{"loc":{"start":{"line":85,"column":14},"end":{"line":85,"column":28}},"type":"binary-expr","locations":[{"start":{"line":85,"column":14},"end":{"line":85,"column":28}},{"start":{"line":85,"column":32},"end":{"line":85,"column":47}}]},"17":{"loc":{"start":{"line":92,"column":4},"end":{"line":100,"column":null}},"type":"if","locations":[{"start":{"line":92,"column":4},"end":{"line":100,"column":null}},{"start":{"line":92,"column":4},"end":{"line":100,"column":null}}]},"18":{"loc":{"start":{"line":92,"column":8},"end":{"line":92,"column":26}},"type":"binary-expr","locations":[{"start":{"line":92,"column":8},"end":{"line":92,"column":26}},{"start":{"line":92,"column":30},"end":{"line":92,"column":46}}]},"19":{"loc":{"start":{"line":95,"column":6},"end":{"line":99,"column":null}},"type":"if","locations":[{"start":{"line":95,"column":6},"end":{"line":99,"column":null}},{"start":{"line":95,"column":6},"end":{"line":99,"column":null}}]},"20":{"loc":{"start":{"line":95,"column":10},"end":{"line":95,"column":15}},"type":"binary-expr","locations":[{"start":{"line":95,"column":10},"end":{"line":95,"column":15}},{"start":{"line":95,"column":19},"end":{"line":95,"column":27}}]},"21":{"loc":{"start":{"line":104,"column":38},"end":{"line":104,"column":55}},"type":"cond-expr","locations":[{"start":{"line":104,"column":38},"end":{"line":104,"column":55}},{"start":{"line":104,"column":58},"end":{"line":104,"column":60}}]},"22":{"loc":{"start":{"line":108,"column":28},"end":{"line":108,"column":32}},"type":"cond-expr","locations":[{"start":{"line":108,"column":28},"end":{"line":108,"column":32}},{"start":{"line":108,"column":32},"end":{"line":108,"column":34}}]},"23":{"loc":{"start":{"line":108,"column":11},"end":{"line":108,"column":32}},"type":"binary-expr","locations":[{"start":{"line":108,"column":11},"end":{"line":108,"column":32}},{"start":{"line":108,"column":28},"end":{"line":108,"column":32}}]},"24":{"loc":{"start":{"line":130,"column":4},"end":{"line":149,"column":null}},"type":"if","locations":[{"start":{"line":130,"column":4},"end":{"line":149,"column":null}},{"start":{"line":130,"column":4},"end":{"line":149,"column":null}}]},"25":{"loc":{"start":{"line":133,"column":11},"end":{"line":149,"column":null}},"type":"if","locations":[{"start":{"line":133,"column":11},"end":{"line":149,"column":null}},{"start":{"line":133,"column":11},"end":{"line":149,"column":null}}]},"26":{"loc":{"start":{"line":134,"column":6},"end":{"line":143,"column":null}},"type":"if","locations":[{"start":{"line":134,"column":6},"end":{"line":143,"column":null}},{"start":{"line":134,"column":6},"end":{"line":143,"column":null}}]},"27":{"loc":{"start":{"line":151,"column":4},"end":{"line":153,"column":null}},"type":"if","locations":[{"start":{"line":151,"column":4},"end":{"line":153,"column":null}},{"start":{"line":151,"column":4},"end":{"line":153,"column":null}}]},"28":{"loc":{"start":{"line":154,"column":4},"end":{"line":204,"column":null}},"type":"if","locations":[{"start":{"line":154,"column":4},"end":{"line":204,"column":null}},{"start":{"line":154,"column":4},"end":{"line":204,"column":null}}]},"29":{"loc":{"start":{"line":157,"column":10},"end":{"line":158,"column":null}},"type":"if","locations":[{"start":{"line":157,"column":10},"end":{"line":158,"column":null}},{"start":{"line":157,"column":10},"end":{"line":158,"column":null}}]},"30":{"loc":{"start":{"line":163,"column":6},"end":{"line":203,"column":null}},"type":"if","locations":[{"start":{"line":163,"column":6},"end":{"line":203,"column":null}},{"start":{"line":163,"column":6},"end":{"line":203,"column":null}}]},"31":{"loc":{"start":{"line":163,"column":10},"end":{"line":163,"column":13}},"type":"binary-expr","locations":[{"start":{"line":163,"column":10},"end":{"line":163,"column":13}},{"start":{"line":163,"column":17},"end":{"line":163,"column":33}},{"start":{"line":163,"column":37},"end":{"line":163,"column":69}}]},"32":{"loc":{"start":{"line":166,"column":8},"end":{"line":202,"column":null}},"type":"if","locations":[{"start":{"line":166,"column":8},"end":{"line":202,"column":null}},{"start":{"line":166,"column":8},"end":{"line":202,"column":null}}]},"33":{"loc":{"start":{"line":168,"column":12},"end":{"line":177,"column":null}},"type":"if","locations":[{"start":{"line":168,"column":12},"end":{"line":177,"column":null}},{"start":{"line":168,"column":12},"end":{"line":177,"column":null}}]},"34":{"loc":{"start":{"line":168,"column":16},"end":{"line":168,"column":19}},"type":"binary-expr","locations":[{"start":{"line":168,"column":16},"end":{"line":168,"column":19}},{"start":{"line":168,"column":23},"end":{"line":168,"column":27}}]},"35":{"loc":{"start":{"line":169,"column":14},"end":{"line":174,"column":null}},"type":"if","locations":[{"start":{"line":169,"column":14},"end":{"line":174,"column":null}},{"start":{"line":169,"column":14},"end":{"line":174,"column":null}}]},"36":{"loc":{"start":{"line":169,"column":18},"end":{"line":169,"column":34}},"type":"binary-expr","locations":[{"start":{"line":169,"column":18},"end":{"line":169,"column":34}},{"start":{"line":169,"column":38},"end":{"line":169,"column":70}}]},"37":{"loc":{"start":{"line":170,"column":54},"end":{"line":170,"column":57}},"type":"cond-expr","locations":[{"start":{"line":170,"column":54},"end":{"line":170,"column":57}},{"start":{"line":170,"column":61},"end":{"line":170,"column":68}}]},"38":{"loc":{"start":{"line":170,"column":54},"end":{"line":170,"column":61}},"type":"binary-expr","locations":[{"start":{"line":170,"column":54},"end":{"line":170,"column":61}},{"start":{"line":170,"column":54},"end":{"line":170,"column":61}}]},"39":{"loc":{"start":{"line":173,"column":24},"end":{"line":173,"column":27}},"type":"cond-expr","locations":[{"start":{"line":173,"column":24},"end":{"line":173,"column":27}},{"start":{"line":173,"column":24},"end":{"line":173,"column":78}}]},"40":{"loc":{"start":{"line":173,"column":16},"end":{"line":173,"column":27}},"type":"binary-expr","locations":[{"start":{"line":173,"column":16},"end":{"line":173,"column":27}},{"start":{"line":173,"column":24},"end":{"line":173,"column":27}}]},"41":{"loc":{"start":{"line":173,"column":53},"end":{"line":173,"column":56}},"type":"cond-expr","locations":[{"start":{"line":173,"column":53},"end":{"line":173,"column":56}},{"start":{"line":173,"column":60},"end":{"line":173,"column":67}}]},"42":{"loc":{"start":{"line":173,"column":53},"end":{"line":173,"column":60}},"type":"binary-expr","locations":[{"start":{"line":173,"column":53},"end":{"line":173,"column":60}},{"start":{"line":173,"column":53},"end":{"line":173,"column":60}}]},"43":{"loc":{"start":{"line":176,"column":22},"end":{"line":176,"column":25}},"type":"cond-expr","locations":[{"start":{"line":176,"column":22},"end":{"line":176,"column":25}},{"start":{"line":176,"column":22},"end":{"line":176,"column":61}}]},"44":{"loc":{"start":{"line":176,"column":14},"end":{"line":176,"column":25}},"type":"binary-expr","locations":[{"start":{"line":176,"column":14},"end":{"line":176,"column":25}},{"start":{"line":176,"column":22},"end":{"line":176,"column":25}}]},"45":{"loc":{"start":{"line":176,"column":36},"end":{"line":176,"column":39}},"type":"cond-expr","locations":[{"start":{"line":176,"column":36},"end":{"line":176,"column":39}},{"start":{"line":176,"column":43},"end":{"line":176,"column":50}}]},"46":{"loc":{"start":{"line":176,"column":36},"end":{"line":176,"column":43}},"type":"binary-expr","locations":[{"start":{"line":176,"column":36},"end":{"line":176,"column":43}},{"start":{"line":176,"column":36},"end":{"line":176,"column":43}}]},"47":{"loc":{"start":{"line":179,"column":15},"end":{"line":202,"column":null}},"type":"if","locations":[{"start":{"line":179,"column":15},"end":{"line":202,"column":null}},{"start":{"line":179,"column":15},"end":{"line":202,"column":null}}]},"48":{"loc":{"start":{"line":184,"column":14},"end":{"line":197,"column":null}},"type":"if","locations":[{"start":{"line":184,"column":14},"end":{"line":197,"column":null}},{"start":{"line":184,"column":14},"end":{"line":197,"column":null}}]},"49":{"loc":{"start":{"line":184,"column":18},"end":{"line":184,"column":21}},"type":"binary-expr","locations":[{"start":{"line":184,"column":18},"end":{"line":184,"column":21}},{"start":{"line":184,"column":25},"end":{"line":184,"column":29}}]},"50":{"loc":{"start":{"line":185,"column":16},"end":{"line":194,"column":null}},"type":"if","locations":[{"start":{"line":185,"column":16},"end":{"line":194,"column":null}},{"start":{"line":185,"column":16},"end":{"line":194,"column":null}}]},"51":{"loc":{"start":{"line":185,"column":20},"end":{"line":185,"column":36}},"type":"binary-expr","locations":[{"start":{"line":185,"column":20},"end":{"line":185,"column":36}},{"start":{"line":185,"column":40},"end":{"line":185,"column":72}}]},"52":{"loc":{"start":{"line":188,"column":20},"end":{"line":188,"column":23}},"type":"cond-expr","locations":[{"start":{"line":188,"column":20},"end":{"line":188,"column":23}},{"start":{"line":188,"column":27},"end":{"line":188,"column":34}}]},"53":{"loc":{"start":{"line":188,"column":20},"end":{"line":188,"column":27}},"type":"binary-expr","locations":[{"start":{"line":188,"column":20},"end":{"line":188,"column":27}},{"start":{"line":188,"column":20},"end":{"line":188,"column":27}}]},"54":{"loc":{"start":{"line":193,"column":26},"end":{"line":193,"column":29}},"type":"cond-expr","locations":[{"start":{"line":193,"column":26},"end":{"line":193,"column":29}},{"start":{"line":193,"column":26},"end":{"line":193,"column":80}}]},"55":{"loc":{"start":{"line":193,"column":18},"end":{"line":193,"column":29}},"type":"binary-expr","locations":[{"start":{"line":193,"column":18},"end":{"line":193,"column":29}},{"start":{"line":193,"column":26},"end":{"line":193,"column":29}}]},"56":{"loc":{"start":{"line":193,"column":55},"end":{"line":193,"column":58}},"type":"cond-expr","locations":[{"start":{"line":193,"column":55},"end":{"line":193,"column":58}},{"start":{"line":193,"column":62},"end":{"line":193,"column":69}}]},"57":{"loc":{"start":{"line":193,"column":55},"end":{"line":193,"column":62}},"type":"binary-expr","locations":[{"start":{"line":193,"column":55},"end":{"line":193,"column":62}},{"start":{"line":193,"column":55},"end":{"line":193,"column":62}}]},"58":{"loc":{"start":{"line":196,"column":24},"end":{"line":196,"column":27}},"type":"cond-expr","locations":[{"start":{"line":196,"column":24},"end":{"line":196,"column":27}},{"start":{"line":196,"column":24},"end":{"line":196,"column":63}}]},"59":{"loc":{"start":{"line":196,"column":16},"end":{"line":196,"column":27}},"type":"binary-expr","locations":[{"start":{"line":196,"column":16},"end":{"line":196,"column":27}},{"start":{"line":196,"column":24},"end":{"line":196,"column":27}}]},"60":{"loc":{"start":{"line":196,"column":38},"end":{"line":196,"column":41}},"type":"cond-expr","locations":[{"start":{"line":196,"column":38},"end":{"line":196,"column":41}},{"start":{"line":196,"column":45},"end":{"line":196,"column":52}}]},"61":{"loc":{"start":{"line":196,"column":38},"end":{"line":196,"column":45}},"type":"binary-expr","locations":[{"start":{"line":196,"column":38},"end":{"line":196,"column":45}},{"start":{"line":196,"column":38},"end":{"line":196,"column":45}}]},"62":{"loc":{"start":{"line":201,"column":18},"end":{"line":201,"column":21}},"type":"cond-expr","locations":[{"start":{"line":201,"column":18},"end":{"line":201,"column":21}},{"start":{"line":201,"column":18},"end":{"line":201,"column":50}}]},"63":{"loc":{"start":{"line":201,"column":10},"end":{"line":201,"column":21}},"type":"binary-expr","locations":[{"start":{"line":201,"column":10},"end":{"line":201,"column":21}},{"start":{"line":201,"column":18},"end":{"line":201,"column":21}}]},"64":{"loc":{"start":{"line":212,"column":4},"end":{"line":226,"column":null}},"type":"if","locations":[{"start":{"line":212,"column":4},"end":{"line":226,"column":null}},{"start":{"line":212,"column":4},"end":{"line":226,"column":null}}]},"65":{"loc":{"start":{"line":214,"column":8},"end":{"line":218,"column":null}},"type":"if","locations":[{"start":{"line":214,"column":8},"end":{"line":218,"column":null}},{"start":{"line":214,"column":8},"end":{"line":218,"column":null}}]},"66":{"loc":{"start":{"line":229,"column":36},"end":{"line":229,"column":41}},"type":"default-arg","locations":[{"start":{"line":229,"column":36},"end":{"line":229,"column":41}}]},"67":{"loc":{"start":{"line":231,"column":4},"end":{"line":237,"column":null}},"type":"if","locations":[{"start":{"line":231,"column":4},"end":{"line":237,"column":null}},{"start":{"line":231,"column":4},"end":{"line":237,"column":null}}]},"68":{"loc":{"start":{"line":233,"column":11},"end":{"line":237,"column":null}},"type":"if","locations":[{"start":{"line":233,"column":11},"end":{"line":237,"column":null}},{"start":{"line":233,"column":11},"end":{"line":237,"column":null}}]},"69":{"loc":{"start":{"line":233,"column":15},"end":{"line":233,"column":24}},"type":"binary-expr","locations":[{"start":{"line":233,"column":15},"end":{"line":233,"column":24}},{"start":{"line":233,"column":28},"end":{"line":233,"column":35}}]},"70":{"loc":{"start":{"line":249,"column":4},"end":{"line":251,"column":null}},"type":"if","locations":[{"start":{"line":249,"column":4},"end":{"line":251,"column":null}},{"start":{"line":249,"column":4},"end":{"line":251,"column":null}}]},"71":{"loc":{"start":{"line":249,"column":8},"end":{"line":249,"column":11}},"type":"binary-expr","locations":[{"start":{"line":249,"column":8},"end":{"line":249,"column":11}},{"start":{"line":249,"column":15},"end":{"line":249,"column":38}}]},"72":{"loc":{"start":{"line":250,"column":6},"end":{"line":250,"column":null}},"type":"if","locations":[{"start":{"line":250,"column":6},"end":{"line":250,"column":null}},{"start":{"line":250,"column":6},"end":{"line":250,"column":null}}]},"73":{"loc":{"start":{"line":252,"column":4},"end":{"line":259,"column":null}},"type":"if","locations":[{"start":{"line":252,"column":4},"end":{"line":259,"column":null}},{"start":{"line":252,"column":4},"end":{"line":259,"column":null}}]},"74":{"loc":{"start":{"line":252,"column":8},"end":{"line":252,"column":11}},"type":"binary-expr","locations":[{"start":{"line":252,"column":8},"end":{"line":252,"column":11}},{"start":{"line":252,"column":15},"end":{"line":252,"column":34}}]},"75":{"loc":{"start":{"line":272,"column":6},"end":{"line":287,"column":null}},"type":"if","locations":[{"start":{"line":272,"column":6},"end":{"line":287,"column":null}},{"start":{"line":272,"column":6},"end":{"line":287,"column":null}}]},"76":{"loc":{"start":{"line":275,"column":8},"end":{"line":286,"column":null}},"type":"if","locations":[{"start":{"line":275,"column":8},"end":{"line":286,"column":null}},{"start":{"line":275,"column":8},"end":{"line":286,"column":null}}]},"77":{"loc":{"start":{"line":276,"column":10},"end":{"line":283,"column":null}},"type":"if","locations":[{"start":{"line":276,"column":10},"end":{"line":283,"column":null}},{"start":{"line":276,"column":10},"end":{"line":283,"column":null}}]},"78":{"loc":{"start":{"line":278,"column":17},"end":{"line":283,"column":null}},"type":"if","locations":[{"start":{"line":278,"column":17},"end":{"line":283,"column":null}},{"start":{"line":278,"column":17},"end":{"line":283,"column":null}}]},"79":{"loc":{"start":{"line":296,"column":6},"end":{"line":311,"column":null}},"type":"if","locations":[{"start":{"line":296,"column":6},"end":{"line":311,"column":null}},{"start":{"line":296,"column":6},"end":{"line":311,"column":null}}]},"80":{"loc":{"start":{"line":299,"column":8},"end":{"line":310,"column":null}},"type":"if","locations":[{"start":{"line":299,"column":8},"end":{"line":310,"column":null}},{"start":{"line":299,"column":8},"end":{"line":310,"column":null}}]},"81":{"loc":{"start":{"line":300,"column":10},"end":{"line":307,"column":null}},"type":"if","locations":[{"start":{"line":300,"column":10},"end":{"line":307,"column":null}},{"start":{"line":300,"column":10},"end":{"line":307,"column":null}}]},"82":{"loc":{"start":{"line":302,"column":17},"end":{"line":307,"column":null}},"type":"if","locations":[{"start":{"line":302,"column":17},"end":{"line":307,"column":null}},{"start":{"line":302,"column":17},"end":{"line":307,"column":null}}]},"83":{"loc":{"start":{"line":326,"column":4},"end":{"line":348,"column":11}},"type":"switch","locations":[{"start":{"line":326,"column":4},"end":{"line":348,"column":11}},{"start":{"line":349,"column":4},"end":{"line":376,"column":11}},{"start":{"line":377,"column":4},"end":{"line":395,"column":11}},{"start":{"line":396,"column":4},"end":{"line":410,"column":11}},{"start":{"line":411,"column":4},"end":{"line":412,"column":null}}]},"84":{"loc":{"start":{"line":327,"column":6},"end":{"line":347,"column":null}},"type":"if","locations":[{"start":{"line":327,"column":6},"end":{"line":347,"column":null}},{"start":{"line":327,"column":6},"end":{"line":347,"column":null}}]},"85":{"loc":{"start":{"line":330,"column":42},"end":{"line":330,"column":45}},"type":"binary-expr","locations":[{"start":{"line":330,"column":42},"end":{"line":330,"column":45}},{"start":{"line":330,"column":49},"end":{"line":330,"column":56}}]},"86":{"loc":{"start":{"line":334,"column":13},"end":{"line":347,"column":null}},"type":"if","locations":[{"start":{"line":334,"column":13},"end":{"line":347,"column":null}},{"start":{"line":334,"column":13},"end":{"line":347,"column":null}}]},"87":{"loc":{"start":{"line":337,"column":10},"end":{"line":343,"column":null}},"type":"if","locations":[{"start":{"line":337,"column":10},"end":{"line":343,"column":null}},{"start":{"line":337,"column":10},"end":{"line":343,"column":null}}]},"88":{"loc":{"start":{"line":339,"column":17},"end":{"line":343,"column":null}},"type":"if","locations":[{"start":{"line":339,"column":17},"end":{"line":343,"column":null}},{"start":{"line":339,"column":17},"end":{"line":343,"column":null}}]},"89":{"loc":{"start":{"line":350,"column":6},"end":{"line":375,"column":null}},"type":"if","locations":[{"start":{"line":350,"column":6},"end":{"line":375,"column":null}},{"start":{"line":350,"column":6},"end":{"line":375,"column":null}}]},"90":{"loc":{"start":{"line":358,"column":13},"end":{"line":375,"column":null}},"type":"if","locations":[{"start":{"line":358,"column":13},"end":{"line":375,"column":null}},{"start":{"line":358,"column":13},"end":{"line":375,"column":null}}]},"91":{"loc":{"start":{"line":363,"column":10},"end":{"line":369,"column":null}},"type":"if","locations":[{"start":{"line":363,"column":10},"end":{"line":369,"column":null}},{"start":{"line":363,"column":10},"end":{"line":369,"column":null}}]},"92":{"loc":{"start":{"line":365,"column":17},"end":{"line":369,"column":null}},"type":"if","locations":[{"start":{"line":365,"column":17},"end":{"line":369,"column":null}},{"start":{"line":365,"column":17},"end":{"line":369,"column":null}}]},"93":{"loc":{"start":{"line":378,"column":6},"end":{"line":394,"column":null}},"type":"if","locations":[{"start":{"line":378,"column":6},"end":{"line":394,"column":null}},{"start":{"line":378,"column":6},"end":{"line":394,"column":null}}]},"94":{"loc":{"start":{"line":386,"column":13},"end":{"line":394,"column":null}},"type":"if","locations":[{"start":{"line":386,"column":13},"end":{"line":394,"column":null}},{"start":{"line":386,"column":13},"end":{"line":394,"column":null}}]},"95":{"loc":{"start":{"line":397,"column":6},"end":{"line":409,"column":null}},"type":"if","locations":[{"start":{"line":397,"column":6},"end":{"line":409,"column":null}},{"start":{"line":397,"column":6},"end":{"line":409,"column":null}}]},"96":{"loc":{"start":{"line":397,"column":10},"end":{"line":397,"column":23}},"type":"binary-expr","locations":[{"start":{"line":397,"column":10},"end":{"line":397,"column":23}},{"start":{"line":397,"column":27},"end":{"line":397,"column":47}}]},"97":{"loc":{"start":{"line":417,"column":2},"end":{"line":423,"column":null}},"type":"if","locations":[{"start":{"line":417,"column":2},"end":{"line":423,"column":null}},{"start":{"line":417,"column":2},"end":{"line":423,"column":null}}]},"98":{"loc":{"start":{"line":419,"column":9},"end":{"line":423,"column":null}},"type":"if","locations":[{"start":{"line":419,"column":9},"end":{"line":423,"column":null}},{"start":{"line":419,"column":9},"end":{"line":423,"column":null}}]},"99":{"loc":{"start":{"line":433,"column":4},"end":{"line":458,"column":11}},"type":"switch","locations":[{"start":{"line":433,"column":4},"end":{"line":458,"column":11}},{"start":{"line":459,"column":4},"end":{"line":485,"column":11}},{"start":{"line":486,"column":4},"end":{"line":500,"column":11}},{"start":{"line":501,"column":4},"end":{"line":502,"column":null}}]},"100":{"loc":{"start":{"line":434,"column":6},"end":{"line":457,"column":null}},"type":"if","locations":[{"start":{"line":434,"column":6},"end":{"line":457,"column":null}},{"start":{"line":434,"column":6},"end":{"line":457,"column":null}}]},"101":{"loc":{"start":{"line":442,"column":13},"end":{"line":457,"column":null}},"type":"if","locations":[{"start":{"line":442,"column":13},"end":{"line":457,"column":null}},{"start":{"line":442,"column":13},"end":{"line":457,"column":null}}]},"102":{"loc":{"start":{"line":445,"column":10},"end":{"line":451,"column":null}},"type":"if","locations":[{"start":{"line":445,"column":10},"end":{"line":451,"column":null}},{"start":{"line":445,"column":10},"end":{"line":451,"column":null}}]},"103":{"loc":{"start":{"line":447,"column":17},"end":{"line":451,"column":null}},"type":"if","locations":[{"start":{"line":447,"column":17},"end":{"line":451,"column":null}},{"start":{"line":447,"column":17},"end":{"line":451,"column":null}}]},"104":{"loc":{"start":{"line":460,"column":6},"end":{"line":484,"column":null}},"type":"if","locations":[{"start":{"line":460,"column":6},"end":{"line":484,"column":null}},{"start":{"line":460,"column":6},"end":{"line":484,"column":null}}]},"105":{"loc":{"start":{"line":468,"column":13},"end":{"line":484,"column":null}},"type":"if","locations":[{"start":{"line":468,"column":13},"end":{"line":484,"column":null}},{"start":{"line":468,"column":13},"end":{"line":484,"column":null}}]},"106":{"loc":{"start":{"line":471,"column":10},"end":{"line":477,"column":null}},"type":"if","locations":[{"start":{"line":471,"column":10},"end":{"line":477,"column":null}},{"start":{"line":471,"column":10},"end":{"line":477,"column":null}}]},"107":{"loc":{"start":{"line":473,"column":17},"end":{"line":477,"column":null}},"type":"if","locations":[{"start":{"line":473,"column":17},"end":{"line":477,"column":null}},{"start":{"line":473,"column":17},"end":{"line":477,"column":null}}]},"108":{"loc":{"start":{"line":487,"column":6},"end":{"line":499,"column":null}},"type":"if","locations":[{"start":{"line":487,"column":6},"end":{"line":499,"column":null}},{"start":{"line":487,"column":6},"end":{"line":499,"column":null}}]},"109":{"loc":{"start":{"line":487,"column":10},"end":{"line":487,"column":26}},"type":"binary-expr","locations":[{"start":{"line":487,"column":10},"end":{"line":487,"column":26}},{"start":{"line":487,"column":30},"end":{"line":487,"column":53}}]},"110":{"loc":{"start":{"line":512,"column":4},"end":{"line":542,"column":11}},"type":"switch","locations":[{"start":{"line":512,"column":4},"end":{"line":542,"column":11}},{"start":{"line":543,"column":4},"end":{"line":555,"column":11}},{"start":{"line":556,"column":4},"end":{"line":557,"column":null}}]},"111":{"loc":{"start":{"line":513,"column":6},"end":{"line":541,"column":null}},"type":"if","locations":[{"start":{"line":513,"column":6},"end":{"line":541,"column":null}},{"start":{"line":513,"column":6},"end":{"line":541,"column":null}}]},"112":{"loc":{"start":{"line":521,"column":13},"end":{"line":541,"column":null}},"type":"if","locations":[{"start":{"line":521,"column":13},"end":{"line":541,"column":null}},{"start":{"line":521,"column":13},"end":{"line":541,"column":null}}]},"113":{"loc":{"start":{"line":529,"column":10},"end":{"line":535,"column":null}},"type":"if","locations":[{"start":{"line":529,"column":10},"end":{"line":535,"column":null}},{"start":{"line":529,"column":10},"end":{"line":535,"column":null}}]},"114":{"loc":{"start":{"line":531,"column":17},"end":{"line":535,"column":null}},"type":"if","locations":[{"start":{"line":531,"column":17},"end":{"line":535,"column":null}},{"start":{"line":531,"column":17},"end":{"line":535,"column":null}}]},"115":{"loc":{"start":{"line":544,"column":6},"end":{"line":554,"column":null}},"type":"if","locations":[{"start":{"line":544,"column":6},"end":{"line":554,"column":null}},{"start":{"line":544,"column":6},"end":{"line":554,"column":null}}]},"116":{"loc":{"start":{"line":567,"column":4},"end":{"line":594,"column":11}},"type":"switch","locations":[{"start":{"line":567,"column":4},"end":{"line":594,"column":11}},{"start":{"line":595,"column":4},"end":{"line":607,"column":11}},{"start":{"line":608,"column":4},"end":{"line":609,"column":null}}]},"117":{"loc":{"start":{"line":568,"column":6},"end":{"line":593,"column":null}},"type":"if","locations":[{"start":{"line":568,"column":6},"end":{"line":593,"column":null}},{"start":{"line":568,"column":6},"end":{"line":593,"column":null}}]},"118":{"loc":{"start":{"line":576,"column":13},"end":{"line":593,"column":null}},"type":"if","locations":[{"start":{"line":576,"column":13},"end":{"line":593,"column":null}},{"start":{"line":576,"column":13},"end":{"line":593,"column":null}}]},"119":{"loc":{"start":{"line":581,"column":10},"end":{"line":587,"column":null}},"type":"if","locations":[{"start":{"line":581,"column":10},"end":{"line":587,"column":null}},{"start":{"line":581,"column":10},"end":{"line":587,"column":null}}]},"120":{"loc":{"start":{"line":583,"column":17},"end":{"line":587,"column":null}},"type":"if","locations":[{"start":{"line":583,"column":17},"end":{"line":587,"column":null}},{"start":{"line":583,"column":17},"end":{"line":587,"column":null}}]},"121":{"loc":{"start":{"line":596,"column":6},"end":{"line":606,"column":null}},"type":"if","locations":[{"start":{"line":596,"column":6},"end":{"line":606,"column":null}},{"start":{"line":596,"column":6},"end":{"line":606,"column":null}}]},"122":{"loc":{"start":{"line":630,"column":2},"end":{"line":652,"column":null}},"type":"if","locations":[{"start":{"line":630,"column":2},"end":{"line":652,"column":null}},{"start":{"line":630,"column":2},"end":{"line":652,"column":null}}]},"123":{"loc":{"start":{"line":634,"column":9},"end":{"line":652,"column":null}},"type":"if","locations":[{"start":{"line":634,"column":9},"end":{"line":652,"column":null}},{"start":{"line":634,"column":9},"end":{"line":652,"column":null}}]},"124":{"loc":{"start":{"line":635,"column":4},"end":{"line":645,"column":null}},"type":"if","locations":[{"start":{"line":635,"column":4},"end":{"line":645,"column":null}},{"start":{"line":635,"column":4},"end":{"line":645,"column":null}}]},"125":{"loc":{"start":{"line":658,"column":9},"end":{"line":658,"column":28}},"type":"binary-expr","locations":[{"start":{"line":658,"column":9},"end":{"line":658,"column":28}},{"start":{"line":658,"column":33},"end":{"line":658,"column":46}},{"start":{"line":658,"column":50},"end":{"line":658,"column":70}}]}},"s":{"0":2,"1":2,"2":2,"3":2,"4":2,"5":2,"6":2,"7":2,"8":33,"9":33,"10":2,"11":31,"12":15,"13":16,"14":13,"15":1,"16":13,"17":3,"18":13,"19":13,"20":13,"21":1,"22":12,"23":0,"24":12,"25":0,"26":12,"27":2,"28":12,"29":1,"30":12,"31":2,"32":2,"33":2,"34":2,"35":2,"36":2,"37":2,"38":1,"39":1,"40":0,"41":32,"42":26,"43":26,"44":8,"45":18,"46":34,"47":5,"48":6,"49":30,"50":0,"51":30,"52":30,"53":30,"54":30,"55":30,"56":0,"57":0,"58":0,"59":0,"60":0,"61":30,"62":21,"63":30,"64":0,"65":0,"66":0,"67":0,"68":0,"69":30,"70":30,"71":0,"72":30,"73":2,"74":2,"75":0,"76":0,"77":0,"78":2,"79":28,"80":2,"81":2,"82":2,"83":1,"84":1,"85":0,"86":26,"87":29,"88":26,"89":26,"90":8,"91":18,"92":3,"93":21,"94":0,"95":21,"96":21,"97":0,"98":21,"99":12,"100":1,"101":1,"102":12,"103":2,"104":4,"105":10,"106":0,"107":2,"108":2,"109":1,"110":1,"111":0,"112":0,"113":0,"114":0,"115":0,"116":1,"117":2,"118":2,"119":0,"120":2,"121":2,"122":0,"123":2,"124":0,"125":2,"126":0,"127":2,"128":26,"129":0,"130":0,"131":0,"132":0,"133":0,"134":0,"135":0,"136":0,"137":0,"138":0,"139":0,"140":0,"141":0,"142":0,"143":0,"144":0,"145":0,"146":0,"147":5,"148":0,"149":0,"150":0,"151":0,"152":5,"153":5,"154":5,"155":2,"156":0,"157":0,"158":2,"159":0,"160":0,"161":2,"162":3,"163":0,"164":5,"165":3,"166":0,"167":0,"168":0,"169":0,"170":3,"171":3,"172":3,"173":1,"174":0,"175":3,"176":18,"177":18,"178":18,"179":0,"180":0,"181":18,"182":0,"183":7,"184":7,"185":0,"186":0,"187":0,"188":2,"189":1,"190":0,"191":0,"192":0,"193":0,"194":1,"195":1,"196":1,"197":1,"198":0,"199":0,"200":1,"201":0,"202":0,"203":1,"204":1,"205":0,"206":1,"207":1,"208":0,"209":0,"210":0,"211":0,"212":1,"213":1,"214":1,"215":1,"216":0,"217":0,"218":1,"219":0,"220":0,"221":1,"222":0,"223":1,"224":0,"225":1,"226":0,"227":0,"228":0,"229":0,"230":0,"231":0,"232":0,"233":2,"234":2,"235":0,"236":0,"237":0,"238":0,"239":0,"240":2,"241":2,"242":2,"243":1,"244":0,"245":0,"246":0,"247":1,"248":0,"249":0,"250":0,"251":1,"252":1,"253":0,"254":2,"255":0,"256":0,"257":0,"258":0,"259":0,"260":0,"261":0,"262":0,"263":2,"264":0,"265":0,"266":0,"267":0,"268":0,"269":0,"270":0,"271":0,"272":0,"273":0,"274":0,"275":0,"276":0,"277":0,"278":0,"279":0,"280":0,"281":0,"282":0,"283":0,"284":0,"285":2,"286":2,"287":2,"288":2,"289":0,"290":0,"291":2,"292":0,"293":0,"294":0,"295":0,"296":0,"297":0,"298":0,"299":0,"300":0,"301":0,"302":0,"303":0,"304":0,"305":0,"306":0,"307":0,"308":0,"309":0,"310":2},"f":{"0":33,"1":1,"2":34,"3":5,"4":6,"5":30,"6":0,"7":0,"8":2,"9":2,"10":29,"11":26,"12":21,"13":12,"14":4,"15":0,"16":2,"17":2,"18":2,"19":2,"20":26,"21":0,"22":0,"23":0,"24":0,"25":0,"26":0,"27":0,"28":7,"29":2,"30":0,"31":0,"32":0,"33":0,"34":0,"35":0,"36":2,"37":0,"38":0,"39":0,"40":0,"41":0,"42":0,"43":0,"44":2,"45":0,"46":0,"47":0,"48":0,"49":0,"50":0,"51":2,"52":0,"53":2},"b":{"0":[2,31],"1":[15,16],"2":[13,3],"3":[1,12],"4":[3,10],"5":[13,0],"6":[1,12],"7":[13,3],"8":[0,12],"9":[12,1],"10":[0,12],"11":[12,1],"12":[2,10],"13":[1,11],"14":[2,10],"15":[1,0],"16":[1,1],"17":[26,6],"18":[32,29],"19":[8,18],"20":[26,8],"21":[2,3],"22":[6,0],"23":[6,6],"24":[0,30],"25":[30,0],"26":[30,0],"27":[21,9],"28":[0,30],"29":[0,0],"30":[0,30],"31":[30,0,0],"32":[2,28],"33":[0,2],"34":[2,2],"35":[0,0],"36":[0,0],"37":[0,0],"38":[0,0],"39":[0,0],"40":[0,0],"41":[0,0],"42":[0,0],"43":[0,2],"44":[2,2],"45":[2,0],"46":[2,2],"47":[2,26],"48":[2,0],"49":[2,2],"50":[1,1],"51":[2,2],"52":[1,0],"53":[1,1],"54":[0,1],"55":[1,1],"56":[0,1],"57":[1,1],"58":[0,0],"59":[0,0],"60":[0,0],"61":[0,0],"62":[0,26],"63":[26,26],"64":[26,3],"65":[8,18],"66":[21],"67":[0,21],"68":[21,0],"69":[21,0],"70":[1,11],"71":[12,12],"72":[1,0],"73":[2,10],"74":[12,12],"75":[1,1],"76":[0,1],"77":[0,0],"78":[0,0],"79":[0,2],"80":[2,0],"81":[0,2],"82":[0,2],"83":[0,5,3,18,0],"84":[0,0],"85":[0,0],"86":[0,0],"87":[0,0],"88":[0,0],"89":[0,5],"90":[5,0],"91":[0,2],"92":[0,2],"93":[0,3],"94":[3,0],"95":[18,0],"96":[18,18],"97":[7,0],"98":[0,0],"99":[1,1,0,0],"100":[0,1],"101":[1,0],"102":[0,1],"103":[0,1],"104":[0,1],"105":[1,0],"106":[0,1],"107":[0,1],"108":[0,0],"109":[0,0],"110":[2,0,0],"111":[0,2],"112":[2,0],"113":[0,1],"114":[0,1],"115":[0,0],"116":[0,2,0],"117":[0,0],"118":[0,0],"119":[0,0],"120":[0,0],"121":[2,0],"122":[0,0],"123":[0,0],"124":[0,0],"125":[2,2,1]}}
,"/Users/vedmalex/work/pipeline.js/src/util.ts": {"path":"/Users/vedmalex/work/pipeline.js/src/util.ts","statementMap":{"0":{"start":{"line":4,"column":0},"end":{"line":4,"column":null}},"1":{"start":{"line":5,"column":0},"end":{"line":19,"column":null}},"2":{"start":{"line":6,"column":2},"end":{"line":17,"column":null}},"3":{"start":{"line":13,"column":14},"end":{"line":13,"column":71}},"4":{"start":{"line":14,"column":4},"end":{"line":16,"column":null}},"5":{"start":{"line":15,"column":6},"end":{"line":15,"column":null}},"6":{"start":{"line":18,"column":2},"end":{"line":18,"column":null}},"7":{"start":{"line":20,"column":0},"end":{"line":28,"column":null}},"8":{"start":{"line":21,"column":2},"end":{"line":21,"column":null}},"9":{"start":{"line":22,"column":2},"end":{"line":27,"column":null}},"10":{"start":{"line":34,"column":11},"end":{"line":46,"column":3}},"11":{"start":{"line":35,"column":17},"end":{"line":35,"column":22}},"12":{"start":{"line":36,"column":15},"end":{"line":36,"column":52}},"13":{"start":{"line":37,"column":4},"end":{"line":42,"column":null}},"14":{"start":{"line":38,"column":6},"end":{"line":38,"column":null}},"15":{"start":{"line":40,"column":6},"end":{"line":40,"column":null}},"16":{"start":{"line":41,"column":6},"end":{"line":41,"column":null}},"17":{"start":{"line":43,"column":4},"end":{"line":45,"column":null}},"18":{"start":{"line":44,"column":6},"end":{"line":44,"column":null}},"19":{"start":{"line":47,"column":2},"end":{"line":47,"column":null}},"20":{"start":{"line":56,"column":0},"end":{"line":56,"column":null}},"21":{"start":{"line":62,"column":11},"end":{"line":73,"column":3}},"22":{"start":{"line":63,"column":15},"end":{"line":63,"column":52}},"23":{"start":{"line":64,"column":4},"end":{"line":72,"column":null}},"24":{"start":{"line":65,"column":6},"end":{"line":65,"column":null}},"25":{"start":{"line":67,"column":6},"end":{"line":71,"column":null}},"26":{"start":{"line":74,"column":2},"end":{"line":74,"column":null}},"27":{"start":{"line":83,"column":0},"end":{"line":83,"column":null}},"28":{"start":{"line":92,"column":11},"end":{"line":92,"column":36}},"29":{"start":{"line":93,"column":2},"end":{"line":93,"column":null}},"30":{"start":{"line":104,"column":13},"end":{"line":104,"column":29}},"31":{"start":{"line":105,"column":2},"end":{"line":139,"column":null}},"32":{"start":{"line":109,"column":6},"end":{"line":109,"column":null}},"33":{"start":{"line":111,"column":6},"end":{"line":111,"column":null}},"34":{"start":{"line":113,"column":6},"end":{"line":113,"column":null}},"35":{"start":{"line":115,"column":6},"end":{"line":127,"column":null}},"36":{"start":{"line":116,"column":8},"end":{"line":116,"column":null}},"37":{"start":{"line":118,"column":8},"end":{"line":126,"column":null}},"38":{"start":{"line":119,"column":20},"end":{"line":119,"column":22}},"39":{"start":{"line":120,"column":10},"end":{"line":122,"column":null}},"40":{"start":{"line":121,"column":12},"end":{"line":121,"column":null}},"41":{"start":{"line":123,"column":10},"end":{"line":123,"column":null}},"42":{"start":{"line":125,"column":10},"end":{"line":125,"column":null}},"43":{"start":{"line":128,"column":6},"end":{"line":128,"column":11}},"44":{"start":{"line":130,"column":16},"end":{"line":130,"column":18}},"45":{"start":{"line":131,"column":6},"end":{"line":133,"column":null}},"46":{"start":{"line":131,"column":19},"end":{"line":131,"column":20}},"47":{"start":{"line":131,"column":28},"end":{"line":131,"column":38}},"48":{"start":{"line":132,"column":8},"end":{"line":132,"column":null}},"49":{"start":{"line":134,"column":6},"end":{"line":134,"column":null}},"50":{"start":{"line":137,"column":6},"end":{"line":137,"column":null}},"51":{"start":{"line":103,"column":0},"end":{"line":103,"column":16}}},"fnMap":{"0":{"name":"(anonymous_0)","decl":{"start":{"line":5,"column":24},"end":{"line":5,"column":34}},"loc":{"start":{"line":5,"column":37},"end":{"line":19,"column":1}}},"1":{"name":"(anonymous_1)","decl":{"start":{"line":20,"column":24},"end":{"line":20,"column":34}},"loc":{"start":{"line":20,"column":49},"end":{"line":28,"column":1}}},"2":{"name":"failproofSyncCall","decl":{"start":{"line":33,"column":9},"end":{"line":33,"column":26}},"loc":{"start":{"line":33,"column":60},"end":{"line":54,"column":1}}},"3":{"name":"(anonymous_3)","decl":{"start":{"line":34,"column":11},"end":{"line":34,"column":null}},"loc":{"start":{"line":34,"column":11},"end":{"line":46,"column":3}}},"4":{"name":"failproofAsyncCall","decl":{"start":{"line":61,"column":9},"end":{"line":61,"column":27}},"loc":{"start":{"line":61,"column":51},"end":{"line":81,"column":1}}},"5":{"name":"(anonymous_5)","decl":{"start":{"line":62,"column":11},"end":{"line":62,"column":null}},"loc":{"start":{"line":62,"column":11},"end":{"line":73,"column":3}}},"6":{"name":"extractType","decl":{"start":{"line":91,"column":9},"end":{"line":91,"column":20}},"loc":{"start":{"line":91,"column":22},"end":{"line":94,"column":1}}},"7":{"name":"clone","decl":{"start":{"line":103,"column":16},"end":{"line":103,"column":21}},"loc":{"start":{"line":103,"column":33},"end":{"line":140,"column":1}}}},"branchMap":{"0":{"loc":{"start":{"line":6,"column":2},"end":{"line":17,"column":null}},"type":"if","locations":[{"start":{"line":6,"column":2},"end":{"line":17,"column":null}},{"start":{"line":6,"column":2},"end":{"line":17,"column":null}}]},"1":{"loc":{"start":{"line":7,"column":4},"end":{"line":7,"column":7}},"type":"binary-expr","locations":[{"start":{"line":7,"column":4},"end":{"line":7,"column":7}},{"start":{"line":8,"column":4},"end":{"line":8,"column":27}},{"start":{"line":9,"column":4},"end":{"line":9,"column":60}},{"start":{"line":10,"column":4},"end":{"line":10,"column":19}},{"start":{"line":11,"column":4},"end":{"line":11,"column":18}}]},"2":{"loc":{"start":{"line":14,"column":4},"end":{"line":16,"column":null}},"type":"if","locations":[{"start":{"line":14,"column":4},"end":{"line":16,"column":null}},{"start":{"line":14,"column":4},"end":{"line":16,"column":null}}]},"3":{"loc":{"start":{"line":14,"column":8},"end":{"line":14,"column":11}},"type":"binary-expr","locations":[{"start":{"line":14,"column":8},"end":{"line":14,"column":11}},{"start":{"line":14,"column":15},"end":{"line":14,"column":31}}]},"4":{"loc":{"start":{"line":41,"column":42},"end":{"line":41,"column":49}},"type":"cond-expr","locations":[{"start":{"line":41,"column":42},"end":{"line":41,"column":49}},{"start":{"line":41,"column":52},"end":{"line":41,"column":57}}]},"5":{"loc":{"start":{"line":43,"column":4},"end":{"line":45,"column":null}},"type":"if","locations":[{"start":{"line":43,"column":4},"end":{"line":45,"column":null}},{"start":{"line":43,"column":4},"end":{"line":45,"column":null}}]},"6":{"loc":{"start":{"line":69,"column":27},"end":{"line":69,"column":34}},"type":"cond-expr","locations":[{"start":{"line":69,"column":27},"end":{"line":69,"column":34}},{"start":{"line":69,"column":37},"end":{"line":69,"column":44}}]},"7":{"loc":{"start":{"line":70,"column":27},"end":{"line":70,"column":34}},"type":"cond-expr","locations":[{"start":{"line":70,"column":27},"end":{"line":70,"column":34}},{"start":{"line":70,"column":37},"end":{"line":70,"column":44}}]},"8":{"loc":{"start":{"line":106,"column":4},"end":{"line":106,"column":19}},"type":"switch","locations":[{"start":{"line":106,"column":4},"end":{"line":106,"column":19}},{"start":{"line":107,"column":4},"end":{"line":107,"column":18}},{"start":{"line":108,"column":4},"end":{"line":109,"column":null}},{"start":{"line":110,"column":4},"end":{"line":111,"column":null}},{"start":{"line":112,"column":4},"end":{"line":113,"column":null}},{"start":{"line":114,"column":4},"end":{"line":128,"column":11}},{"start":{"line":129,"column":4},"end":{"line":134,"column":null}},{"start":{"line":135,"column":4},"end":{"line":135,"column":21}},{"start":{"line":136,"column":4},"end":{"line":137,"column":null}},{"start":{"line":138,"column":4},"end":{"line":138,"column":12}}]},"9":{"loc":{"start":{"line":115,"column":6},"end":{"line":127,"column":null}},"type":"if","locations":[{"start":{"line":115,"column":6},"end":{"line":127,"column":null}},{"start":{"line":115,"column":6},"end":{"line":127,"column":null}}]},"10":{"loc":{"start":{"line":118,"column":8},"end":{"line":126,"column":null}},"type":"if","locations":[{"start":{"line":118,"column":8},"end":{"line":126,"column":null}},{"start":{"line":118,"column":8},"end":{"line":126,"column":null}}]},"11":{"loc":{"start":{"line":125,"column":25},"end":{"line":125,"column":34}},"type":"cond-expr","locations":[{"start":{"line":125,"column":25},"end":{"line":125,"column":34}},{"start":{"line":125,"column":37},"end":{"line":125,"column":40}}]}},"s":{"0":2,"1":2,"2":0,"3":0,"4":0,"5":0,"6":0,"7":2,"8":0,"9":0,"10":0,"11":0,"12":0,"13":0,"14":0,"15":0,"16":0,"17":0,"18":0,"19":0,"20":2,"21":0,"22":0,"23":0,"24":0,"25":0,"26":0,"27":2,"28":16,"29":16,"30":16,"31":16,"32":14,"33":0,"34":0,"35":2,"36":0,"37":2,"38":2,"39":2,"40":6,"41":2,"42":0,"43":0,"44":0,"45":0,"46":0,"47":0,"48":0,"49":0,"50":0,"51":2},"f":{"0":0,"1":0,"2":0,"3":0,"4":0,"5":0,"6":16,"7":16},"b":{"0":[0,0],"1":[0,0,0,0,0],"2":[0,0],"3":[0,0],"4":[0,0],"5":[0,0],"6":[0,0],"7":[0,0],"8":[0,14,14,0,0,2,0,0,0,0],"9":[0,2],"10":[2,0],"11":[0,0]}}
,"/Users/vedmalex/work/pipeline.js/src/utils/types.ts": {"path":"/Users/vedmalex/work/pipeline.js/src/utils/types.ts","statementMap":{"0":{"start":{"line":55,"column":2},"end":{"line":55,"column":null}},"1":{"start":{"line":51,"column":0},"end":{"line":51,"column":16}},"2":{"start":{"line":59,"column":2},"end":{"line":59,"column":null}},"3":{"start":{"line":58,"column":0},"end":{"line":58,"column":16}},"4":{"start":{"line":63,"column":2},"end":{"line":63,"column":null}},"5":{"start":{"line":62,"column":0},"end":{"line":62,"column":16}},"6":{"start":{"line":69,"column":2},"end":{"line":69,"column":null}},"7":{"start":{"line":66,"column":0},"end":{"line":66,"column":16}},"8":{"start":{"line":75,"column":2},"end":{"line":75,"column":null}},"9":{"start":{"line":72,"column":0},"end":{"line":72,"column":16}},"10":{"start":{"line":79,"column":2},"end":{"line":79,"column":null}},"11":{"start":{"line":78,"column":0},"end":{"line":78,"column":16}},"12":{"start":{"line":83,"column":2},"end":{"line":83,"column":null}},"13":{"start":{"line":82,"column":0},"end":{"line":82,"column":16}},"14":{"start":{"line":89,"column":2},"end":{"line":89,"column":null}},"15":{"start":{"line":86,"column":0},"end":{"line":86,"column":16}},"16":{"start":{"line":95,"column":2},"end":{"line":95,"column":null}},"17":{"start":{"line":92,"column":0},"end":{"line":92,"column":16}},"18":{"start":{"line":104,"column":2},"end":{"line":104,"column":null}},"19":{"start":{"line":103,"column":0},"end":{"line":103,"column":16}}},"fnMap":{"0":{"name":"is_async","decl":{"start":{"line":51,"column":16},"end":{"line":51,"column":24}},"loc":{"start":{"line":53,"column":15},"end":{"line":56,"column":1}}},"1":{"name":"is_func0","decl":{"start":{"line":58,"column":16},"end":{"line":58,"column":24}},"loc":{"start":{"line":58,"column":41},"end":{"line":60,"column":1}}},"2":{"name":"is_func1","decl":{"start":{"line":62,"column":16},"end":{"line":62,"column":24}},"loc":{"start":{"line":62,"column":45},"end":{"line":64,"column":1}}},"3":{"name":"is_func2","decl":{"start":{"line":66,"column":16},"end":{"line":66,"column":24}},"loc":{"start":{"line":67,"column":15},"end":{"line":70,"column":1}}},"4":{"name":"is_func3","decl":{"start":{"line":72,"column":16},"end":{"line":72,"column":24}},"loc":{"start":{"line":73,"column":15},"end":{"line":76,"column":1}}},"5":{"name":"is_func0_async","decl":{"start":{"line":78,"column":16},"end":{"line":78,"column":30}},"loc":{"start":{"line":78,"column":47},"end":{"line":80,"column":1}}},"6":{"name":"is_func1_async","decl":{"start":{"line":82,"column":16},"end":{"line":82,"column":30}},"loc":{"start":{"line":82,"column":51},"end":{"line":84,"column":1}}},"7":{"name":"is_func2_async","decl":{"start":{"line":86,"column":16},"end":{"line":86,"column":30}},"loc":{"start":{"line":87,"column":15},"end":{"line":90,"column":1}}},"8":{"name":"is_func3_async","decl":{"start":{"line":92,"column":16},"end":{"line":92,"column":30}},"loc":{"start":{"line":93,"column":15},"end":{"line":96,"column":1}}},"9":{"name":"is_thenable","decl":{"start":{"line":103,"column":16},"end":{"line":103,"column":27}},"loc":{"start":{"line":103,"column":39},"end":{"line":105,"column":1}}}},"branchMap":{"0":{"loc":{"start":{"line":55,"column":25},"end":{"line":55,"column":27}},"type":"cond-expr","locations":[{"start":{"line":55,"column":25},"end":{"line":55,"column":27}},{"start":{"line":55,"column":25},"end":{"line":55,"column":31}}]},"1":{"loc":{"start":{"line":55,"column":9},"end":{"line":55,"column":27}},"type":"binary-expr","locations":[{"start":{"line":55,"column":9},"end":{"line":55,"column":27}},{"start":{"line":55,"column":25},"end":{"line":55,"column":27}}]},"2":{"loc":{"start":{"line":55,"column":12},"end":{"line":55,"column":14}},"type":"cond-expr","locations":[{"start":{"line":55,"column":12},"end":{"line":55,"column":14}},{"start":{"line":55,"column":9},"end":{"line":55,"column":25}}]},"3":{"loc":{"start":{"line":55,"column":9},"end":{"line":55,"column":14}},"type":"binary-expr","locations":[{"start":{"line":55,"column":9},"end":{"line":55,"column":14}},{"start":{"line":55,"column":9},"end":{"line":55,"column":14}}]},"4":{"loc":{"start":{"line":79,"column":9},"end":{"line":79,"column":22}},"type":"binary-expr","locations":[{"start":{"line":79,"column":9},"end":{"line":79,"column":22}},{"start":{"line":79,"column":26},"end":{"line":79,"column":39}}]},"5":{"loc":{"start":{"line":83,"column":9},"end":{"line":83,"column":22}},"type":"binary-expr","locations":[{"start":{"line":83,"column":9},"end":{"line":83,"column":22}},{"start":{"line":83,"column":26},"end":{"line":83,"column":39}}]},"6":{"loc":{"start":{"line":89,"column":9},"end":{"line":89,"column":22}},"type":"binary-expr","locations":[{"start":{"line":89,"column":9},"end":{"line":89,"column":22}},{"start":{"line":89,"column":26},"end":{"line":89,"column":39}}]},"7":{"loc":{"start":{"line":95,"column":9},"end":{"line":95,"column":22}},"type":"binary-expr","locations":[{"start":{"line":95,"column":9},"end":{"line":95,"column":22}},{"start":{"line":95,"column":26},"end":{"line":95,"column":39}}]},"8":{"loc":{"start":{"line":104,"column":9},"end":{"line":104,"column":31}},"type":"binary-expr","locations":[{"start":{"line":104,"column":9},"end":{"line":104,"column":31}},{"start":{"line":104,"column":35},"end":{"line":104,"column":61}}]}},"s":{"0":33,"1":2,"2":0,"3":2,"4":8,"5":2,"6":6,"7":2,"8":20,"9":2,"10":0,"11":2,"12":8,"13":2,"14":6,"15":2,"16":19,"17":2,"18":5,"19":2},"f":{"0":33,"1":0,"2":8,"3":6,"4":20,"5":0,"6":8,"7":6,"8":19,"9":5},"b":{"0":[0,33],"1":[33,33],"2":[0,33],"3":[33,33],"4":[0,0],"5":[8,0],"6":[6,0],"7":[19,0],"8":[5,0]}}
}
