TN:
SF:src/context.ts
FN:14,(anonymous_0)
FN:77,(anonymous_1)
FN:81,(anonymous_2)
FN:98,(anonymous_3)
FN:117,(anonymous_4)
FN:124,(anonymous_5)
FN:131,(anonymous_6)
FN:60,(anonymous_7)
FN:67,(anonymous_8)
FN:147,(anonymous_9)
FN:159,(anonymous_10)
FN:176,(anonymous_11)
FN:179,(anonymous_12)
FN:188,(anonymous_13)
FN:205,(anonymous_14)
FN:217,(anonymous_15)
FN:230,(anonymous_16)
FN:241,(anonymous_17)
FN:249,(anonymous_18)
FNF:19
FNH:18
FNDA:3,(anonymous_0)
FNDA:31,(anonymous_1)
FNDA:246,(anonymous_2)
FNDA:37,(anonymous_3)
FNDA:3,(anonymous_4)
FNDA:2,(anonymous_5)
FNDA:0,(anonymous_6)
FNDA:41,(anonymous_7)
FNDA:61,(anonymous_8)
FNDA:8,(anonymous_9)
FNDA:1,(anonymous_10)
FNDA:2,(anonymous_11)
FNDA:9,(anonymous_12)
FNDA:12,(anonymous_13)
FNDA:1,(anonymous_14)
FNDA:9,(anonymous_15)
FNDA:14,(anonymous_16)
FNDA:5,(anonymous_17)
FNDA:2,(anonymous_18)
DA:4,3
DA:6,3
DA:7,3
DA:14,3
DA:15,3
DA:16,3
DA:17,3
DA:19,3
DA:59,3
DA:61,41
DA:62,10
DA:64,31
DA:70,61
DA:78,31
DA:80,31
DA:82,246
DA:83,217
DA:85,217
DA:86,145
DA:88,72
DA:89,49
DA:91,23
DA:94,9
DA:95,14
DA:103,37
DA:104,34
DA:105,34
DA:106,3
DA:111,1
DA:113,2
DA:114,2
DA:118,3
DA:119,1
DA:121,2
DA:125,2
DA:126,1
DA:128,1
DA:132,0
DA:136,31
DA:138,31
DA:148,8
DA:149,8
DA:150,8
DA:151,8
DA:160,1
DA:161,1
DA:162,1
DA:163,1
DA:164,1
DA:165,1
DA:167,1
DA:177,2
DA:180,9
DA:189,12
DA:190,2
DA:195,10
DA:206,1
DA:207,1
DA:208,1
DA:218,9
DA:219,9
DA:220,9
DA:231,14
DA:232,14
DA:233,14
DA:243,5
DA:250,2
LF:67
LH:66
BRDA:14,0,0,3
BRDA:14,0,1,3
BRDA:82,1,0,29
BRDA:82,1,1,217
BRDA:83,2,0,0
BRDA:83,2,1,217
BRDA:85,3,0,145
BRDA:85,3,1,72
BRDA:88,4,0,49
BRDA:88,4,1,23
BRDA:91,5,0,9
BRDA:91,5,1,14
BRDA:103,6,0,34
BRDA:103,6,1,3
BRDA:106,7,0,1
BRDA:106,7,1,2
BRDA:107,8,0,3
BRDA:107,8,1,3
BRDA:107,8,2,3
BRDA:118,9,0,1
BRDA:118,9,1,2
BRDA:125,10,0,1
BRDA:125,10,1,1
BRDA:61,11,0,10
BRDA:61,11,1,31
BRDA:64,12,0,24
BRDA:64,12,1,7
BRDA:64,13,0,31
BRDA:64,13,1,31
BRDA:70,14,0,54
BRDA:70,14,1,7
BRDA:161,15,0,1
BRDA:161,15,1,0
BRDA:163,16,0,1
BRDA:163,16,1,0
BRDA:189,17,0,2
BRDA:189,17,1,10
BRDA:189,18,0,12
BRDA:189,18,1,12
BRDA:191,19,0,2
BRDA:191,19,1,0
BRDA:218,20,0,9
BRDA:218,20,1,0
BRF:43
BRH:38
end_of_record
TN:
SF:src/dowhile.ts
FN:26,(anonymous_0)
FN:58,(anonymous_1)
FN:62,(anonymous_2)
FN:66,(anonymous_3)
FN:72,(anonymous_4)
FN:78,(anonymous_5)
FN:79,(anonymous_6)
FN:85,(anonymous_7)
FNF:8
FNH:6
FNDA:8,(anonymous_0)
FNDA:0,(anonymous_1)
FNDA:0,(anonymous_2)
FNDA:21,(anonymous_3)
FNDA:13,(anonymous_4)
FNDA:8,(anonymous_5)
FNDA:8,(anonymous_6)
FNDA:21,(anonymous_7)
DA:1,1
DA:2,1
DA:3,1
DA:19,1
DA:27,8
DA:28,8
DA:29,1
DA:31,7
DA:32,0
DA:34,7
DA:35,0
DA:38,7
DA:39,5
DA:42,7
DA:43,2
DA:46,7
DA:47,4
DA:51,8
DA:52,8
DA:59,0
DA:63,0
DA:67,21
DA:68,17
DA:69,4
DA:73,13
DA:74,2
DA:75,11
DA:79,8
DA:84,8
DA:85,8
DA:86,21
DA:87,21
DA:88,8
DA:90,13
DA:98,8
DA:101,8
DA:103,8
LF:37
LH:33
BRDA:28,0,0,1
BRDA:28,0,1,7
BRDA:31,1,0,0
BRDA:31,1,1,7
BRDA:34,2,0,0
BRDA:34,2,1,7
BRDA:34,3,0,7
BRDA:34,3,1,0
BRDA:34,4,0,2
BRDA:34,4,1,5
BRDA:34,5,0,7
BRDA:34,5,1,7
BRDA:34,6,0,0
BRDA:34,6,1,0
BRDA:34,7,0,0
BRDA:34,7,1,0
BRDA:38,8,0,5
BRDA:38,8,1,2
BRDA:38,9,0,2
BRDA:38,9,1,5
BRDA:38,10,0,7
BRDA:38,10,1,7
BRDA:42,11,0,2
BRDA:42,11,1,5
BRDA:42,12,0,2
BRDA:42,12,1,5
BRDA:42,13,0,7
BRDA:42,13,1,7
BRDA:46,14,0,4
BRDA:46,14,1,3
BRDA:46,15,0,2
BRDA:46,15,1,5
BRDA:46,16,0,7
BRDA:46,16,1,7
BRDA:59,17,0,0
BRDA:59,17,1,0
BRDA:67,18,0,17
BRDA:67,18,1,4
BRDA:73,19,0,2
BRDA:73,19,1,11
BRDA:78,20,0,8
BRDA:87,21,0,8
BRDA:87,21,1,13
BRDA:87,22,0,21
BRDA:87,22,1,0
BRDA:87,23,0,21
BRDA:87,23,1,21
BRDA:88,24,0,8
BRDA:88,24,1,0
BRDA:88,25,0,8
BRDA:88,25,1,8
BRDA:93,26,0,13
BRDA:93,26,1,0
BRDA:93,27,0,13
BRDA:93,27,1,13
BRF:55
BRH:43
end_of_record
TN:
SF:src/parallel.ts
FN:35,(anonymous_0)
FN:42,(anonymous_1)
FN:46,(anonymous_2)
FN:57,(anonymous_3)
FN:60,(anonymous_4)
FN:64,(anonymous_5)
FN:68,(anonymous_6)
FN:70,(anonymous_7)
FN:81,(anonymous_8)
FN:82,(anonymous_9)
FN:143,(anonymous_10)
FNF:11
FNH:9
FNDA:9,(anonymous_0)
FNDA:6,(anonymous_1)
FNDA:3,(anonymous_2)
FNDA:0,(anonymous_3)
FNDA:0,(anonymous_4)
FNDA:2,(anonymous_5)
FNDA:7,(anonymous_6)
FNDA:6,(anonymous_7)
FNDA:22,(anonymous_8)
FNDA:22,(anonymous_9)
FNDA:2,(anonymous_10)
DA:1,1
DA:8,1
DA:9,1
DA:10,1
DA:11,1
DA:30,1
DA:36,9
DA:37,9
DA:38,8
DA:43,6
DA:48,3
DA:49,2
DA:50,2
DA:52,1
DA:54,3
DA:58,0
DA:61,0
DA:65,2
DA:69,7
DA:70,6
DA:75,6
DA:76,6
DA:77,6
DA:79,6
DA:81,6
DA:82,22
DA:83,22
DA:84,20
DA:86,2
DA:87,1
DA:88,1
DA:90,2
DA:101,22
DA:102,4
DA:103,3
DA:104,3
DA:106,1
DA:112,6
DA:113,2
DA:115,4
DA:116,22
DA:125,6
DA:127,1
DA:130,7
DA:141,1
DA:144,2
DA:145,2
LF:47
LH:45
BRDA:37,0,0,8
BRDA:37,0,1,1
BRDA:43,1,0,5
BRDA:43,1,1,1
BRDA:48,2,0,2
BRDA:48,2,1,1
BRDA:50,3,0,0
BRDA:50,3,1,2
BRDA:50,4,0,2
BRDA:50,4,1,2
BRDA:58,5,0,0
BRDA:58,5,1,0
BRDA:65,6,0,2
BRDA:65,6,1,0
BRDA:65,7,0,2
BRDA:65,7,1,2
BRDA:65,8,0,2
BRDA:65,8,1,0
BRDA:65,9,0,2
BRDA:65,9,1,2
BRDA:65,10,0,0
BRDA:65,10,1,0
BRDA:65,11,0,0
BRDA:65,11,1,0
BRDA:68,12,0,7
BRDA:69,13,0,6
BRDA:69,13,1,1
BRDA:77,14,0,5
BRDA:77,14,1,1
BRDA:83,15,0,20
BRDA:83,15,1,2
BRDA:84,16,0,20
BRDA:84,16,1,0
BRDA:84,17,0,20
BRDA:84,17,1,20
BRDA:86,18,0,1
BRDA:86,18,1,1
BRDA:101,19,0,4
BRDA:101,19,1,18
BRDA:102,20,0,3
BRDA:102,20,1,1
BRDA:112,21,0,2
BRDA:112,21,1,4
BRF:43
BRH:33
end_of_record
TN:
SF:src/pipeline.ts
FN:34,(anonymous_0)
FN:45,(anonymous_1)
FN:49,(anonymous_2)
FN:68,(anonymous_3)
FN:72,(anonymous_4)
FN:73,(anonymous_5)
FN:80,(anonymous_6)
FNF:7
FNH:2
FNDA:16,(anonymous_0)
FNDA:0,(anonymous_1)
FNDA:14,(anonymous_2)
FNDA:0,(anonymous_3)
FNDA:0,(anonymous_4)
FNDA:0,(anonymous_5)
FNDA:0,(anonymous_6)
DA:1,1
DA:2,1
DA:3,1
DA:4,1
DA:27,1
DA:39,16
DA:40,16
DA:41,3
DA:46,0
DA:51,14
DA:52,5
DA:54,9
DA:55,8
DA:56,7
DA:58,1
DA:62,14
DA:63,13
DA:64,0
DA:69,0
DA:73,0
DA:78,0
DA:80,0
DA:81,0
DA:82,0
DA:83,0
DA:84,0
DA:85,0
DA:87,0
DA:90,0
DA:93,0
DA:94,0
DA:96,0
DA:99,0
LF:33
LH:16
BRDA:40,0,0,3
BRDA:40,0,1,13
BRDA:46,1,0,0
BRDA:46,1,1,0
BRDA:51,2,0,5
BRDA:51,2,1,9
BRDA:54,3,0,8
BRDA:54,3,1,1
BRDA:55,4,0,7
BRDA:55,4,1,1
BRDA:62,5,0,13
BRDA:62,5,1,1
BRDA:72,6,0,0
BRDA:82,7,0,0
BRDA:82,7,1,0
BRDA:83,8,0,0
BRDA:83,8,1,0
BRDA:83,9,0,0
BRDA:83,9,1,0
BRDA:84,10,0,0
BRDA:84,10,1,0
BRDA:85,11,0,0
BRDA:85,11,1,0
BRDA:85,12,0,0
BRDA:85,12,1,0
BRDA:87,13,0,0
BRDA:87,13,1,0
BRDA:87,14,0,0
BRDA:87,14,1,0
BRDA:93,15,0,0
BRDA:93,15,1,0
BRF:31
BRH:10
end_of_record
TN:
SF:src/stage.ts
FN:25,(anonymous_0)
FN:21,(anonymous_1)
FN:38,(anonymous_2)
FN:42,(anonymous_3)
FN:55,(anonymous_4)
FN:90,(anonymous_5)
FN:91,(anonymous_6)
FN:102,(anonymous_7)
FN:118,(anonymous_8)
FN:142,(anonymous_9)
FN:148,(anonymous_10)
FN:164,(anonymous_11)
FN:182,(anonymous_12)
FN:191,(anonymous_13)
FN:200,(anonymous_14)
FN:204,(anonymous_15)
FN:212,(anonymous_16)
FN:229,(anonymous_17)
FN:237,(anonymous_18)
FNF:19
FNH:12
FNDA:89,(anonymous_0)
FNDA:229,(anonymous_1)
FNDA:13,(anonymous_2)
FNDA:5,(anonymous_3)
FNDA:79,(anonymous_4)
FNDA:0,(anonymous_5)
FNDA:0,(anonymous_6)
FNDA:2,(anonymous_7)
FNDA:0,(anonymous_8)
FNDA:64,(anonymous_9)
FNDA:51,(anonymous_10)
FNDA:43,(anonymous_11)
FNDA:18,(anonymous_12)
FNDA:0,(anonymous_13)
FNDA:0,(anonymous_14)
FNDA:0,(anonymous_15)
FNDA:0,(anonymous_16)
FNDA:2,(anonymous_17)
FNDA:2,(anonymous_18)
DA:1,5
DA:2,5
DA:12,5
DA:13,5
DA:14,5
DA:15,5
DA:16,5
DA:20,5
DA:22,229
DA:26,89
DA:27,57
DA:28,57
DA:29,0
DA:31,57
DA:34,32
DA:39,13
DA:43,5
DA:65,79
DA:66,0
DA:68,79
DA:69,44
DA:71,44
DA:72,44
DA:73,44
DA:76,0
DA:77,0
DA:81,35
DA:82,35
DA:83,35
DA:86,79
DA:87,43
DA:89,79
DA:90,0
DA:91,0
DA:92,0
DA:93,0
DA:97,79
DA:98,79
DA:99,0
DA:101,79
DA:102,2
DA:103,2
DA:104,0
DA:105,0
DA:108,0
DA:111,2
DA:114,77
DA:115,0
DA:119,0
DA:120,0
DA:121,0
DA:128,0
DA:131,0
DA:136,77
DA:147,64
DA:148,51
DA:149,51
DA:150,5
DA:152,46
DA:156,13
DA:166,43
DA:167,0
DA:169,43
DA:170,0
DA:171,43
DA:172,28
DA:174,15
DA:176,43
DA:187,18
DA:188,1
DA:190,18
DA:191,0
DA:192,0
DA:196,18
DA:201,0
DA:209,0
DA:213,0
DA:214,0
DA:216,0
DA:217,0
DA:218,0
DA:219,0
DA:220,0
DA:223,0
DA:234,2
DA:238,2
DA:239,0
DA:241,2
DA:243,2
LF:89
LH:56
BRDA:26,0,0,57
BRDA:26,0,1,32
BRDA:28,1,0,0
BRDA:28,1,1,57
BRDA:39,2,0,0
BRDA:39,2,1,13
BRDA:43,3,0,4
BRDA:43,3,1,1
BRDA:43,4,0,5
BRDA:43,4,1,5
BRDA:65,5,0,0
BRDA:65,5,1,79
BRDA:68,6,0,44
BRDA:68,6,1,35
BRDA:69,7,0,44
BRDA:69,7,1,0
BRDA:86,8,0,43
BRDA:86,8,1,36
BRDA:89,9,0,0
BRDA:89,9,1,79
BRDA:92,10,0,0
BRDA:92,10,1,0
BRDA:98,11,0,0
BRDA:98,11,1,79
BRDA:98,12,0,79
BRDA:98,12,1,0
BRDA:98,12,2,0
BRDA:101,13,0,2
BRDA:101,13,1,77
BRDA:103,14,0,0
BRDA:103,14,1,2
BRDA:103,15,0,2
BRDA:103,15,1,2
BRDA:104,16,0,0
BRDA:104,16,1,0
BRDA:104,17,0,0
BRDA:104,17,1,0
BRDA:105,18,0,0
BRDA:105,18,1,0
BRDA:105,19,0,0
BRDA:105,19,1,0
BRDA:108,20,0,0
BRDA:108,20,1,0
BRDA:108,21,0,0
BRDA:108,21,1,0
BRDA:108,22,0,0
BRDA:108,22,1,0
BRDA:108,23,0,0
BRDA:108,23,1,0
BRDA:111,24,0,0
BRDA:111,24,1,2
BRDA:111,25,0,2
BRDA:111,25,1,2
BRDA:111,26,0,2
BRDA:111,26,1,0
BRDA:111,27,0,2
BRDA:111,27,1,2
BRDA:114,28,0,0
BRDA:114,28,1,77
BRDA:119,29,0,0
BRDA:119,29,1,0
BRDA:119,30,0,0
BRDA:119,30,1,0
BRDA:120,31,0,0
BRDA:120,31,1,0
BRDA:120,32,0,0
BRDA:120,32,1,0
BRDA:123,33,0,0
BRDA:123,33,1,0
BRDA:123,34,0,0
BRDA:123,34,1,0
BRDA:128,35,0,0
BRDA:128,35,1,0
BRDA:128,36,0,0
BRDA:128,36,1,0
BRDA:128,37,0,0
BRDA:128,37,1,0
BRDA:128,38,0,0
BRDA:128,38,1,0
BRDA:131,39,0,0
BRDA:131,39,1,0
BRDA:131,40,0,0
BRDA:131,40,1,0
BRDA:131,41,0,0
BRDA:131,41,1,0
BRDA:131,42,0,0
BRDA:131,42,1,0
BRDA:136,43,0,0
BRDA:136,43,1,77
BRDA:136,44,0,77
BRDA:136,44,1,77
BRDA:147,45,0,51
BRDA:147,45,1,13
BRDA:149,46,0,5
BRDA:149,46,1,46
BRDA:164,47,0,35
BRDA:166,48,0,0
BRDA:166,48,1,43
BRDA:169,49,0,0
BRDA:169,49,1,43
BRDA:171,50,0,28
BRDA:171,50,1,15
BRDA:171,51,0,43
BRDA:171,51,1,15
BRDA:187,52,0,1
BRDA:187,52,1,17
BRDA:187,53,0,18
BRDA:187,53,1,18
BRDA:188,54,0,1
BRDA:188,54,1,0
BRDA:190,55,0,0
BRDA:190,55,1,18
BRDA:190,56,0,18
BRDA:190,56,1,18
BRDA:213,57,0,0
BRDA:213,57,1,0
BRDA:216,58,0,0
BRDA:216,58,1,0
BRDA:217,59,0,0
BRDA:217,59,1,0
BRDA:219,60,0,0
BRDA:219,60,1,0
BRDA:238,61,0,0
BRDA:238,61,1,2
BRDA:241,62,0,2
BRDA:241,62,1,0
BRF:126
BRH:53
end_of_record
TN:
SF:src/utils/ErrorList.ts
FN:1,CreateError
FN:12,(anonymous_1)
FN:12,(anonymous_2)
FN:23,(anonymous_3)
FN:26,(anonymous_4)
FN:40,(anonymous_5)
FN:41,(anonymous_6)
FNF:7
FNH:5
FNDA:30,CreateError
FNDA:28,(anonymous_1)
FNDA:15,(anonymous_2)
FNDA:14,(anonymous_3)
FNDA:15,(anonymous_4)
FNDA:0,(anonymous_5)
FNDA:0,(anonymous_6)
DA:1,5
DA:4,30
DA:5,14
DA:7,16
DA:8,16
DA:9,2
DA:11,14
DA:12,28
DA:13,14
DA:14,0
DA:15,0
DA:17,0
DA:21,5
DA:24,14
DA:25,14
DA:26,15
DA:27,14
DA:28,1
DA:29,13
DA:30,13
DA:33,0
DA:36,0
DA:41,0
LF:23
LH:17
BRDA:4,0,0,14
BRDA:4,0,1,16
BRDA:7,1,0,16
BRDA:7,1,1,0
BRDA:8,2,0,2
BRDA:8,2,1,14
BRDA:8,3,0,16
BRDA:8,3,1,16
BRDA:11,4,0,14
BRDA:11,4,1,0
BRDA:14,5,0,0
BRDA:14,5,1,0
BRDA:25,6,0,14
BRDA:25,6,1,0
BRDA:27,7,0,1
BRDA:27,7,1,13
BRDA:29,8,0,13
BRDA:29,8,1,0
BRF:18
BRH:12
end_of_record
TN:
SF:src/utils/can_fix_error.ts
FN:8,can_fix_error
FNF:1
FNH:0
FNDA:0,can_fix_error
DA:1,5
DA:8,5
DA:9,0
LF:3
LH:2
BRDA:9,0,0,0
BRDA:9,0,1,0
BRDA:9,0,2,0
BRF:3
BRH:0
end_of_record
TN:
SF:src/utils/empty_run.ts
FN:3,empty_run
FNF:1
FNH:1
FNDA:1,empty_run
DA:3,3
DA:8,1
LF:2
LH:2
BRF:0
BRH:0
end_of_record
TN:
SF:src/utils/errors.ts
FNF:0
FNH:0
DA:1,5
LF:1
LH:1
BRF:0
BRH:0
end_of_record
TN:
SF:src/utils/execute_callback.ts
FN:26,execute_callback
FN:38,(anonymous_1)
FN:46,(anonymous_2)
FN:48,(anonymous_3)
FN:61,(anonymous_4)
FN:72,(anonymous_5)
FN:74,(anonymous_6)
FN:89,(anonymous_7)
FNF:8
FNH:1
FNDA:51,execute_callback
FNDA:0,(anonymous_1)
FNDA:0,(anonymous_2)
FNDA:0,(anonymous_3)
FNDA:0,(anonymous_4)
FNDA:0,(anonymous_5)
FNDA:0,(anonymous_6)
FNDA:0,(anonymous_7)
DA:1,5
DA:2,5
DA:13,5
DA:21,5
DA:22,5
DA:26,5
DA:32,51
DA:35,0
DA:36,0
DA:37,0
DA:38,0
DA:40,0
DA:42,0
DA:43,0
DA:44,0
DA:45,0
DA:46,0
DA:47,0
DA:48,0
DA:50,0
DA:53,0
DA:56,0
DA:58,1
DA:59,0
DA:60,0
DA:61,0
DA:64,0
DA:66,1
DA:67,1
DA:69,1
DA:71,1
DA:72,0
DA:73,1
DA:74,0
DA:76,1
DA:79,0
DA:82,0
DA:84,1
DA:86,2
DA:87,0
DA:88,0
DA:89,0
DA:92,0
DA:94,2
DA:95,2
DA:96,2
DA:98,1
DA:101,0
DA:103,2
DA:105,48
DA:106,48
DA:107,48
DA:113,0
DA:116,0
DA:118,48
DA:120,0
LF:56
LH:25
BRDA:34,0,0,0
BRDA:34,0,1,1
BRDA:34,0,2,2
BRDA:34,0,3,48
BRDA:34,0,4,0
BRDA:35,1,0,0
BRDA:35,1,1,0
BRDA:38,2,0,0
BRDA:38,2,1,0
BRDA:42,3,0,0
BRDA:42,3,1,0
BRDA:45,4,0,0
BRDA:45,4,1,0
BRDA:47,5,0,0
BRDA:47,5,1,0
BRDA:58,6,0,0
BRDA:58,6,1,1
BRDA:66,7,0,1
BRDA:66,7,1,0
BRDA:71,8,0,0
BRDA:71,8,1,1
BRDA:73,9,0,0
BRDA:73,9,1,1
BRDA:86,10,0,0
BRDA:86,10,1,2
BRDA:94,11,0,2
BRDA:94,11,1,0
BRDA:105,12,0,48
BRDA:105,12,1,0
BRDA:105,13,0,48
BRDA:105,13,1,48
BRF:31
BRH:12
end_of_record
TN:
SF:src/utils/execute_ensure.ts
FN:14,execute_ensure
FN:24,(anonymous_1)
FN:25,(anonymous_2)
FN:35,(anonymous_3)
FN:35,(anonymous_4)
FN:37,(anonymous_5)
FN:37,(anonymous_6)
FN:51,(anonymous_7)
FNF:8
FNH:2
FNDA:2,execute_ensure
FNDA:0,(anonymous_1)
FNDA:0,(anonymous_2)
FNDA:0,(anonymous_3)
FNDA:0,(anonymous_4)
FNDA:0,(anonymous_5)
FNDA:0,(anonymous_6)
FNDA:2,(anonymous_7)
DA:1,5
DA:2,5
DA:9,5
DA:11,5
DA:12,5
DA:14,5
DA:19,2
DA:21,0
DA:22,0
DA:23,0
DA:24,0
DA:25,0
DA:27,0
DA:29,0
DA:30,0
DA:31,0
DA:34,0
DA:35,0
DA:36,0
DA:37,0
DA:39,0
DA:42,0
DA:45,0
DA:47,0
DA:49,2
DA:50,2
DA:51,2
DA:52,2
DA:55,0
DA:58,0
DA:60,2
DA:62,0
LF:32
LH:12
BRDA:20,0,0,0
BRDA:20,0,1,2
BRDA:20,0,2,0
BRDA:21,1,0,0
BRDA:21,1,1,0
BRDA:29,2,0,0
BRDA:29,2,1,0
BRDA:34,3,0,0
BRDA:34,3,1,0
BRDA:36,4,0,0
BRDA:36,4,1,0
BRDA:49,5,0,2
BRDA:49,5,1,0
BRF:13
BRH:2
end_of_record
TN:
SF:src/utils/execute_rescue.ts
FN:15,execute_rescue
FN:26,(anonymous_1)
FN:35,(anonymous_2)
FN:37,(anonymous_3)
FN:52,(anonymous_4)
FN:61,(anonymous_5)
FN:63,(anonymous_6)
FNF:7
FNH:0
FNDA:0,execute_rescue
FNDA:0,(anonymous_1)
FNDA:0,(anonymous_2)
FNDA:0,(anonymous_3)
FNDA:0,(anonymous_4)
FNDA:0,(anonymous_5)
FNDA:0,(anonymous_6)
DA:1,5
DA:2,5
DA:10,5
DA:12,5
DA:13,5
DA:15,5
DA:21,0
DA:23,0
DA:24,0
DA:25,0
DA:26,0
DA:29,0
DA:31,0
DA:32,0
DA:33,0
DA:34,0
DA:35,0
DA:36,0
DA:37,0
DA:39,0
DA:42,0
DA:45,0
DA:47,0
DA:49,0
DA:50,0
DA:51,0
DA:52,0
DA:55,0
DA:57,0
DA:58,0
DA:59,0
DA:60,0
DA:61,0
DA:62,0
DA:63,0
DA:65,0
DA:68,0
DA:71,0
DA:73,0
DA:75,0
DA:76,0
DA:77,0
DA:83,0
DA:86,0
DA:88,0
DA:90,0
LF:46
LH:6
BRDA:22,0,0,0
BRDA:22,0,1,0
BRDA:22,0,2,0
BRDA:22,0,3,0
BRDA:23,1,0,0
BRDA:23,1,1,0
BRDA:31,2,0,0
BRDA:31,2,1,0
BRDA:34,3,0,0
BRDA:34,3,1,0
BRDA:36,4,0,0
BRDA:36,4,1,0
BRDA:49,5,0,0
BRDA:49,5,1,0
BRDA:57,6,0,0
BRDA:57,6,1,0
BRDA:60,7,0,0
BRDA:60,7,1,0
BRDA:62,8,0,0
BRDA:62,8,1,0
BRDA:75,9,0,0
BRDA:75,9,1,0
BRDA:75,10,0,0
BRDA:75,10,1,0
BRF:24
BRH:0
end_of_record
TN:
SF:src/utils/execute_validate.ts
FN:14,execute_validate
FN:24,(anonymous_1)
FN:25,(anonymous_2)
FN:38,(anonymous_3)
FN:38,(anonymous_4)
FN:40,(anonymous_5)
FN:40,(anonymous_6)
FN:54,(anonymous_7)
FNF:8
FNH:0
FNDA:0,execute_validate
FNDA:0,(anonymous_1)
FNDA:0,(anonymous_2)
FNDA:0,(anonymous_3)
FNDA:0,(anonymous_4)
FNDA:0,(anonymous_5)
FNDA:0,(anonymous_6)
FNDA:0,(anonymous_7)
DA:1,5
DA:2,5
DA:9,5
DA:11,5
DA:12,5
DA:14,5
DA:19,0
DA:21,0
DA:22,0
DA:23,0
DA:24,0
DA:25,0
DA:27,0
DA:29,0
DA:30,0
DA:32,0
DA:37,0
DA:38,0
DA:39,0
DA:40,0
DA:42,0
DA:45,0
DA:48,0
DA:50,0
DA:52,0
DA:53,0
DA:54,0
DA:55,0
DA:58,0
DA:61,0
DA:63,0
DA:65,0
LF:32
LH:6
BRDA:20,0,0,0
BRDA:20,0,1,0
BRDA:20,0,2,0
BRDA:21,1,0,0
BRDA:21,1,1,0
BRDA:29,2,0,0
BRDA:29,2,1,0
BRDA:37,3,0,0
BRDA:37,3,1,0
BRDA:39,4,0,0
BRDA:39,4,1,0
BRDA:52,5,0,0
BRDA:52,5,1,0
BRF:13
BRH:0
end_of_record
TN:
SF:src/utils/process_error.ts
FN:4,process_error
FNF:1
FNH:1
FNDA:1,process_error
DA:1,5
DA:4,5
DA:5,1
DA:6,1
DA:7,0
DA:8,0
DA:10,0
LF:7
LH:4
BRDA:5,0,0,1
BRDA:5,0,1,0
BRDA:7,1,0,0
BRDA:7,1,1,0
BRF:4
BRH:1
end_of_record
TN:
SF:src/utils/run_or_execute.ts
FN:5,run_or_execute
FN:11,(anonymous_1)
FNF:2
FNH:2
FNDA:35,run_or_execute
FNDA:35,(anonymous_1)
DA:2,4
DA:5,4
DA:11,35
DA:15,35
DA:18,35
DA:19,35
DA:21,0
LF:7
LH:6
BRDA:15,0,0,35
BRDA:15,0,1,0
BRDA:15,1,0,35
BRDA:15,1,1,35
BRDA:18,2,0,35
BRDA:18,2,1,0
BRF:6
BRH:4
end_of_record
TN:
SF:src/utils/types.ts
FN:44,is_async
FN:51,is_func0
FN:55,is_func1
FN:59,is_func2
FN:65,is_func3
FN:71,is_func0_async
FN:75,is_func1_async
FN:79,is_func2_async
FN:85,is_func3_async
FN:96,is_thenable
FN:106,isSingleStageFunction
FN:121,isRunPipelineFunction
FN:144,isRescue
FN:163,isValidateFunction
FN:176,isEnsureFunction
FN:215,isAllowedStage
FN:228,getStageConfig
FN:276,(anonymous_18)
FN:289,getNameFrom
FN:308,getPipelinConfig
FN:313,(anonymous_21)
FN:342,getParallelConfig
FN:364,getEmptyConfig
FN:372,(anonymous_24)
FN:388,getWrapConfig
FNF:25
FNH:19
FNDA:488,is_async
FNDA:101,is_func0
FNDA:209,is_func1
FNDA:210,is_func2
FNDA:179,is_func3
FNDA:100,is_func0_async
FNDA:207,is_func1_async
FNDA:133,is_func2_async
FNDA:48,is_func3_async
FNDA:1,is_thenable
FNDA:0,isSingleStageFunction
FNDA:101,isRunPipelineFunction
FNDA:36,isRescue
FNDA:36,isValidateFunction
FNDA:36,isEnsureFunction
FNDA:0,isAllowedStage
FNDA:67,getStageConfig
FNDA:0,(anonymous_18)
FNDA:36,getNameFrom
FNDA:3,getPipelinConfig
FNDA:2,(anonymous_21)
FNDA:8,getParallelConfig
FNDA:0,getEmptyConfig
FNDA:0,(anonymous_24)
FNDA:0,getWrapConfig
DA:2,5
DA:3,5
DA:5,5
DA:7,5
DA:8,5
DA:9,5
DA:44,5
DA:48,488
DA:51,5
DA:52,101
DA:55,5
DA:56,209
DA:59,5
DA:62,210
DA:65,5
DA:68,179
DA:71,5
DA:72,100
DA:75,5
DA:76,207
DA:79,5
DA:82,133
DA:85,5
DA:88,48
DA:96,5
DA:97,1
DA:106,5
DA:109,0
DA:121,5
DA:124,101
DA:144,5
DA:145,36
DA:163,5
DA:164,36
DA:176,5
DA:177,36
DA:215,5
DA:220,0
DA:228,5
DA:231,67
DA:232,67
DA:233,3
DA:234,64
DA:235,1
DA:236,63
DA:237,27
DA:239,36
DA:240,0
DA:242,36
DA:243,0
DA:245,36
DA:246,0
DA:248,36
DA:249,0
DA:251,36
DA:252,0
DA:254,36
DA:255,0
DA:257,36
DA:258,0
DA:260,36
DA:261,0
DA:263,36
DA:264,0
DA:266,36
DA:267,0
DA:269,36
DA:270,0
DA:271,0
DA:272,0
DA:273,0
DA:274,0
DA:275,0
DA:276,0
DA:277,0
DA:278,0
DA:279,0
DA:282,36
DA:283,36
DA:286,66
DA:289,5
DA:290,36
DA:291,36
DA:292,0
DA:293,0
DA:294,0
DA:296,0
DA:299,36
DA:301,36
DA:308,5
DA:311,3
DA:312,1
DA:314,2
DA:315,2
DA:316,0
DA:317,0
DA:319,0
DA:324,2
DA:325,2
DA:326,0
DA:327,2
DA:328,1
DA:329,0
DA:331,1
DA:332,0
DA:334,1
DA:335,0
DA:338,2
DA:342,5
DA:345,8
DA:346,8
DA:347,1
DA:348,7
DA:349,7
DA:350,0
DA:352,7
DA:353,7
DA:354,7
DA:355,7
DA:357,7
DA:358,0
DA:361,7
DA:364,5
DA:367,0
DA:369,0
DA:370,0
DA:372,0
DA:376,0
DA:379,0
DA:388,5
DA:391,0
DA:392,0
DA:393,0
DA:394,0
DA:395,0
DA:396,0
DA:398,0
DA:399,0
DA:401,0
DA:402,0
DA:404,0
DA:405,0
DA:407,0
LF:143
LH:89
BRDA:48,0,0,252
BRDA:48,0,1,236
BRDA:48,1,0,488
BRDA:48,1,1,488
BRDA:48,2,0,252
BRDA:48,2,1,236
BRDA:48,3,0,488
BRDA:48,3,1,488
BRDA:52,4,0,36
BRDA:52,4,1,65
BRDA:52,5,0,101
BRDA:52,5,1,101
BRDA:56,6,0,144
BRDA:56,6,1,65
BRDA:56,7,0,209
BRDA:56,7,1,209
BRDA:62,8,0,144
BRDA:62,8,1,66
BRDA:62,9,0,210
BRDA:62,9,1,210
BRDA:68,10,0,72
BRDA:68,10,1,107
BRDA:68,11,0,179
BRDA:68,11,1,179
BRDA:72,12,0,100
BRDA:72,12,1,0
BRDA:76,13,0,207
BRDA:76,13,1,0
BRDA:82,14,0,133
BRDA:82,14,1,0
BRDA:88,15,0,48
BRDA:88,15,1,0
BRDA:97,16,0,1
BRDA:97,16,1,0
BRDA:109,17,0,0
BRDA:109,17,1,0
BRDA:125,18,0,101
BRDA:125,18,1,100
BRDA:125,18,2,100
BRDA:125,18,3,98
BRDA:125,18,4,98
BRDA:125,18,5,95
BRDA:125,18,6,95
BRDA:146,19,0,36
BRDA:146,19,1,36
BRDA:146,19,2,36
BRDA:146,19,3,36
BRDA:146,19,4,36
BRDA:164,20,0,36
BRDA:164,20,1,36
BRDA:164,20,2,36
BRDA:177,21,0,36
BRDA:177,21,1,36
BRDA:177,21,2,36
BRDA:221,22,0,0
BRDA:221,22,1,0
BRDA:221,22,2,0
BRDA:221,22,3,0
BRDA:232,23,0,3
BRDA:232,23,1,64
BRDA:234,24,0,1
BRDA:234,24,1,63
BRDA:236,25,0,27
BRDA:236,25,1,36
BRDA:239,26,0,0
BRDA:239,26,1,36
BRDA:242,27,0,0
BRDA:242,27,1,36
BRDA:245,28,0,0
BRDA:245,28,1,36
BRDA:248,29,0,0
BRDA:248,29,1,36
BRDA:248,30,0,36
BRDA:248,30,1,0
BRDA:251,31,0,0
BRDA:251,31,1,36
BRDA:251,32,0,36
BRDA:251,32,1,0
BRDA:254,33,0,0
BRDA:254,33,1,36
BRDA:254,34,0,36
BRDA:254,34,1,0
BRDA:257,35,0,0
BRDA:257,35,1,36
BRDA:260,36,0,0
BRDA:260,36,1,36
BRDA:263,37,0,0
BRDA:263,37,1,36
BRDA:266,38,0,0
BRDA:266,38,1,36
BRDA:269,39,0,0
BRDA:269,39,1,36
BRDA:277,40,0,0
BRDA:277,40,1,0
BRDA:277,41,0,0
BRDA:277,41,1,0
BRDA:282,42,0,36
BRDA:282,42,1,0
BRDA:291,43,0,0
BRDA:291,43,1,36
BRDA:291,44,0,36
BRDA:291,44,1,36
BRDA:293,45,0,0
BRDA:293,45,1,0
BRDA:293,46,0,0
BRDA:293,46,1,0
BRDA:299,47,0,0
BRDA:299,47,1,36
BRDA:299,48,0,36
BRDA:299,48,1,36
BRDA:311,49,0,1
BRDA:311,49,1,2
BRDA:314,50,0,2
BRDA:314,50,1,0
BRDA:316,51,0,0
BRDA:316,51,1,0
BRDA:325,52,0,0
BRDA:325,52,1,2
BRDA:327,53,0,1
BRDA:327,53,1,1
BRDA:327,54,0,2
BRDA:327,54,1,1
BRDA:328,55,0,0
BRDA:328,55,1,1
BRDA:328,56,0,1
BRDA:328,56,1,0
BRDA:328,57,0,0
BRDA:328,57,1,0
BRDA:328,58,0,0
BRDA:328,58,1,0
BRDA:331,59,0,0
BRDA:331,59,1,1
BRDA:334,60,0,0
BRDA:334,60,1,1
BRDA:346,61,0,1
BRDA:346,61,1,7
BRDA:348,62,0,7
BRDA:348,62,1,0
BRDA:348,63,0,7
BRDA:348,63,1,7
BRDA:349,64,0,0
BRDA:349,64,1,7
BRDA:349,65,0,7
BRDA:349,65,1,0
BRDA:354,66,0,7
BRDA:354,66,1,0
BRDA:357,67,0,0
BRDA:357,67,1,7
BRDA:369,68,0,0
BRDA:369,68,1,0
BRDA:392,69,0,0
BRDA:392,69,1,0
BRDA:394,70,0,0
BRDA:394,70,1,0
BRDA:394,71,0,0
BRDA:394,71,1,0
BRDA:395,72,0,0
BRDA:395,72,1,0
BRDA:395,73,0,0
BRDA:395,73,1,0
BRDA:398,74,0,0
BRDA:398,74,1,0
BRDA:401,75,0,0
BRDA:401,75,1,0
BRF:164
BRH:95
end_of_record
