TN:
SF:src/context.ts
FN:67,(anonymous_0)
FN:70,(anonymous_1)
FN:79,(anonymous_2)
FN:90,(anonymous_3)
FN:97,(anonymous_4)
FN:104,(anonymous_5)
FN:53,(anonymous_6)
FN:60,(anonymous_7)
FN:117,(anonymous_8)
FN:129,(anonymous_9)
FN:146,(anonymous_10)
FN:149,(anonymous_11)
FN:158,(anonymous_12)
FN:175,(anonymous_13)
FN:187,(anonymous_14)
FN:200,(anonymous_15)
FN:215,(anonymous_16)
FN:223,(anonymous_17)
FNF:18
FNH:18
FNDA:9,(anonymous_0)
FNDA:160,(anonymous_1)
FNDA:7,(anonymous_2)
FNDA:3,(anonymous_3)
FNDA:2,(anonymous_4)
FNDA:6,(anonymous_5)
FNDA:12,(anonymous_6)
FNDA:25,(anonymous_7)
FNDA:1,(anonymous_8)
FNDA:1,(anonymous_9)
FNDA:2,(anonymous_10)
FNDA:2,(anonymous_11)
FNDA:5,(anonymous_12)
FNDA:1,(anonymous_13)
FNDA:2,(anonymous_14)
FNDA:6,(anonymous_15)
FNDA:5,(anonymous_16)
FNDA:2,(anonymous_17)
DA:4,1
DA:5,1
DA:7,1
DA:14,1
DA:52,1
DA:54,12
DA:55,3
DA:57,9
DA:61,25
DA:68,9
DA:69,9
DA:71,160
DA:73,145
DA:74,99
DA:76,46
DA:80,7
DA:81,2
DA:82,2
DA:83,5
DA:84,1
DA:86,4
DA:87,4
DA:91,3
DA:92,1
DA:94,2
DA:98,2
DA:99,1
DA:101,1
DA:105,6
DA:108,9
DA:118,1
DA:119,1
DA:120,1
DA:121,1
DA:130,1
DA:131,1
DA:132,1
DA:133,1
DA:134,1
DA:135,1
DA:137,1
DA:147,2
DA:150,2
DA:159,5
DA:160,2
DA:165,3
DA:176,1
DA:177,1
DA:178,1
DA:188,2
DA:189,2
DA:190,2
DA:201,6
DA:202,6
DA:203,10
DA:204,10
DA:207,6
DA:217,5
DA:224,2
LF:59
LH:59
BRDA:71,0,0,15
BRDA:71,0,1,145
BRDA:73,1,0,99
BRDA:73,1,1,46
BRDA:80,2,0,2
BRDA:80,2,1,5
BRDA:83,3,0,1
BRDA:83,3,1,4
BRDA:91,4,0,1
BRDA:91,4,1,2
BRDA:98,5,0,1
BRDA:98,5,1,1
BRDA:54,6,0,3
BRDA:54,6,1,9
BRDA:131,7,0,1
BRDA:131,7,1,0
BRDA:133,8,0,1
BRDA:133,8,1,0
BRDA:159,9,0,2
BRDA:159,9,1,3
BRDA:159,10,0,5
BRDA:159,10,1,5
BRDA:161,11,0,2
BRDA:161,11,1,0
BRDA:188,12,0,2
BRDA:188,12,1,0
BRDA:203,13,0,10
BRDA:203,13,1,0
BRF:28
BRH:23
end_of_record
TN:
SF:src/stage.ts
FN:54,(anonymous_0)
FN:84,(anonymous_1)
FN:88,(anonymous_2)
FN:92,(anonymous_3)
FN:104,(anonymous_4)
FN:111,(anonymous_5)
FN:113,(anonymous_6)
FN:114,(anonymous_7)
FN:122,(anonymous_8)
FN:146,(anonymous_9)
FN:156,(anonymous_10)
FN:169,(anonymous_11)
FN:183,(anonymous_12)
FN:187,(anonymous_13)
FN:188,(anonymous_14)
FN:242,(anonymous_15)
FN:247,(anonymous_16)
FN:254,(anonymous_17)
FN:263,(anonymous_18)
FN:267,(anonymous_19)
FN:273,(anonymous_20)
FN:278,(anonymous_21)
FN:292,(anonymous_22)
FN:305,ensure_execute_params
FN:322,isAsync
FNF:25
FNH:1
FNDA:5,(anonymous_0)
FNDA:0,(anonymous_1)
FNDA:0,(anonymous_2)
FNDA:0,(anonymous_3)
FNDA:0,(anonymous_4)
FNDA:0,(anonymous_5)
FNDA:0,(anonymous_6)
FNDA:0,(anonymous_7)
FNDA:0,(anonymous_8)
FNDA:0,(anonymous_9)
FNDA:0,(anonymous_10)
FNDA:0,(anonymous_11)
FNDA:0,(anonymous_12)
FNDA:0,(anonymous_13)
FNDA:0,(anonymous_14)
FNDA:0,(anonymous_15)
FNDA:0,(anonymous_16)
FNDA:0,(anonymous_17)
FNDA:0,(anonymous_18)
FNDA:0,(anonymous_19)
FNDA:0,(anonymous_20)
FNDA:0,(anonymous_21)
FNDA:0,(anonymous_22)
FNDA:0,ensure_execute_params
FNDA:0,isAsync
DA:49,1
DA:57,5
DA:58,5
DA:59,1
DA:60,4
DA:61,4
DA:62,0
DA:63,0
DA:64,0
DA:65,0
DA:66,0
DA:67,0
DA:68,0
DA:69,0
DA:70,0
DA:73,5
DA:74,4
DA:76,4
DA:77,1
DA:79,3
DA:85,0
DA:89,0
DA:97,0
DA:98,0
DA:100,0
DA:109,0
DA:110,0
DA:111,0
DA:113,0
DA:114,0
DA:116,0
DA:117,0
DA:118,0
DA:127,0
DA:128,0
DA:131,0
DA:132,0
DA:134,0
DA:135,0
DA:138,0
DA:139,0
DA:142,0
DA:143,0
DA:146,0
DA:147,0
DA:149,0
DA:152,0
DA:161,0
DA:162,0
DA:164,0
DA:174,0
DA:180,0
DA:184,0
DA:188,0
DA:189,0
DA:192,0
DA:195,0
DA:196,0
DA:197,0
DA:198,0
DA:200,0
DA:202,0
DA:204,0
DA:205,0
DA:206,0
DA:208,0
DA:209,0
DA:211,0
DA:213,0
DA:215,0
DA:216,0
DA:217,0
DA:219,0
DA:221,0
DA:223,0
DA:225,0
DA:226,0
DA:228,0
DA:230,0
DA:232,0
DA:234,0
DA:243,0
DA:245,0
DA:247,0
DA:248,0
DA:250,0
DA:252,0
DA:255,0
DA:263,0
DA:264,0
DA:267,0
DA:268,0
DA:274,0
DA:275,0
DA:276,0
DA:277,0
DA:278,0
DA:279,0
DA:282,0
DA:285,0
DA:288,0
DA:293,0
DA:294,0
DA:295,0
DA:297,0
DA:300,0
DA:310,0
DA:311,0
DA:312,0
DA:313,0
DA:314,0
DA:315,0
DA:316,0
DA:317,0
DA:319,0
DA:322,1
DA:323,0
LF:117
LH:12
BRDA:58,0,0,1
BRDA:58,0,1,4
BRDA:60,1,0,4
BRDA:60,1,1,0
BRDA:62,2,0,0
BRDA:62,2,1,0
BRDA:63,3,0,0
BRDA:63,3,1,0
BRDA:64,4,0,0
BRDA:64,4,1,0
BRDA:65,5,0,0
BRDA:65,5,1,0
BRDA:66,6,0,0
BRDA:66,6,1,0
BRDA:67,7,0,0
BRDA:67,7,1,0
BRDA:67,8,0,0
BRDA:67,8,1,0
BRDA:69,9,0,0
BRDA:69,9,1,0
BRDA:70,10,0,0
BRDA:70,10,1,0
BRDA:73,11,0,4
BRDA:73,11,1,1
BRDA:73,12,0,5
BRDA:73,12,1,4
BRDA:76,13,0,1
BRDA:76,13,1,3
BRDA:76,14,0,4
BRDA:76,14,1,1
BRDA:85,15,0,0
BRDA:85,15,1,0
BRDA:97,16,0,0
BRDA:97,16,1,0
BRDA:109,17,0,0
BRDA:109,17,1,0
BRDA:111,18,0,0
BRDA:111,18,1,0
BRDA:113,19,0,0
BRDA:113,19,1,0
BRDA:116,20,0,0
BRDA:116,20,1,0
BRDA:127,21,0,0
BRDA:127,21,1,0
BRDA:127,22,0,0
BRDA:127,22,1,0
BRDA:128,23,0,0
BRDA:128,23,1,0
BRDA:131,24,0,0
BRDA:131,24,1,0
BRDA:133,25,0,0
BRDA:133,25,1,0
BRDA:133,25,2,0
BRDA:133,25,3,0
BRDA:133,25,4,0
BRDA:161,26,0,0
BRDA:161,26,1,0
BRDA:194,27,0,0
BRDA:194,27,1,0
BRDA:194,27,2,0
BRDA:194,27,3,0
BRDA:194,27,4,0
BRDA:195,28,0,0
BRDA:195,28,1,0
BRDA:204,29,0,0
BRDA:204,29,1,0
BRDA:215,30,0,0
BRDA:215,30,1,0
BRDA:243,31,0,0
BRDA:243,31,1,0
BRDA:246,32,0,0
BRDA:246,32,1,0
BRDA:246,32,2,0
BRDA:256,33,0,0
BRDA:256,33,1,0
BRDA:274,34,0,0
BRDA:274,34,1,0
BRDA:275,35,0,0
BRDA:275,35,1,0
BRDA:277,36,0,0
BRDA:277,36,1,0
BRDA:293,37,0,0
BRDA:293,37,1,0
BRDA:294,38,0,0
BRDA:294,38,1,0
BRDA:310,39,0,0
BRDA:310,39,1,0
BRDA:314,40,0,0
BRDA:314,40,1,0
BRDA:314,41,0,0
BRDA:314,41,1,0
BRDA:323,42,0,0
BRDA:323,42,1,0
BRDA:323,43,0,0
BRDA:323,43,1,0
BRDA:323,44,0,0
BRDA:323,44,1,0
BRDA:323,45,0,0
BRDA:323,45,1,0
BRF:99
BRH:11
end_of_record
TN:
SF:src/util.ts
FN:5,(anonymous_0)
FN:20,(anonymous_1)
FN:33,failproofSyncCall
FN:34,(anonymous_3)
FN:61,failproofAsyncCall
FN:62,(anonymous_5)
FN:91,extractType
FN:103,clone
FNF:8
FNH:2
FNDA:0,(anonymous_0)
FNDA:0,(anonymous_1)
FNDA:0,failproofSyncCall
FNDA:0,(anonymous_3)
FNDA:0,failproofAsyncCall
FNDA:0,(anonymous_5)
FNDA:16,extractType
FNDA:16,clone
DA:4,1
DA:5,1
DA:6,0
DA:13,0
DA:14,0
DA:15,0
DA:18,0
DA:20,1
DA:21,0
DA:22,0
DA:34,0
DA:35,0
DA:36,0
DA:37,0
DA:38,0
DA:40,0
DA:41,0
DA:43,0
DA:44,0
DA:47,0
DA:56,1
DA:62,0
DA:63,0
DA:64,0
DA:65,0
DA:67,0
DA:74,0
DA:83,1
DA:92,16
DA:93,16
DA:103,1
DA:104,16
DA:105,16
DA:109,14
DA:111,0
DA:113,0
DA:115,2
DA:116,0
DA:118,2
DA:119,2
DA:120,2
DA:121,6
DA:123,2
DA:125,0
DA:128,0
DA:130,0
DA:131,0
DA:132,0
DA:134,0
DA:137,0
LF:50
LH:17
BRDA:6,0,0,0
BRDA:6,0,1,0
BRDA:7,1,0,0
BRDA:7,1,1,0
BRDA:7,1,2,0
BRDA:7,1,3,0
BRDA:7,1,4,0
BRDA:14,2,0,0
BRDA:14,2,1,0
BRDA:14,3,0,0
BRDA:14,3,1,0
BRDA:41,4,0,0
BRDA:41,4,1,0
BRDA:43,5,0,0
BRDA:43,5,1,0
BRDA:69,6,0,0
BRDA:69,6,1,0
BRDA:70,7,0,0
BRDA:70,7,1,0
BRDA:106,8,0,0
BRDA:106,8,1,14
BRDA:106,8,2,14
BRDA:106,8,3,0
BRDA:106,8,4,0
BRDA:106,8,5,2
BRDA:106,8,6,0
BRDA:106,8,7,0
BRDA:106,8,8,0
BRDA:106,8,9,0
BRDA:115,9,0,0
BRDA:115,9,1,2
BRDA:118,10,0,2
BRDA:118,10,1,0
BRDA:125,11,0,0
BRDA:125,11,1,0
BRF:35
BRH:5
end_of_record
